PREHOOK: query: CREATE TABLE src_txn stored as orc TBLPROPERTIES ('transactional' = 'true')
AS SELECT * FROM src
PREHOOK: type: CREATETABLE_AS_SELECT
PREHOOK: Input: default@src
PREHOOK: Output: database:default
PREHOOK: Output: default@src_txn
POSTHOOK: query: CREATE TABLE src_txn stored as orc TBLPROPERTIES ('transactional' = 'true')
AS SELECT * FROM src
POSTHOOK: type: CREATETABLE_AS_SELECT
POSTHOOK: Input: default@src
POSTHOOK: Output: database:default
POSTHOOK: Output: default@src_txn
POSTHOOK: Lineage: src_txn.key SIMPLE [(src)src.FieldSchema(name:key, type:string, comment:default), ]
POSTHOOK: Lineage: src_txn.value SIMPLE [(src)src.FieldSchema(name:value, type:string, comment:default), ]
PREHOOK: query: EXPLAIN
CREATE MATERIALIZED VIEW partition_mv_1 AS
SELECT value, key FROM src_txn where key > 200 and key < 250
PREHOOK: type: CREATE_MATERIALIZED_VIEW
POSTHOOK: query: EXPLAIN
CREATE MATERIALIZED VIEW partition_mv_1 AS
SELECT value, key FROM src_txn where key > 200 and key < 250
POSTHOOK: type: CREATE_MATERIALIZED_VIEW
STAGE DEPENDENCIES:
  Stage-1 is a root stage
  Stage-2 depends on stages: Stage-1
  Stage-4 depends on stages: Stage-2, Stage-0
  Stage-3 depends on stages: Stage-4
  Stage-5 depends on stages: Stage-3
  Stage-0 depends on stages: Stage-1

STAGE PLANS:
  Stage: Stage-1
    Tez
#### A masked pattern was here ####
      Vertices:
        Map 1 
            Map Operator Tree:
                TableScan
                  alias: src_txn
                  filterExpr: ((UDFToDouble(key) > 200.0D) and (UDFToDouble(key) < 250.0D)) (type: boolean)
                  Statistics: Num rows: 500 Data size: 175168 Basic stats: COMPLETE Column stats: NONE
                  Filter Operator
                    predicate: ((UDFToDouble(key) < 250.0D) and (UDFToDouble(key) > 200.0D)) (type: boolean)
                    Statistics: Num rows: 55 Data size: 19268 Basic stats: COMPLETE Column stats: NONE
                    Select Operator
                      expressions: value (type: string), key (type: string)
                      outputColumnNames: _col0, _col1
                      Statistics: Num rows: 55 Data size: 19268 Basic stats: COMPLETE Column stats: NONE
                      File Output Operator
                        compressed: false
                        Statistics: Num rows: 55 Data size: 19268 Basic stats: COMPLETE Column stats: NONE
                        table:
                            input format: org.apache.hadoop.hive.ql.io.orc.OrcInputFormat
                            output format: org.apache.hadoop.hive.ql.io.orc.OrcOutputFormat
                            serde: org.apache.hadoop.hive.ql.io.orc.OrcSerde
                            name: default.partition_mv_1
            Execution mode: vectorized, llap
            LLAP IO: may be used (ACID table)

  Stage: Stage-2
    Dependency Collection

  Stage: Stage-4
      Create View Operator:
        Create View
          columns: value string, key string
          expanded text: SELECT `src_txn`.`value`, `src_txn`.`key` FROM `default`.`src_txn` where `src_txn`.`key` > 200 and `src_txn`.`key` < 250
          name: default.partition_mv_1
          original text: SELECT value, key FROM src_txn where key > 200 and key < 250
          rewrite enabled: true

  Stage: Stage-3
    Stats Work
      Basic Stats Work:

  Stage: Stage-5
    Materialized View Work

  Stage: Stage-0
    Move Operator
      files:
          hdfs directory: true
#### A masked pattern was here ####

PREHOOK: query: CREATE MATERIALIZED VIEW partition_mv_1 AS
SELECT value, key FROM src_txn where key > 200 and key < 250
PREHOOK: type: CREATE_MATERIALIZED_VIEW
PREHOOK: Input: default@src_txn
PREHOOK: Output: database:default
PREHOOK: Output: default@partition_mv_1
POSTHOOK: query: CREATE MATERIALIZED VIEW partition_mv_1 AS
SELECT value, key FROM src_txn where key > 200 and key < 250
POSTHOOK: type: CREATE_MATERIALIZED_VIEW
POSTHOOK: Input: default@src_txn
POSTHOOK: Output: database:default
POSTHOOK: Output: default@partition_mv_1
PREHOOK: query: DESCRIBE FORMATTED partition_mv_1
PREHOOK: type: DESCTABLE
PREHOOK: Input: default@partition_mv_1
POSTHOOK: query: DESCRIBE FORMATTED partition_mv_1
POSTHOOK: type: DESCTABLE
POSTHOOK: Input: default@partition_mv_1
# col_name            	data_type           	comment             
value               	string              	                    
key                 	string              	                    
	 	 
# Detailed Table Information	 	 
Database:           	default             	 
#### A masked pattern was here ####
Retention:          	0                   	 
#### A masked pattern was here ####
Table Type:         	MATERIALIZED_VIEW   	 
Table Parameters:	 	 
	COLUMN_STATS_ACCURATE	{\"BASIC_STATS\":\"true\"}
	bucketing_version   	2                   
	numFiles            	1                   
	numRows             	55                  
	rawDataSize         	9790                
	totalSize           	599                 
#### A masked pattern was here ####
	 	 
# Storage Information	 	 
SerDe Library:      	org.apache.hadoop.hive.ql.io.orc.OrcSerde	 
InputFormat:        	org.apache.hadoop.hive.ql.io.orc.OrcInputFormat	 
OutputFormat:       	org.apache.hadoop.hive.ql.io.orc.OrcOutputFormat	 
Compressed:         	No                  	 
Num Buckets:        	-1                  	 
Bucket Columns:     	[]                  	 
Sort Columns:       	[]                  	 
	 	 
# View Information	 	 
View Original Text: 	SELECT value, key FROM src_txn where key > 200 and key < 250	 
View Expanded Text: 	SELECT `src_txn`.`value`, `src_txn`.`key` FROM `default`.`src_txn` where `src_txn`.`key` > 200 and `src_txn`.`key` < 250	 
View Rewrite Enabled:	Yes                 	 
PREHOOK: query: EXPLAIN
SELECT * FROM partition_mv_1 where key = 238
PREHOOK: type: QUERY
POSTHOOK: query: EXPLAIN
SELECT * FROM partition_mv_1 where key = 238
POSTHOOK: type: QUERY
STAGE DEPENDENCIES:
  Stage-0 is a root stage

STAGE PLANS:
  Stage: Stage-0
    Fetch Operator
      limit: -1
      Processor Tree:
        TableScan
          alias: partition_mv_1
          filterExpr: (UDFToDouble(key) = 238.0D) (type: boolean)
          Filter Operator
            predicate: (UDFToDouble(key) = 238.0D) (type: boolean)
            Select Operator
              expressions: value (type: string), key (type: string)
              outputColumnNames: _col0, _col1
              ListSink

PREHOOK: query: SELECT * FROM partition_mv_1 where key = 238
PREHOOK: type: QUERY
PREHOOK: Input: default@partition_mv_1
#### A masked pattern was here ####
POSTHOOK: query: SELECT * FROM partition_mv_1 where key = 238
POSTHOOK: type: QUERY
POSTHOOK: Input: default@partition_mv_1
#### A masked pattern was here ####
val_238	238
val_238	238
PREHOOK: query: CREATE MATERIALIZED VIEW partition_mv_2 AS
SELECT key, value FROM src_txn where key > 200 and key < 250
PREHOOK: type: CREATE_MATERIALIZED_VIEW
PREHOOK: Input: default@src_txn
PREHOOK: Output: database:default
PREHOOK: Output: default@partition_mv_2
POSTHOOK: query: CREATE MATERIALIZED VIEW partition_mv_2 AS
SELECT key, value FROM src_txn where key > 200 and key < 250
POSTHOOK: type: CREATE_MATERIALIZED_VIEW
POSTHOOK: Input: default@src_txn
POSTHOOK: Output: database:default
POSTHOOK: Output: default@partition_mv_2
PREHOOK: query: EXPLAIN
SELECT * FROM partition_mv_2 where value = 'val_238'
PREHOOK: type: QUERY
POSTHOOK: query: EXPLAIN
SELECT * FROM partition_mv_2 where value = 'val_238'
POSTHOOK: type: QUERY
STAGE DEPENDENCIES:
  Stage-0 is a root stage

STAGE PLANS:
  Stage: Stage-0
    Fetch Operator
      limit: -1
      Processor Tree:
        TableScan
          alias: partition_mv_2
          filterExpr: (value = 'val_238') (type: boolean)
          Filter Operator
            predicate: (value = 'val_238') (type: boolean)
            Select Operator
              expressions: key (type: string), 'val_238' (type: string)
              outputColumnNames: _col0, _col1
              ListSink

PREHOOK: query: SELECT * FROM partition_mv_2 where value = 'val_238'
PREHOOK: type: QUERY
PREHOOK: Input: default@partition_mv_2
#### A masked pattern was here ####
POSTHOOK: query: SELECT * FROM partition_mv_2 where value = 'val_238'
POSTHOOK: type: QUERY
POSTHOOK: Input: default@partition_mv_2
#### A masked pattern was here ####
238	val_238
238	val_238
PREHOOK: query: EXPLAIN
SELECT value FROM partition_mv_2 where key = 238
PREHOOK: type: QUERY
POSTHOOK: query: EXPLAIN
SELECT value FROM partition_mv_2 where key = 238
POSTHOOK: type: QUERY
STAGE DEPENDENCIES:
  Stage-0 is a root stage

STAGE PLANS:
  Stage: Stage-0
    Fetch Operator
      limit: -1
      Processor Tree:
        TableScan
          alias: partition_mv_2
          filterExpr: (UDFToDouble(key) = 238.0D) (type: boolean)
          Filter Operator
            predicate: (UDFToDouble(key) = 238.0D) (type: boolean)
            Select Operator
              expressions: value (type: string)
              outputColumnNames: _col0
              ListSink

PREHOOK: query: SELECT value FROM partition_mv_2 where key = 238
PREHOOK: type: QUERY
PREHOOK: Input: default@partition_mv_2
#### A masked pattern was here ####
POSTHOOK: query: SELECT value FROM partition_mv_2 where key = 238
POSTHOOK: type: QUERY
POSTHOOK: Input: default@partition_mv_2
#### A masked pattern was here ####
val_238
val_238
PREHOOK: query: INSERT INTO src_txn VALUES (238, 'val_238_n')
PREHOOK: type: QUERY
PREHOOK: Input: _dummy_database@_dummy_table
PREHOOK: Output: default@src_txn
POSTHOOK: query: INSERT INTO src_txn VALUES (238, 'val_238_n')
POSTHOOK: type: QUERY
POSTHOOK: Input: _dummy_database@_dummy_table
POSTHOOK: Output: default@src_txn
POSTHOOK: Lineage: src_txn.key SCRIPT []
POSTHOOK: Lineage: src_txn.value SCRIPT []
PREHOOK: query: EXPLAIN
ALTER MATERIALIZED VIEW partition_mv_1 REBUILD
PREHOOK: type: QUERY
POSTHOOK: query: EXPLAIN
ALTER MATERIALIZED VIEW partition_mv_1 REBUILD
POSTHOOK: type: QUERY
STAGE DEPENDENCIES:
  Stage-1 is a root stage
  Stage-2 depends on stages: Stage-1
  Stage-0 depends on stages: Stage-2
  Stage-3 depends on stages: Stage-0
  Stage-4 depends on stages: Stage-3

STAGE PLANS:
  Stage: Stage-1
    Tez
#### A masked pattern was here ####
      Edges:
        Reducer 2 <- Map 1 (CUSTOM_SIMPLE_EDGE)
#### A masked pattern was here ####
      Vertices:
        Map 1 
            Map Operator Tree:
                TableScan
                  alias: src_txn
                  filterExpr: ((ROW__ID.writeid > 1) and (UDFToDouble(key) > 200.0D) and (UDFToDouble(key) < 250.0D)) (type: boolean)
                  Statistics: Num rows: 501 Data size: 175536 Basic stats: COMPLETE Column stats: NONE
                  Filter Operator
                    predicate: ((ROW__ID.writeid > 1) and (UDFToDouble(key) < 250.0D) and (UDFToDouble(key) > 200.0D)) (type: boolean)
                    Statistics: Num rows: 18 Data size: 6306 Basic stats: COMPLETE Column stats: NONE
                    Select Operator
                      expressions: value (type: string), key (type: string)
                      outputColumnNames: _col0, _col1
                      Statistics: Num rows: 18 Data size: 6306 Basic stats: COMPLETE Column stats: NONE
                      File Output Operator
                        compressed: false
                        Statistics: Num rows: 18 Data size: 6306 Basic stats: COMPLETE Column stats: NONE
                        table:
                            input format: org.apache.hadoop.hive.ql.io.orc.OrcInputFormat
                            output format: org.apache.hadoop.hive.ql.io.orc.OrcOutputFormat
                            serde: org.apache.hadoop.hive.ql.io.orc.OrcSerde
                            name: default.partition_mv_1
                      Select Operator
                        expressions: _col0 (type: string), _col1 (type: string)
                        outputColumnNames: value, key
                        Statistics: Num rows: 18 Data size: 6306 Basic stats: COMPLETE Column stats: NONE
                        Group By Operator
                          aggregations: compute_stats(value, 'hll'), compute_stats(key, 'hll')
                          mode: hash
                          outputColumnNames: _col0, _col1
                          Statistics: Num rows: 1 Data size: 1248 Basic stats: COMPLETE Column stats: NONE
                          Reduce Output Operator
                            sort order: 
                            Statistics: Num rows: 1 Data size: 1248 Basic stats: COMPLETE Column stats: NONE
                            value expressions: _col0 (type: struct<columntype:string,maxlength:bigint,sumlength:bigint,count:bigint,countnulls:bigint,bitvector:binary>), _col1 (type: struct<columntype:string,maxlength:bigint,sumlength:bigint,count:bigint,countnulls:bigint,bitvector:binary>)
            Execution mode: llap
            LLAP IO: may be used (ACID table)
        Reducer 2 
            Execution mode: llap
            Reduce Operator Tree:
              Group By Operator
                aggregations: compute_stats(VALUE._col0), compute_stats(VALUE._col1)
                mode: mergepartial
                outputColumnNames: _col0, _col1
                Statistics: Num rows: 1 Data size: 1248 Basic stats: COMPLETE Column stats: NONE
                File Output Operator
                  compressed: false
                  Statistics: Num rows: 1 Data size: 1248 Basic stats: COMPLETE Column stats: NONE
                  table:
                      input format: org.apache.hadoop.mapred.SequenceFileInputFormat
                      output format: org.apache.hadoop.hive.ql.io.HiveSequenceFileOutputFormat
                      serde: org.apache.hadoop.hive.serde2.lazy.LazySimpleSerDe

  Stage: Stage-2
    Dependency Collection

  Stage: Stage-0
    Move Operator
      tables:
          replace: false
          table:
              input format: org.apache.hadoop.hive.ql.io.orc.OrcInputFormat
              output format: org.apache.hadoop.hive.ql.io.orc.OrcOutputFormat
              serde: org.apache.hadoop.hive.ql.io.orc.OrcSerde
              name: default.partition_mv_1

  Stage: Stage-3
    Stats Work
      Basic Stats Work:
      Column Stats Desc:
          Columns: value, key
          Column Types: string, string
          Table: default.partition_mv_1

  Stage: Stage-4
    Materialized View Work

PREHOOK: query: ALTER MATERIALIZED VIEW partition_mv_1 REBUILD
PREHOOK: type: QUERY
PREHOOK: Input: default@src_txn
PREHOOK: Output: default@partition_mv_1
POSTHOOK: query: ALTER MATERIALIZED VIEW partition_mv_1 REBUILD
POSTHOOK: type: QUERY
POSTHOOK: Input: default@src_txn
POSTHOOK: Output: default@partition_mv_1
POSTHOOK: Lineage: partition_mv_1.key SIMPLE [(src_txn)src_txn.FieldSchema(name:key, type:string, comment:null), ]
POSTHOOK: Lineage: partition_mv_1.value SIMPLE [(src_txn)src_txn.FieldSchema(name:value, type:string, comment:null), ]
PREHOOK: query: SELECT * FROM partition_mv_1 where key = 238
PREHOOK: type: QUERY
PREHOOK: Input: default@partition_mv_1
#### A masked pattern was here ####
POSTHOOK: query: SELECT * FROM partition_mv_1 where key = 238
POSTHOOK: type: QUERY
POSTHOOK: Input: default@partition_mv_1
#### A masked pattern was here ####
val_238	238
val_238	238
PREHOOK: query: SELECT * FROM partition_mv_2 where key = 238
PREHOOK: type: QUERY
PREHOOK: Input: default@partition_mv_2
#### A masked pattern was here ####
POSTHOOK: query: SELECT * FROM partition_mv_2 where key = 238
POSTHOOK: type: QUERY
POSTHOOK: Input: default@partition_mv_2
#### A masked pattern was here ####
238	val_238
238	val_238
PREHOOK: query: CREATE TABLE src_txn_2 stored as orc TBLPROPERTIES ('transactional' = 'true')
AS SELECT * FROM src
PREHOOK: type: CREATETABLE_AS_SELECT
PREHOOK: Input: default@src
PREHOOK: Output: database:default
PREHOOK: Output: default@src_txn_2
POSTHOOK: query: CREATE TABLE src_txn_2 stored as orc TBLPROPERTIES ('transactional' = 'true')
AS SELECT * FROM src
POSTHOOK: type: CREATETABLE_AS_SELECT
POSTHOOK: Input: default@src
POSTHOOK: Output: database:default
POSTHOOK: Output: default@src_txn_2
POSTHOOK: Lineage: src_txn_2.key SIMPLE [(src)src.FieldSchema(name:key, type:string, comment:default), ]
POSTHOOK: Lineage: src_txn_2.value SIMPLE [(src)src.FieldSchema(name:value, type:string, comment:default), ]
PREHOOK: query: CREATE MATERIALIZED VIEW partition_mv_3 AS
SELECT src_txn.value, src_txn.key FROM src_txn, src_txn_2
WHERE src_txn.key = src_txn_2.key
  AND src_txn.key > 200 AND src_txn.key < 250
PREHOOK: type: CREATE_MATERIALIZED_VIEW
PREHOOK: Input: default@src_txn
PREHOOK: Input: default@src_txn_2
PREHOOK: Output: database:default
PREHOOK: Output: default@partition_mv_3
POSTHOOK: query: CREATE MATERIALIZED VIEW partition_mv_3 AS
SELECT src_txn.value, src_txn.key FROM src_txn, src_txn_2
WHERE src_txn.key = src_txn_2.key
  AND src_txn.key > 200 AND src_txn.key < 250
POSTHOOK: type: CREATE_MATERIALIZED_VIEW
POSTHOOK: Input: default@src_txn
POSTHOOK: Input: default@src_txn_2
POSTHOOK: Output: database:default
POSTHOOK: Output: default@partition_mv_3
PREHOOK: query: INSERT INTO src_txn VALUES (238, 'val_238_n2')
PREHOOK: type: QUERY
PREHOOK: Input: _dummy_database@_dummy_table
PREHOOK: Output: default@src_txn
POSTHOOK: query: INSERT INTO src_txn VALUES (238, 'val_238_n2')
POSTHOOK: type: QUERY
POSTHOOK: Input: _dummy_database@_dummy_table
POSTHOOK: Output: default@src_txn
POSTHOOK: Lineage: src_txn.key SCRIPT []
POSTHOOK: Lineage: src_txn.value SCRIPT []
PREHOOK: query: EXPLAIN
ALTER MATERIALIZED VIEW partition_mv_3 REBUILD
PREHOOK: type: QUERY
POSTHOOK: query: EXPLAIN
ALTER MATERIALIZED VIEW partition_mv_3 REBUILD
POSTHOOK: type: QUERY
STAGE DEPENDENCIES:
  Stage-1 is a root stage
  Stage-2 depends on stages: Stage-1
  Stage-0 depends on stages: Stage-2
  Stage-3 depends on stages: Stage-0
  Stage-4 depends on stages: Stage-3

STAGE PLANS:
  Stage: Stage-1
    Tez
#### A masked pattern was here ####
      Edges:
        Reducer 2 <- Map 1 (SIMPLE_EDGE), Map 4 (SIMPLE_EDGE)
        Reducer 3 <- Reducer 2 (CUSTOM_SIMPLE_EDGE)
#### A masked pattern was here ####
      Vertices:
        Map 1 
            Map Operator Tree:
                TableScan
                  alias: src_txn
                  filterExpr: ((UDFToDouble(key) > 200.0D) and (UDFToDouble(key) < 250.0D) and (ROW__ID.writeid > 2)) (type: boolean)
                  Statistics: Num rows: 502 Data size: 175904 Basic stats: COMPLETE Column stats: NONE
                  Filter Operator
                    predicate: ((ROW__ID.writeid > 2) and (UDFToDouble(key) < 250.0D) and (UDFToDouble(key) > 200.0D)) (type: boolean)
                    Statistics: Num rows: 18 Data size: 6307 Basic stats: COMPLETE Column stats: NONE
                    Select Operator
                      expressions: key (type: string), value (type: string)
                      outputColumnNames: _col0, _col1
                      Statistics: Num rows: 18 Data size: 6307 Basic stats: COMPLETE Column stats: NONE
                      Reduce Output Operator
                        key expressions: _col0 (type: string)
                        sort order: +
                        Map-reduce partition columns: _col0 (type: string)
                        Statistics: Num rows: 18 Data size: 6307 Basic stats: COMPLETE Column stats: NONE
                        value expressions: _col1 (type: string)
            Execution mode: vectorized, llap
            LLAP IO: may be used (ACID table)
        Map 4 
            Map Operator Tree:
                TableScan
                  alias: src_txn_2
                  filterExpr: ((UDFToDouble(key) > 200.0D) and (UDFToDouble(key) < 250.0D)) (type: boolean)
                  Statistics: Num rows: 500 Data size: 87584 Basic stats: COMPLETE Column stats: NONE
                  Filter Operator
                    predicate: ((UDFToDouble(key) < 250.0D) and (UDFToDouble(key) > 200.0D)) (type: boolean)
                    Statistics: Num rows: 55 Data size: 9634 Basic stats: COMPLETE Column stats: NONE
                    Select Operator
                      expressions: key (type: string)
                      outputColumnNames: _col0
                      Statistics: Num rows: 55 Data size: 9634 Basic stats: COMPLETE Column stats: NONE
                      Reduce Output Operator
                        key expressions: _col0 (type: string)
                        sort order: +
                        Map-reduce partition columns: _col0 (type: string)
                        Statistics: Num rows: 55 Data size: 9634 Basic stats: COMPLETE Column stats: NONE
            Execution mode: vectorized, llap
            LLAP IO: may be used (ACID table)
        Reducer 2 
            Execution mode: llap
            Reduce Operator Tree:
              Merge Join Operator
                condition map:
                     Inner Join 0 to 1
                keys:
                  0 _col0 (type: string)
                  1 _col0 (type: string)
                outputColumnNames: _col0, _col1
                Statistics: Num rows: 60 Data size: 10597 Basic stats: COMPLETE Column stats: NONE
                Select Operator
                  expressions: _col1 (type: string), _col0 (type: string)
                  outputColumnNames: _col0, _col1
                  Statistics: Num rows: 60 Data size: 10597 Basic stats: COMPLETE Column stats: NONE
                  File Output Operator
                    compressed: false
                    Statistics: Num rows: 60 Data size: 10597 Basic stats: COMPLETE Column stats: NONE
                    table:
                        input format: org.apache.hadoop.hive.ql.io.orc.OrcInputFormat
                        output format: org.apache.hadoop.hive.ql.io.orc.OrcOutputFormat
                        serde: org.apache.hadoop.hive.ql.io.orc.OrcSerde
                        name: default.partition_mv_3
                  Select Operator
                    expressions: _col0 (type: string), _col1 (type: string)
                    outputColumnNames: value, key
                    Statistics: Num rows: 60 Data size: 10597 Basic stats: COMPLETE Column stats: NONE
                    Group By Operator
                      aggregations: compute_stats(value, 'hll'), compute_stats(key, 'hll')
                      mode: hash
                      outputColumnNames: _col0, _col1
                      Statistics: Num rows: 1 Data size: 880 Basic stats: COMPLETE Column stats: NONE
                      Reduce Output Operator
                        sort order: 
                        Statistics: Num rows: 1 Data size: 880 Basic stats: COMPLETE Column stats: NONE
                        value expressions: _col0 (type: struct<columntype:string,maxlength:bigint,sumlength:bigint,count:bigint,countnulls:bigint,bitvector:binary>), _col1 (type: struct<columntype:string,maxlength:bigint,sumlength:bigint,count:bigint,countnulls:bigint,bitvector:binary>)
        Reducer 3 
            Execution mode: llap
            Reduce Operator Tree:
              Group By Operator
                aggregations: compute_stats(VALUE._col0), compute_stats(VALUE._col1)
                mode: mergepartial
                outputColumnNames: _col0, _col1
                Statistics: Num rows: 1 Data size: 880 Basic stats: COMPLETE Column stats: NONE
                File Output Operator
                  compressed: false
                  Statistics: Num rows: 1 Data size: 880 Basic stats: COMPLETE Column stats: NONE
                  table:
                      input format: org.apache.hadoop.mapred.SequenceFileInputFormat
                      output format: org.apache.hadoop.hive.ql.io.HiveSequenceFileOutputFormat
                      serde: org.apache.hadoop.hive.serde2.lazy.LazySimpleSerDe

  Stage: Stage-2
    Dependency Collection

  Stage: Stage-0
    Move Operator
      tables:
          replace: false
          table:
              input format: org.apache.hadoop.hive.ql.io.orc.OrcInputFormat
              output format: org.apache.hadoop.hive.ql.io.orc.OrcOutputFormat
              serde: org.apache.hadoop.hive.ql.io.orc.OrcSerde
              name: default.partition_mv_3

  Stage: Stage-3
    Stats Work
      Basic Stats Work:
      Column Stats Desc:
          Columns: value, key
          Column Types: string, string
          Table: default.partition_mv_3

  Stage: Stage-4
    Materialized View Work

PREHOOK: query: ALTER MATERIALIZED VIEW partition_mv_3 REBUILD
PREHOOK: type: QUERY
PREHOOK: Input: default@src_txn
PREHOOK: Input: default@src_txn_2
PREHOOK: Output: default@partition_mv_3
POSTHOOK: query: ALTER MATERIALIZED VIEW partition_mv_3 REBUILD
POSTHOOK: type: QUERY
POSTHOOK: Input: default@src_txn
POSTHOOK: Input: default@src_txn_2
POSTHOOK: Output: default@partition_mv_3
POSTHOOK: Lineage: partition_mv_3.key SIMPLE [(src_txn)src_txn.FieldSchema(name:key, type:string, comment:null), ]
POSTHOOK: Lineage: partition_mv_3.value SIMPLE [(src_txn)src_txn.FieldSchema(name:value, type:string, comment:null), ]
PREHOOK: query: SELECT * FROM partition_mv_3 where key = 238
PREHOOK: type: QUERY
PREHOOK: Input: default@partition_mv_3
#### A masked pattern was here ####
POSTHOOK: query: SELECT * FROM partition_mv_3 where key = 238
POSTHOOK: type: QUERY
POSTHOOK: Input: default@partition_mv_3
#### A masked pattern was here ####
val_238	238
val_238	238
val_238	238
val_238	238
val_238_n	238
val_238_n	238
val_238_n2	238
val_238_n2	238
