PREHOOK: query: create table emps (
  empid int,
  deptno int,
  name varchar(256),
  salary float,
  commission int)
stored as orc TBLPROPERTIES ('transactional'='true')
PREHOOK: type: CREATETABLE
PREHOOK: Output: database:default
PREHOOK: Output: default@emps
POSTHOOK: query: create table emps (
  empid int,
  deptno int,
  name varchar(256),
  salary float,
  commission int)
stored as orc TBLPROPERTIES ('transactional'='true')
POSTHOOK: type: CREATETABLE
POSTHOOK: Output: database:default
POSTHOOK: Output: default@emps
PREHOOK: query: insert into emps values (100, 10, 'Bill', 10000, 1000), (200, 20, 'Eric', 8000, 500),
  (150, 10, 'Sebastian', 7000, null), (110, 10, 'Theodore', 10000, 250), (110, 10, 'Bill', 10000, 250)
PREHOOK: type: QUERY
PREHOOK: Input: _dummy_database@_dummy_table
PREHOOK: Output: default@emps
POSTHOOK: query: insert into emps values (100, 10, 'Bill', 10000, 1000), (200, 20, 'Eric', 8000, 500),
  (150, 10, 'Sebastian', 7000, null), (110, 10, 'Theodore', 10000, 250), (110, 10, 'Bill', 10000, 250)
POSTHOOK: type: QUERY
POSTHOOK: Input: _dummy_database@_dummy_table
POSTHOOK: Output: default@emps
POSTHOOK: Lineage: emps.commission SCRIPT []
POSTHOOK: Lineage: emps.deptno SCRIPT []
POSTHOOK: Lineage: emps.empid SCRIPT []
POSTHOOK: Lineage: emps.name SCRIPT []
POSTHOOK: Lineage: emps.salary SCRIPT []
PREHOOK: query: analyze table emps compute statistics for columns
PREHOOK: type: QUERY
PREHOOK: Input: default@emps
PREHOOK: Output: default@emps
#### A masked pattern was here ####
POSTHOOK: query: analyze table emps compute statistics for columns
POSTHOOK: type: QUERY
POSTHOOK: Input: default@emps
POSTHOOK: Output: default@emps
#### A masked pattern was here ####
PREHOOK: query: alter table emps add constraint pk1 primary key (empid, deptno) disable novalidate rely
PREHOOK: type: ALTERTABLE_ADDCONSTRAINT
POSTHOOK: query: alter table emps add constraint pk1 primary key (empid, deptno) disable novalidate rely
POSTHOOK: type: ALTERTABLE_ADDCONSTRAINT
PREHOOK: query: explain
select count(1) from (
  select empid, deptno, name, salary, commission
  from emps as inner_tab
  group by empid, deptno, name, salary, commission) outer_tab
PREHOOK: type: QUERY
POSTHOOK: query: explain
select count(1) from (
  select empid, deptno, name, salary, commission
  from emps as inner_tab
  group by empid, deptno, name, salary, commission) outer_tab
POSTHOOK: type: QUERY
STAGE DEPENDENCIES:
  Stage-1 is a root stage
  Stage-0 depends on stages: Stage-1

STAGE PLANS:
  Stage: Stage-1
    Map Reduce
      Map Operator Tree:
          TableScan
            alias: inner_tab
            Statistics: Num rows: 5 Data size: 681 Basic stats: COMPLETE Column stats: COMPLETE
            Select Operator
              Statistics: Num rows: 5 Data size: 681 Basic stats: COMPLETE Column stats: COMPLETE
              Group By Operator
                aggregations: count()
                mode: hash
                outputColumnNames: _col0
                Statistics: Num rows: 1 Data size: 8 Basic stats: COMPLETE Column stats: COMPLETE
                Reduce Output Operator
                  sort order: 
                  Statistics: Num rows: 1 Data size: 8 Basic stats: COMPLETE Column stats: COMPLETE
                  value expressions: _col0 (type: bigint)
      Reduce Operator Tree:
        Group By Operator
          aggregations: count(VALUE._col0)
          mode: mergepartial
          outputColumnNames: _col0
          Statistics: Num rows: 1 Data size: 8 Basic stats: COMPLETE Column stats: COMPLETE
          File Output Operator
            compressed: false
            Statistics: Num rows: 1 Data size: 8 Basic stats: COMPLETE Column stats: COMPLETE
            table:
                input format: org.apache.hadoop.mapred.SequenceFileInputFormat
                output format: org.apache.hadoop.hive.ql.io.HiveSequenceFileOutputFormat
                serde: org.apache.hadoop.hive.serde2.lazy.LazySimpleSerDe

  Stage: Stage-0
    Fetch Operator
      limit: -1
      Processor Tree:
        ListSink

PREHOOK: query: explain
select count(1) from (
  select count(1), empid, deptno, name, salary, commission
  from emps as inner_tab
  group by empid, deptno, name, salary, commission) outer_tab
PREHOOK: type: QUERY
POSTHOOK: query: explain
select count(1) from (
  select count(1), empid, deptno, name, salary, commission
  from emps as inner_tab
  group by empid, deptno, name, salary, commission) outer_tab
POSTHOOK: type: QUERY
STAGE DEPENDENCIES:
  Stage-1 is a root stage
  Stage-0 depends on stages: Stage-1

STAGE PLANS:
  Stage: Stage-1
    Map Reduce
      Map Operator Tree:
          TableScan
            alias: inner_tab
            Statistics: Num rows: 5 Data size: 681 Basic stats: COMPLETE Column stats: COMPLETE
            Select Operator
              Statistics: Num rows: 5 Data size: 681 Basic stats: COMPLETE Column stats: COMPLETE
              Group By Operator
                aggregations: count()
                mode: hash
                outputColumnNames: _col0
                Statistics: Num rows: 1 Data size: 8 Basic stats: COMPLETE Column stats: COMPLETE
                Reduce Output Operator
                  sort order: 
                  Statistics: Num rows: 1 Data size: 8 Basic stats: COMPLETE Column stats: COMPLETE
                  value expressions: _col0 (type: bigint)
      Reduce Operator Tree:
        Group By Operator
          aggregations: count(VALUE._col0)
          mode: mergepartial
          outputColumnNames: _col0
          Statistics: Num rows: 1 Data size: 8 Basic stats: COMPLETE Column stats: COMPLETE
          File Output Operator
            compressed: false
            Statistics: Num rows: 1 Data size: 8 Basic stats: COMPLETE Column stats: COMPLETE
            table:
                input format: org.apache.hadoop.mapred.SequenceFileInputFormat
                output format: org.apache.hadoop.hive.ql.io.HiveSequenceFileOutputFormat
                serde: org.apache.hadoop.hive.serde2.lazy.LazySimpleSerDe

  Stage: Stage-0
    Fetch Operator
      limit: -1
      Processor Tree:
        ListSink

PREHOOK: query: explain
select count(1) from (
  select count(1), empid, name, salary, commission
  from emps as inner_tab
  group by empid, name, salary, commission) outer_tab
PREHOOK: type: QUERY
POSTHOOK: query: explain
select count(1) from (
  select count(1), empid, name, salary, commission
  from emps as inner_tab
  group by empid, name, salary, commission) outer_tab
POSTHOOK: type: QUERY
STAGE DEPENDENCIES:
  Stage-1 is a root stage
  Stage-2 depends on stages: Stage-1
  Stage-0 depends on stages: Stage-2

STAGE PLANS:
  Stage: Stage-1
    Map Reduce
      Map Operator Tree:
          TableScan
            alias: inner_tab
            Statistics: Num rows: 5 Data size: 510 Basic stats: COMPLETE Column stats: COMPLETE
            Select Operator
              expressions: empid (type: int), name (type: varchar(256)), salary (type: float), commission (type: int)
              outputColumnNames: empid, name, salary, commission
              Statistics: Num rows: 5 Data size: 510 Basic stats: COMPLETE Column stats: COMPLETE
              Group By Operator
                keys: empid (type: int), name (type: varchar(256)), salary (type: float), commission (type: int)
                mode: hash
                outputColumnNames: _col0, _col1, _col2, _col3
                Statistics: Num rows: 2 Data size: 204 Basic stats: COMPLETE Column stats: COMPLETE
                Reduce Output Operator
                  key expressions: _col0 (type: int), _col1 (type: varchar(256)), _col2 (type: float), _col3 (type: int)
                  sort order: ++++
                  Map-reduce partition columns: _col0 (type: int), _col1 (type: varchar(256)), _col2 (type: float), _col3 (type: int)
                  Statistics: Num rows: 2 Data size: 204 Basic stats: COMPLETE Column stats: COMPLETE
      Reduce Operator Tree:
        Group By Operator
          keys: KEY._col0 (type: int), KEY._col1 (type: varchar(256)), KEY._col2 (type: float), KEY._col3 (type: int)
          mode: mergepartial
          outputColumnNames: _col0, _col1, _col2, _col3
          Statistics: Num rows: 2 Data size: 204 Basic stats: COMPLETE Column stats: COMPLETE
          Select Operator
            Statistics: Num rows: 2 Data size: 204 Basic stats: COMPLETE Column stats: COMPLETE
            Group By Operator
              aggregations: count()
              mode: hash
              outputColumnNames: _col0
              Statistics: Num rows: 1 Data size: 8 Basic stats: COMPLETE Column stats: COMPLETE
              File Output Operator
                compressed: false
                table:
                    input format: org.apache.hadoop.mapred.SequenceFileInputFormat
                    output format: org.apache.hadoop.hive.ql.io.HiveSequenceFileOutputFormat
                    serde: org.apache.hadoop.hive.serde2.lazybinary.LazyBinarySerDe

  Stage: Stage-2
    Map Reduce
      Map Operator Tree:
          TableScan
            Reduce Output Operator
              sort order: 
              Statistics: Num rows: 1 Data size: 8 Basic stats: COMPLETE Column stats: COMPLETE
              value expressions: _col0 (type: bigint)
      Reduce Operator Tree:
        Group By Operator
          aggregations: count(VALUE._col0)
          mode: mergepartial
          outputColumnNames: _col0
          Statistics: Num rows: 1 Data size: 8 Basic stats: COMPLETE Column stats: COMPLETE
          File Output Operator
            compressed: false
            Statistics: Num rows: 1 Data size: 8 Basic stats: COMPLETE Column stats: COMPLETE
            table:
                input format: org.apache.hadoop.mapred.SequenceFileInputFormat
                output format: org.apache.hadoop.hive.ql.io.HiveSequenceFileOutputFormat
                serde: org.apache.hadoop.hive.serde2.lazy.LazySimpleSerDe

  Stage: Stage-0
    Fetch Operator
      limit: -1
      Processor Tree:
        ListSink

