PREHOOK: query: create table cmv_basetable (a int, b varchar(256), c decimal(10,2), d int) stored as orc TBLPROPERTIES ('transactional'='true')
PREHOOK: type: CREATETABLE
PREHOOK: Output: database:default
PREHOOK: Output: default@cmv_basetable
POSTHOOK: query: create table cmv_basetable (a int, b varchar(256), c decimal(10,2), d int) stored as orc TBLPROPERTIES ('transactional'='true')
POSTHOOK: type: CREATETABLE
POSTHOOK: Output: database:default
POSTHOOK: Output: default@cmv_basetable
PREHOOK: query: insert into cmv_basetable values
 (1, 'alfred', 10.30, 2),
 (2, 'bob', 3.14, 3),
 (2, 'bonnie', 172342.2, 3),
 (3, 'calvin', 978.76, 3),
 (3, 'charlie', 9.8, 1)
PREHOOK: type: QUERY
PREHOOK: Input: _dummy_database@_dummy_table
PREHOOK: Output: default@cmv_basetable
POSTHOOK: query: insert into cmv_basetable values
 (1, 'alfred', 10.30, 2),
 (2, 'bob', 3.14, 3),
 (2, 'bonnie', 172342.2, 3),
 (3, 'calvin', 978.76, 3),
 (3, 'charlie', 9.8, 1)
POSTHOOK: type: QUERY
POSTHOOK: Input: _dummy_database@_dummy_table
POSTHOOK: Output: default@cmv_basetable
POSTHOOK: Lineage: cmv_basetable.a SCRIPT []
POSTHOOK: Lineage: cmv_basetable.b SCRIPT []
POSTHOOK: Lineage: cmv_basetable.c SCRIPT []
POSTHOOK: Lineage: cmv_basetable.d SCRIPT []
PREHOOK: query: analyze table cmv_basetable compute statistics for columns
PREHOOK: type: QUERY
PREHOOK: Input: default@cmv_basetable
PREHOOK: Output: default@cmv_basetable
#### A masked pattern was here ####
POSTHOOK: query: analyze table cmv_basetable compute statistics for columns
POSTHOOK: type: QUERY
POSTHOOK: Input: default@cmv_basetable
POSTHOOK: Output: default@cmv_basetable
#### A masked pattern was here ####
PREHOOK: query: create table cmv_basetable_2 (a int, b varchar(256), c decimal(10,2), d int) stored as orc TBLPROPERTIES ('transactional'='true')
PREHOOK: type: CREATETABLE
PREHOOK: Output: database:default
PREHOOK: Output: default@cmv_basetable_2
POSTHOOK: query: create table cmv_basetable_2 (a int, b varchar(256), c decimal(10,2), d int) stored as orc TBLPROPERTIES ('transactional'='true')
POSTHOOK: type: CREATETABLE
POSTHOOK: Output: database:default
POSTHOOK: Output: default@cmv_basetable_2
PREHOOK: query: insert into cmv_basetable_2 values
 (1, 'alfred', 10.30, 2),
 (3, 'calvin', 978.76, 3)
PREHOOK: type: QUERY
PREHOOK: Input: _dummy_database@_dummy_table
PREHOOK: Output: default@cmv_basetable_2
POSTHOOK: query: insert into cmv_basetable_2 values
 (1, 'alfred', 10.30, 2),
 (3, 'calvin', 978.76, 3)
POSTHOOK: type: QUERY
POSTHOOK: Input: _dummy_database@_dummy_table
POSTHOOK: Output: default@cmv_basetable_2
POSTHOOK: Lineage: cmv_basetable_2.a SCRIPT []
POSTHOOK: Lineage: cmv_basetable_2.b SCRIPT []
POSTHOOK: Lineage: cmv_basetable_2.c SCRIPT []
POSTHOOK: Lineage: cmv_basetable_2.d SCRIPT []
PREHOOK: query: analyze table cmv_basetable_2 compute statistics for columns
PREHOOK: type: QUERY
PREHOOK: Input: default@cmv_basetable_2
PREHOOK: Output: default@cmv_basetable_2
#### A masked pattern was here ####
POSTHOOK: query: analyze table cmv_basetable_2 compute statistics for columns
POSTHOOK: type: QUERY
POSTHOOK: Input: default@cmv_basetable_2
POSTHOOK: Output: default@cmv_basetable_2
#### A masked pattern was here ####
PREHOOK: query: CREATE MATERIALIZED VIEW cmv_mat_view ENABLE REWRITE
  TBLPROPERTIES ('transactional'='true') AS
  SELECT cmv_basetable.a, cmv_basetable_2.c
  FROM cmv_basetable JOIN cmv_basetable_2 ON (cmv_basetable.a = cmv_basetable_2.a)
  WHERE cmv_basetable_2.c > 10.0
PREHOOK: type: CREATE_MATERIALIZED_VIEW
PREHOOK: Input: default@cmv_basetable
PREHOOK: Input: default@cmv_basetable_2
PREHOOK: Output: database:default
PREHOOK: Output: default@cmv_mat_view
POSTHOOK: query: CREATE MATERIALIZED VIEW cmv_mat_view ENABLE REWRITE
  TBLPROPERTIES ('transactional'='true') AS
  SELECT cmv_basetable.a, cmv_basetable_2.c
  FROM cmv_basetable JOIN cmv_basetable_2 ON (cmv_basetable.a = cmv_basetable_2.a)
  WHERE cmv_basetable_2.c > 10.0
POSTHOOK: type: CREATE_MATERIALIZED_VIEW
POSTHOOK: Input: default@cmv_basetable
POSTHOOK: Input: default@cmv_basetable_2
POSTHOOK: Output: database:default
POSTHOOK: Output: default@cmv_mat_view
PREHOOK: query: analyze table cmv_mat_view compute statistics for columns
PREHOOK: type: QUERY
PREHOOK: Input: default@cmv_mat_view
PREHOOK: Output: default@cmv_mat_view
#### A masked pattern was here ####
POSTHOOK: query: analyze table cmv_mat_view compute statistics for columns
POSTHOOK: type: QUERY
POSTHOOK: Input: default@cmv_mat_view
POSTHOOK: Output: default@cmv_mat_view
#### A masked pattern was here ####
PREHOOK: query: insert into cmv_basetable_2 values
 (3, 'charlie', 15.8, 1)
PREHOOK: type: QUERY
PREHOOK: Input: _dummy_database@_dummy_table
PREHOOK: Output: default@cmv_basetable_2
POSTHOOK: query: insert into cmv_basetable_2 values
 (3, 'charlie', 15.8, 1)
POSTHOOK: type: QUERY
POSTHOOK: Input: _dummy_database@_dummy_table
POSTHOOK: Output: default@cmv_basetable_2
POSTHOOK: Lineage: cmv_basetable_2.a SCRIPT []
POSTHOOK: Lineage: cmv_basetable_2.b SCRIPT []
POSTHOOK: Lineage: cmv_basetable_2.c SCRIPT []
POSTHOOK: Lineage: cmv_basetable_2.d SCRIPT []
PREHOOK: query: analyze table cmv_basetable_2 compute statistics for columns
PREHOOK: type: QUERY
PREHOOK: Input: default@cmv_basetable_2
PREHOOK: Output: default@cmv_basetable_2
#### A masked pattern was here ####
POSTHOOK: query: analyze table cmv_basetable_2 compute statistics for columns
POSTHOOK: type: QUERY
POSTHOOK: Input: default@cmv_basetable_2
POSTHOOK: Output: default@cmv_basetable_2
#### A masked pattern was here ####
PREHOOK: query: EXPLAIN
SELECT cmv_basetable.a
FROM cmv_basetable join cmv_basetable_2 ON (cmv_basetable.a = cmv_basetable_2.a)
WHERE cmv_basetable_2.c > 10.10
PREHOOK: type: QUERY
POSTHOOK: query: EXPLAIN
SELECT cmv_basetable.a
FROM cmv_basetable join cmv_basetable_2 ON (cmv_basetable.a = cmv_basetable_2.a)
WHERE cmv_basetable_2.c > 10.10
POSTHOOK: type: QUERY
STAGE DEPENDENCIES:
  Stage-1 is a root stage
  Stage-0 depends on stages: Stage-1

STAGE PLANS:
  Stage: Stage-1
    Map Reduce
      Map Operator Tree:
          TableScan
            alias: cmv_basetable
            Statistics: Num rows: 5 Data size: 1205 Basic stats: COMPLETE Column stats: NONE
            Filter Operator
              predicate: a is not null (type: boolean)
              Statistics: Num rows: 5 Data size: 1205 Basic stats: COMPLETE Column stats: NONE
              Select Operator
                expressions: a (type: int)
                outputColumnNames: _col0
                Statistics: Num rows: 5 Data size: 1205 Basic stats: COMPLETE Column stats: NONE
                Reduce Output Operator
                  key expressions: _col0 (type: int)
                  sort order: +
                  Map-reduce partition columns: _col0 (type: int)
                  Statistics: Num rows: 5 Data size: 1205 Basic stats: COMPLETE Column stats: NONE
          TableScan
            alias: cmv_basetable_2
            Statistics: Num rows: 3 Data size: 727 Basic stats: COMPLETE Column stats: NONE
            Filter Operator
              predicate: ((c > 10.1) and a is not null) (type: boolean)
              Statistics: Num rows: 1 Data size: 242 Basic stats: COMPLETE Column stats: NONE
              Select Operator
                expressions: a (type: int)
                outputColumnNames: _col0
                Statistics: Num rows: 1 Data size: 242 Basic stats: COMPLETE Column stats: NONE
                Reduce Output Operator
                  key expressions: _col0 (type: int)
                  sort order: +
                  Map-reduce partition columns: _col0 (type: int)
                  Statistics: Num rows: 1 Data size: 242 Basic stats: COMPLETE Column stats: NONE
      Reduce Operator Tree:
        Join Operator
          condition map:
               Inner Join 0 to 1
          keys:
            0 _col0 (type: int)
            1 _col0 (type: int)
          outputColumnNames: _col0
          Statistics: Num rows: 5 Data size: 1325 Basic stats: COMPLETE Column stats: NONE
          File Output Operator
            compressed: false
            Statistics: Num rows: 5 Data size: 1325 Basic stats: COMPLETE Column stats: NONE
            table:
                input format: org.apache.hadoop.mapred.SequenceFileInputFormat
                output format: org.apache.hadoop.hive.ql.io.HiveSequenceFileOutputFormat
                serde: org.apache.hadoop.hive.serde2.lazy.LazySimpleSerDe

  Stage: Stage-0
    Fetch Operator
      limit: -1
      Processor Tree:
        ListSink

PREHOOK: query: SELECT cmv_basetable.a
FROM cmv_basetable JOIN cmv_basetable_2 ON (cmv_basetable.a = cmv_basetable_2.a)
WHERE cmv_basetable_2.c > 10.10
PREHOOK: type: QUERY
PREHOOK: Input: default@cmv_basetable
PREHOOK: Input: default@cmv_basetable_2
#### A masked pattern was here ####
POSTHOOK: query: SELECT cmv_basetable.a
FROM cmv_basetable JOIN cmv_basetable_2 ON (cmv_basetable.a = cmv_basetable_2.a)
WHERE cmv_basetable_2.c > 10.10
POSTHOOK: type: QUERY
POSTHOOK: Input: default@cmv_basetable
POSTHOOK: Input: default@cmv_basetable_2
#### A masked pattern was here ####
1
3
3
3
3
PREHOOK: query: EXPLAIN
ALTER MATERIALIZED VIEW cmv_mat_view REBUILD
PREHOOK: type: QUERY
POSTHOOK: query: EXPLAIN
ALTER MATERIALIZED VIEW cmv_mat_view REBUILD
POSTHOOK: type: QUERY
STAGE DEPENDENCIES:
  Stage-1 is a root stage
  Stage-0 depends on stages: Stage-1
  Stage-2 depends on stages: Stage-0, Stage-3
  Stage-5 depends on stages: Stage-2
  Stage-3 depends on stages: Stage-1

STAGE PLANS:
  Stage: Stage-1
    Map Reduce
      Map Operator Tree:
          TableScan
            alias: cmv_basetable
            Statistics: Num rows: 5 Data size: 1205 Basic stats: COMPLETE Column stats: NONE
            Filter Operator
              predicate: a is not null (type: boolean)
              Statistics: Num rows: 5 Data size: 1205 Basic stats: COMPLETE Column stats: NONE
              Select Operator
                expressions: a (type: int)
                outputColumnNames: _col0
                Statistics: Num rows: 5 Data size: 1205 Basic stats: COMPLETE Column stats: NONE
                Reduce Output Operator
                  key expressions: _col0 (type: int)
                  sort order: +
                  Map-reduce partition columns: _col0 (type: int)
                  Statistics: Num rows: 5 Data size: 1205 Basic stats: COMPLETE Column stats: NONE
          TableScan
            alias: cmv_basetable_2
            Statistics: Num rows: 3 Data size: 727 Basic stats: COMPLETE Column stats: NONE
            Filter Operator
              predicate: ((ROW__ID.writeid > 1) and (c > 10) and a is not null) (type: boolean)
              Statistics: Num rows: 1 Data size: 242 Basic stats: COMPLETE Column stats: NONE
              Select Operator
                expressions: a (type: int), c (type: decimal(10,2))
                outputColumnNames: _col0, _col1
                Statistics: Num rows: 1 Data size: 242 Basic stats: COMPLETE Column stats: NONE
                Reduce Output Operator
                  key expressions: _col0 (type: int)
                  sort order: +
                  Map-reduce partition columns: _col0 (type: int)
                  Statistics: Num rows: 1 Data size: 242 Basic stats: COMPLETE Column stats: NONE
                  value expressions: _col1 (type: decimal(10,2))
      Reduce Operator Tree:
        Join Operator
          condition map:
               Inner Join 0 to 1
          keys:
            0 _col0 (type: int)
            1 _col0 (type: int)
          outputColumnNames: _col0, _col2
          Statistics: Num rows: 5 Data size: 1325 Basic stats: COMPLETE Column stats: NONE
          Select Operator
            expressions: _col0 (type: int), _col2 (type: decimal(10,2))
            outputColumnNames: _col0, _col1
            Statistics: Num rows: 5 Data size: 1325 Basic stats: COMPLETE Column stats: NONE
            File Output Operator
              compressed: false
              Statistics: Num rows: 5 Data size: 1325 Basic stats: COMPLETE Column stats: NONE
              table:
                  input format: org.apache.hadoop.hive.ql.io.orc.OrcInputFormat
                  output format: org.apache.hadoop.hive.ql.io.orc.OrcOutputFormat
                  serde: org.apache.hadoop.hive.ql.io.orc.OrcSerde
                  name: default.cmv_mat_view
              Write Type: INSERT
            Select Operator
              expressions: _col0 (type: int), _col1 (type: decimal(10,2))
              outputColumnNames: a, c
              Statistics: Num rows: 5 Data size: 1325 Basic stats: COMPLETE Column stats: NONE
              Group By Operator
                aggregations: compute_stats(a, 'hll'), compute_stats(c, 'hll')
                mode: hash
                outputColumnNames: _col0, _col1
                Statistics: Num rows: 1 Data size: 1056 Basic stats: COMPLETE Column stats: NONE
                File Output Operator
                  compressed: false
                  table:
                      input format: org.apache.hadoop.mapred.SequenceFileInputFormat
                      output format: org.apache.hadoop.hive.ql.io.HiveSequenceFileOutputFormat
                      serde: org.apache.hadoop.hive.serde2.lazybinary.LazyBinarySerDe

  Stage: Stage-0
    Move Operator
      tables:
          replace: false
          table:
              input format: org.apache.hadoop.hive.ql.io.orc.OrcInputFormat
              output format: org.apache.hadoop.hive.ql.io.orc.OrcOutputFormat
              serde: org.apache.hadoop.hive.ql.io.orc.OrcSerde
              name: default.cmv_mat_view
          Write Type: INSERT

  Stage: Stage-2
    Stats Work
      Basic Stats Work:
      Column Stats Desc:
          Columns: a, c
          Column Types: int, decimal(10,2)
          Table: default.cmv_mat_view

  Stage: Stage-5
    Materialized View Work

  Stage: Stage-3
    Map Reduce
      Map Operator Tree:
          TableScan
            Reduce Output Operator
              sort order: 
              Statistics: Num rows: 1 Data size: 1056 Basic stats: COMPLETE Column stats: NONE
              value expressions: _col0 (type: struct<columntype:string,min:bigint,max:bigint,countnulls:bigint,bitvector:binary>), _col1 (type: struct<columntype:string,min:decimal(10,2),max:decimal(10,2),countnulls:bigint,bitvector:binary>)
      Reduce Operator Tree:
        Group By Operator
          aggregations: compute_stats(VALUE._col0), compute_stats(VALUE._col1)
          mode: mergepartial
          outputColumnNames: _col0, _col1
          Statistics: Num rows: 1 Data size: 1088 Basic stats: COMPLETE Column stats: NONE
          File Output Operator
            compressed: false
            Statistics: Num rows: 1 Data size: 1088 Basic stats: COMPLETE Column stats: NONE
            table:
                input format: org.apache.hadoop.mapred.SequenceFileInputFormat
                output format: org.apache.hadoop.hive.ql.io.HiveSequenceFileOutputFormat
                serde: org.apache.hadoop.hive.serde2.lazy.LazySimpleSerDe

PREHOOK: query: ALTER MATERIALIZED VIEW cmv_mat_view REBUILD
PREHOOK: type: QUERY
PREHOOK: Input: default@cmv_basetable
PREHOOK: Input: default@cmv_basetable_2
PREHOOK: Output: default@cmv_mat_view
POSTHOOK: query: ALTER MATERIALIZED VIEW cmv_mat_view REBUILD
POSTHOOK: type: QUERY
POSTHOOK: Input: default@cmv_basetable
POSTHOOK: Input: default@cmv_basetable_2
POSTHOOK: Output: default@cmv_mat_view
POSTHOOK: Lineage: cmv_mat_view.a SIMPLE [(cmv_basetable)cmv_basetable.FieldSchema(name:a, type:int, comment:null), ]
POSTHOOK: Lineage: cmv_mat_view.c SIMPLE [(cmv_basetable_2)cmv_basetable_2.FieldSchema(name:c, type:decimal(10,2), comment:null), ]
PREHOOK: query: DESCRIBE FORMATTED cmv_mat_view
PREHOOK: type: DESCTABLE
PREHOOK: Input: default@cmv_mat_view
POSTHOOK: query: DESCRIBE FORMATTED cmv_mat_view
POSTHOOK: type: DESCTABLE
POSTHOOK: Input: default@cmv_mat_view
# col_name            	data_type           	comment             
a                   	int                 	                    
c                   	decimal(10,2)       	                    
	 	 
# Detailed Table Information	 	 
Database:           	default             	 
#### A masked pattern was here ####
Retention:          	0                   	 
#### A masked pattern was here ####
Table Type:         	MATERIALIZED_VIEW   	 
Table Parameters:	 	 
	numFiles            	2                   
	totalSize           	1055                
	transactional       	true                
	transactional_properties	default             
#### A masked pattern was here ####
	 	 
# Storage Information	 	 
SerDe Library:      	org.apache.hadoop.hive.ql.io.orc.OrcSerde	 
InputFormat:        	org.apache.hadoop.hive.ql.io.orc.OrcInputFormat	 
OutputFormat:       	org.apache.hadoop.hive.ql.io.orc.OrcOutputFormat	 
Compressed:         	No                  	 
Num Buckets:        	-1                  	 
Bucket Columns:     	[]                  	 
Sort Columns:       	[]                  	 
	 	 
# View Information	 	 
View Original Text: 	SELECT cmv_basetable.a, cmv_basetable_2.c	 
	                    	  FROM cmv_basetable JOIN cmv_basetable_2 ON (cmv_basetable.a = cmv_basetable_2.a)
	                    	  WHERE cmv_basetable_2.c > 10.0
View Expanded Text: 	SELECT `cmv_basetable`.`a`, `cmv_basetable_2`.`c`	 
	                    	  FROM `default`.`cmv_basetable` JOIN `default`.`cmv_basetable_2` ON (`cmv_basetable`.`a` = `cmv_basetable_2`.`a`)
	                    	  WHERE `cmv_basetable_2`.`c` > 10.0
View Rewrite Enabled:	Yes                 	 
PREHOOK: query: EXPLAIN
SELECT cmv_basetable.a
FROM cmv_basetable join cmv_basetable_2 ON (cmv_basetable.a = cmv_basetable_2.a)
WHERE cmv_basetable_2.c > 10.10
PREHOOK: type: QUERY
POSTHOOK: query: EXPLAIN
SELECT cmv_basetable.a
FROM cmv_basetable join cmv_basetable_2 ON (cmv_basetable.a = cmv_basetable_2.a)
WHERE cmv_basetable_2.c > 10.10
POSTHOOK: type: QUERY
STAGE DEPENDENCIES:
  Stage-1 is a root stage
  Stage-0 depends on stages: Stage-1

STAGE PLANS:
  Stage: Stage-1
    Map Reduce
      Map Operator Tree:
          TableScan
            alias: default.cmv_mat_view
            Statistics: Num rows: 35 Data size: 10550 Basic stats: COMPLETE Column stats: NONE
            Filter Operator
              predicate: (c > 10.1) (type: boolean)
              Statistics: Num rows: 11 Data size: 3315 Basic stats: COMPLETE Column stats: NONE
              Select Operator
                expressions: a (type: int)
                outputColumnNames: _col0
                Statistics: Num rows: 11 Data size: 3315 Basic stats: COMPLETE Column stats: NONE
                File Output Operator
                  compressed: false
                  Statistics: Num rows: 11 Data size: 3315 Basic stats: COMPLETE Column stats: NONE
                  table:
                      input format: org.apache.hadoop.mapred.SequenceFileInputFormat
                      output format: org.apache.hadoop.hive.ql.io.HiveSequenceFileOutputFormat
                      serde: org.apache.hadoop.hive.serde2.lazy.LazySimpleSerDe

  Stage: Stage-0
    Fetch Operator
      limit: -1
      Processor Tree:
        ListSink

PREHOOK: query: SELECT cmv_basetable.a
FROM cmv_basetable JOIN cmv_basetable_2 ON (cmv_basetable.a = cmv_basetable_2.a)
WHERE cmv_basetable_2.c > 10.10
PREHOOK: type: QUERY
PREHOOK: Input: default@cmv_basetable
PREHOOK: Input: default@cmv_basetable_2
PREHOOK: Input: default@cmv_mat_view
#### A masked pattern was here ####
POSTHOOK: query: SELECT cmv_basetable.a
FROM cmv_basetable JOIN cmv_basetable_2 ON (cmv_basetable.a = cmv_basetable_2.a)
WHERE cmv_basetable_2.c > 10.10
POSTHOOK: type: QUERY
POSTHOOK: Input: default@cmv_basetable
POSTHOOK: Input: default@cmv_basetable_2
POSTHOOK: Input: default@cmv_mat_view
#### A masked pattern was here ####
3
3
1
3
3
PREHOOK: query: UPDATE cmv_basetable_2 SET a=2 WHERE a=1
PREHOOK: type: QUERY
PREHOOK: Input: default@cmv_basetable_2
PREHOOK: Output: default@cmv_basetable_2
POSTHOOK: query: UPDATE cmv_basetable_2 SET a=2 WHERE a=1
POSTHOOK: type: QUERY
POSTHOOK: Input: default@cmv_basetable_2
POSTHOOK: Output: default@cmv_basetable_2
PREHOOK: query: EXPLAIN
ALTER MATERIALIZED VIEW cmv_mat_view REBUILD
PREHOOK: type: QUERY
POSTHOOK: query: EXPLAIN
ALTER MATERIALIZED VIEW cmv_mat_view REBUILD
POSTHOOK: type: QUERY
STAGE DEPENDENCIES:
  Stage-1 is a root stage
  Stage-0 depends on stages: Stage-1
  Stage-2 depends on stages: Stage-0, Stage-3
  Stage-5 depends on stages: Stage-2
  Stage-3 depends on stages: Stage-1

STAGE PLANS:
  Stage: Stage-1
    Map Reduce
      Map Operator Tree:
          TableScan
            alias: cmv_basetable
            Statistics: Num rows: 5 Data size: 1205 Basic stats: COMPLETE Column stats: NONE
            Filter Operator
              predicate: a is not null (type: boolean)
              Statistics: Num rows: 5 Data size: 1205 Basic stats: COMPLETE Column stats: NONE
              Select Operator
                expressions: a (type: int)
                outputColumnNames: _col0
                Statistics: Num rows: 5 Data size: 1205 Basic stats: COMPLETE Column stats: NONE
                Reduce Output Operator
                  key expressions: _col0 (type: int)
                  sort order: +
                  Map-reduce partition columns: _col0 (type: int)
                  Statistics: Num rows: 5 Data size: 1205 Basic stats: COMPLETE Column stats: NONE
          TableScan
            alias: cmv_basetable_2
            Statistics: Num rows: 60 Data size: 33660 Basic stats: COMPLETE Column stats: NONE
            Filter Operator
              predicate: ((c > 10) and a is not null) (type: boolean)
              Statistics: Num rows: 20 Data size: 11220 Basic stats: COMPLETE Column stats: NONE
              Select Operator
                expressions: a (type: int), c (type: decimal(10,2))
                outputColumnNames: _col0, _col1
                Statistics: Num rows: 20 Data size: 11220 Basic stats: COMPLETE Column stats: NONE
                Reduce Output Operator
                  key expressions: _col0 (type: int)
                  sort order: +
                  Map-reduce partition columns: _col0 (type: int)
                  Statistics: Num rows: 20 Data size: 11220 Basic stats: COMPLETE Column stats: NONE
                  value expressions: _col1 (type: decimal(10,2))
      Reduce Operator Tree:
        Join Operator
          condition map:
               Inner Join 0 to 1
          keys:
            0 _col0 (type: int)
            1 _col0 (type: int)
          outputColumnNames: _col0, _col2
          Statistics: Num rows: 22 Data size: 12342 Basic stats: COMPLETE Column stats: NONE
          Select Operator
            expressions: _col0 (type: int), _col2 (type: decimal(10,2))
            outputColumnNames: _col0, _col1
            Statistics: Num rows: 22 Data size: 12342 Basic stats: COMPLETE Column stats: NONE
            File Output Operator
              compressed: false
              Statistics: Num rows: 22 Data size: 12342 Basic stats: COMPLETE Column stats: NONE
              table:
                  input format: org.apache.hadoop.hive.ql.io.orc.OrcInputFormat
                  output format: org.apache.hadoop.hive.ql.io.orc.OrcOutputFormat
                  serde: org.apache.hadoop.hive.ql.io.orc.OrcSerde
                  name: default.cmv_mat_view
              Write Type: INSERT
            Select Operator
              expressions: _col0 (type: int), _col1 (type: decimal(10,2))
              outputColumnNames: a, c
              Statistics: Num rows: 22 Data size: 12342 Basic stats: COMPLETE Column stats: NONE
              Group By Operator
                aggregations: compute_stats(a, 'hll'), compute_stats(c, 'hll')
                mode: hash
                outputColumnNames: _col0, _col1
                Statistics: Num rows: 1 Data size: 1056 Basic stats: COMPLETE Column stats: NONE
                File Output Operator
                  compressed: false
                  table:
                      input format: org.apache.hadoop.mapred.SequenceFileInputFormat
                      output format: org.apache.hadoop.hive.ql.io.HiveSequenceFileOutputFormat
                      serde: org.apache.hadoop.hive.serde2.lazybinary.LazyBinarySerDe

  Stage: Stage-0
    Move Operator
      tables:
          replace: false
          table:
              input format: org.apache.hadoop.hive.ql.io.orc.OrcInputFormat
              output format: org.apache.hadoop.hive.ql.io.orc.OrcOutputFormat
              serde: org.apache.hadoop.hive.ql.io.orc.OrcSerde
              name: default.cmv_mat_view
          Write Type: INSERT

  Stage: Stage-2
    Stats Work
      Basic Stats Work:
      Column Stats Desc:
          Columns: a, c
          Column Types: int, decimal(10,2)
          Table: default.cmv_mat_view

  Stage: Stage-5
    Materialized View Work

  Stage: Stage-3
    Map Reduce
      Map Operator Tree:
          TableScan
            Reduce Output Operator
              sort order: 
              Statistics: Num rows: 1 Data size: 1056 Basic stats: COMPLETE Column stats: NONE
              value expressions: _col0 (type: struct<columntype:string,min:bigint,max:bigint,countnulls:bigint,bitvector:binary>), _col1 (type: struct<columntype:string,min:decimal(10,2),max:decimal(10,2),countnulls:bigint,bitvector:binary>)
      Reduce Operator Tree:
        Group By Operator
          aggregations: compute_stats(VALUE._col0), compute_stats(VALUE._col1)
          mode: mergepartial
          outputColumnNames: _col0, _col1
          Statistics: Num rows: 1 Data size: 1088 Basic stats: COMPLETE Column stats: NONE
          File Output Operator
            compressed: false
            Statistics: Num rows: 1 Data size: 1088 Basic stats: COMPLETE Column stats: NONE
            table:
                input format: org.apache.hadoop.mapred.SequenceFileInputFormat
                output format: org.apache.hadoop.hive.ql.io.HiveSequenceFileOutputFormat
                serde: org.apache.hadoop.hive.serde2.lazy.LazySimpleSerDe

PREHOOK: query: ALTER MATERIALIZED VIEW cmv_mat_view REBUILD
PREHOOK: type: QUERY
PREHOOK: Input: default@cmv_basetable
PREHOOK: Input: default@cmv_basetable_2
PREHOOK: Output: default@cmv_mat_view
POSTHOOK: query: ALTER MATERIALIZED VIEW cmv_mat_view REBUILD
POSTHOOK: type: QUERY
POSTHOOK: Input: default@cmv_basetable
POSTHOOK: Input: default@cmv_basetable_2
POSTHOOK: Output: default@cmv_mat_view
POSTHOOK: Lineage: cmv_mat_view.a SIMPLE [(cmv_basetable)cmv_basetable.FieldSchema(name:a, type:int, comment:null), ]
POSTHOOK: Lineage: cmv_mat_view.c SIMPLE [(cmv_basetable_2)cmv_basetable_2.FieldSchema(name:c, type:decimal(10,2), comment:null), ]
PREHOOK: query: EXPLAIN
SELECT cmv_basetable.a
FROM cmv_basetable join cmv_basetable_2 ON (cmv_basetable.a = cmv_basetable_2.a)
WHERE cmv_basetable_2.c > 10.10
PREHOOK: type: QUERY
POSTHOOK: query: EXPLAIN
SELECT cmv_basetable.a
FROM cmv_basetable join cmv_basetable_2 ON (cmv_basetable.a = cmv_basetable_2.a)
WHERE cmv_basetable_2.c > 10.10
POSTHOOK: type: QUERY
STAGE DEPENDENCIES:
  Stage-1 is a root stage
  Stage-0 depends on stages: Stage-1

STAGE PLANS:
  Stage: Stage-1
    Map Reduce
      Map Operator Tree:
          TableScan
            alias: default.cmv_mat_view
            Statistics: Num rows: 6 Data size: 7610 Basic stats: COMPLETE Column stats: NONE
            Filter Operator
              predicate: (c > 10.1) (type: boolean)
              Statistics: Num rows: 2 Data size: 2536 Basic stats: COMPLETE Column stats: NONE
              Select Operator
                expressions: a (type: int)
                outputColumnNames: _col0
                Statistics: Num rows: 2 Data size: 2536 Basic stats: COMPLETE Column stats: NONE
                File Output Operator
                  compressed: false
                  Statistics: Num rows: 2 Data size: 2536 Basic stats: COMPLETE Column stats: NONE
                  table:
                      input format: org.apache.hadoop.mapred.SequenceFileInputFormat
                      output format: org.apache.hadoop.hive.ql.io.HiveSequenceFileOutputFormat
                      serde: org.apache.hadoop.hive.serde2.lazy.LazySimpleSerDe

  Stage: Stage-0
    Fetch Operator
      limit: -1
      Processor Tree:
        ListSink

PREHOOK: query: SELECT cmv_basetable.a
FROM cmv_basetable JOIN cmv_basetable_2 ON (cmv_basetable.a = cmv_basetable_2.a)
WHERE cmv_basetable_2.c > 10.10
PREHOOK: type: QUERY
PREHOOK: Input: default@cmv_basetable
PREHOOK: Input: default@cmv_basetable_2
PREHOOK: Input: default@cmv_mat_view
#### A masked pattern was here ####
POSTHOOK: query: SELECT cmv_basetable.a
FROM cmv_basetable JOIN cmv_basetable_2 ON (cmv_basetable.a = cmv_basetable_2.a)
WHERE cmv_basetable_2.c > 10.10
POSTHOOK: type: QUERY
POSTHOOK: Input: default@cmv_basetable
POSTHOOK: Input: default@cmv_basetable_2
POSTHOOK: Input: default@cmv_mat_view
#### A masked pattern was here ####
2
2
3
3
3
3
PREHOOK: query: DELETE FROM cmv_basetable_2 WHERE a=2
PREHOOK: type: QUERY
PREHOOK: Input: default@cmv_basetable_2
PREHOOK: Output: default@cmv_basetable_2
POSTHOOK: query: DELETE FROM cmv_basetable_2 WHERE a=2
POSTHOOK: type: QUERY
POSTHOOK: Input: default@cmv_basetable_2
POSTHOOK: Output: default@cmv_basetable_2
PREHOOK: query: EXPLAIN
ALTER MATERIALIZED VIEW cmv_mat_view REBUILD
PREHOOK: type: QUERY
POSTHOOK: query: EXPLAIN
ALTER MATERIALIZED VIEW cmv_mat_view REBUILD
POSTHOOK: type: QUERY
STAGE DEPENDENCIES:
  Stage-1 is a root stage
  Stage-0 depends on stages: Stage-1
  Stage-2 depends on stages: Stage-0, Stage-3
  Stage-5 depends on stages: Stage-2
  Stage-3 depends on stages: Stage-1

STAGE PLANS:
  Stage: Stage-1
    Map Reduce
      Map Operator Tree:
          TableScan
            alias: cmv_basetable
            Statistics: Num rows: 5 Data size: 1205 Basic stats: COMPLETE Column stats: NONE
            Filter Operator
              predicate: a is not null (type: boolean)
              Statistics: Num rows: 5 Data size: 1205 Basic stats: COMPLETE Column stats: NONE
              Select Operator
                expressions: a (type: int)
                outputColumnNames: _col0
                Statistics: Num rows: 5 Data size: 1205 Basic stats: COMPLETE Column stats: NONE
                Reduce Output Operator
                  key expressions: _col0 (type: int)
                  sort order: +
                  Map-reduce partition columns: _col0 (type: int)
                  Statistics: Num rows: 5 Data size: 1205 Basic stats: COMPLETE Column stats: NONE
          TableScan
            alias: cmv_basetable_2
            Statistics: Num rows: 70 Data size: 39520 Basic stats: COMPLETE Column stats: NONE
            Filter Operator
              predicate: ((c > 10) and a is not null) (type: boolean)
              Statistics: Num rows: 23 Data size: 12985 Basic stats: COMPLETE Column stats: NONE
              Select Operator
                expressions: a (type: int), c (type: decimal(10,2))
                outputColumnNames: _col0, _col1
                Statistics: Num rows: 23 Data size: 12985 Basic stats: COMPLETE Column stats: NONE
                Reduce Output Operator
                  key expressions: _col0 (type: int)
                  sort order: +
                  Map-reduce partition columns: _col0 (type: int)
                  Statistics: Num rows: 23 Data size: 12985 Basic stats: COMPLETE Column stats: NONE
                  value expressions: _col1 (type: decimal(10,2))
      Reduce Operator Tree:
        Join Operator
          condition map:
               Inner Join 0 to 1
          keys:
            0 _col0 (type: int)
            1 _col0 (type: int)
          outputColumnNames: _col0, _col2
          Statistics: Num rows: 25 Data size: 14283 Basic stats: COMPLETE Column stats: NONE
          Select Operator
            expressions: _col0 (type: int), _col2 (type: decimal(10,2))
            outputColumnNames: _col0, _col1
            Statistics: Num rows: 25 Data size: 14283 Basic stats: COMPLETE Column stats: NONE
            File Output Operator
              compressed: false
              Statistics: Num rows: 25 Data size: 14283 Basic stats: COMPLETE Column stats: NONE
              table:
                  input format: org.apache.hadoop.hive.ql.io.orc.OrcInputFormat
                  output format: org.apache.hadoop.hive.ql.io.orc.OrcOutputFormat
                  serde: org.apache.hadoop.hive.ql.io.orc.OrcSerde
                  name: default.cmv_mat_view
              Write Type: INSERT
            Select Operator
              expressions: _col0 (type: int), _col1 (type: decimal(10,2))
              outputColumnNames: a, c
              Statistics: Num rows: 25 Data size: 14283 Basic stats: COMPLETE Column stats: NONE
              Group By Operator
                aggregations: compute_stats(a, 'hll'), compute_stats(c, 'hll')
                mode: hash
                outputColumnNames: _col0, _col1
                Statistics: Num rows: 1 Data size: 1056 Basic stats: COMPLETE Column stats: NONE
                File Output Operator
                  compressed: false
                  table:
                      input format: org.apache.hadoop.mapred.SequenceFileInputFormat
                      output format: org.apache.hadoop.hive.ql.io.HiveSequenceFileOutputFormat
                      serde: org.apache.hadoop.hive.serde2.lazybinary.LazyBinarySerDe

  Stage: Stage-0
    Move Operator
      tables:
          replace: false
          table:
              input format: org.apache.hadoop.hive.ql.io.orc.OrcInputFormat
              output format: org.apache.hadoop.hive.ql.io.orc.OrcOutputFormat
              serde: org.apache.hadoop.hive.ql.io.orc.OrcSerde
              name: default.cmv_mat_view
          Write Type: INSERT

  Stage: Stage-2
    Stats Work
      Basic Stats Work:
      Column Stats Desc:
          Columns: a, c
          Column Types: int, decimal(10,2)
          Table: default.cmv_mat_view

  Stage: Stage-5
    Materialized View Work

  Stage: Stage-3
    Map Reduce
      Map Operator Tree:
          TableScan
            Reduce Output Operator
              sort order: 
              Statistics: Num rows: 1 Data size: 1056 Basic stats: COMPLETE Column stats: NONE
              value expressions: _col0 (type: struct<columntype:string,min:bigint,max:bigint,countnulls:bigint,bitvector:binary>), _col1 (type: struct<columntype:string,min:decimal(10,2),max:decimal(10,2),countnulls:bigint,bitvector:binary>)
      Reduce Operator Tree:
        Group By Operator
          aggregations: compute_stats(VALUE._col0), compute_stats(VALUE._col1)
          mode: mergepartial
          outputColumnNames: _col0, _col1
          Statistics: Num rows: 1 Data size: 1088 Basic stats: COMPLETE Column stats: NONE
          File Output Operator
            compressed: false
            Statistics: Num rows: 1 Data size: 1088 Basic stats: COMPLETE Column stats: NONE
            table:
                input format: org.apache.hadoop.mapred.SequenceFileInputFormat
                output format: org.apache.hadoop.hive.ql.io.HiveSequenceFileOutputFormat
                serde: org.apache.hadoop.hive.serde2.lazy.LazySimpleSerDe

PREHOOK: query: ALTER MATERIALIZED VIEW cmv_mat_view REBUILD
PREHOOK: type: QUERY
PREHOOK: Input: default@cmv_basetable
PREHOOK: Input: default@cmv_basetable_2
PREHOOK: Output: default@cmv_mat_view
POSTHOOK: query: ALTER MATERIALIZED VIEW cmv_mat_view REBUILD
POSTHOOK: type: QUERY
POSTHOOK: Input: default@cmv_basetable
POSTHOOK: Input: default@cmv_basetable_2
POSTHOOK: Output: default@cmv_mat_view
POSTHOOK: Lineage: cmv_mat_view.a SIMPLE [(cmv_basetable)cmv_basetable.FieldSchema(name:a, type:int, comment:null), ]
POSTHOOK: Lineage: cmv_mat_view.c SIMPLE [(cmv_basetable_2)cmv_basetable_2.FieldSchema(name:c, type:decimal(10,2), comment:null), ]
PREHOOK: query: EXPLAIN
SELECT cmv_basetable.a
FROM cmv_basetable join cmv_basetable_2 ON (cmv_basetable.a = cmv_basetable_2.a)
WHERE cmv_basetable_2.c > 10.10
PREHOOK: type: QUERY
POSTHOOK: query: EXPLAIN
SELECT cmv_basetable.a
FROM cmv_basetable join cmv_basetable_2 ON (cmv_basetable.a = cmv_basetable_2.a)
WHERE cmv_basetable_2.c > 10.10
POSTHOOK: type: QUERY
STAGE DEPENDENCIES:
  Stage-1 is a root stage
  Stage-0 depends on stages: Stage-1

STAGE PLANS:
  Stage: Stage-1
    Map Reduce
      Map Operator Tree:
          TableScan
            alias: default.cmv_mat_view
            Statistics: Num rows: 4 Data size: 7480 Basic stats: COMPLETE Column stats: NONE
            Filter Operator
              predicate: (c > 10.1) (type: boolean)
              Statistics: Num rows: 1 Data size: 1870 Basic stats: COMPLETE Column stats: NONE
              Select Operator
                expressions: a (type: int)
                outputColumnNames: _col0
                Statistics: Num rows: 1 Data size: 1870 Basic stats: COMPLETE Column stats: NONE
                File Output Operator
                  compressed: false
                  Statistics: Num rows: 1 Data size: 1870 Basic stats: COMPLETE Column stats: NONE
                  table:
                      input format: org.apache.hadoop.mapred.SequenceFileInputFormat
                      output format: org.apache.hadoop.hive.ql.io.HiveSequenceFileOutputFormat
                      serde: org.apache.hadoop.hive.serde2.lazy.LazySimpleSerDe

  Stage: Stage-0
    Fetch Operator
      limit: -1
      Processor Tree:
        ListSink

PREHOOK: query: SELECT cmv_basetable.a
FROM cmv_basetable JOIN cmv_basetable_2 ON (cmv_basetable.a = cmv_basetable_2.a)
WHERE cmv_basetable_2.c > 10.10
PREHOOK: type: QUERY
PREHOOK: Input: default@cmv_basetable
PREHOOK: Input: default@cmv_basetable_2
PREHOOK: Input: default@cmv_mat_view
#### A masked pattern was here ####
POSTHOOK: query: SELECT cmv_basetable.a
FROM cmv_basetable JOIN cmv_basetable_2 ON (cmv_basetable.a = cmv_basetable_2.a)
WHERE cmv_basetable_2.c > 10.10
POSTHOOK: type: QUERY
POSTHOOK: Input: default@cmv_basetable
POSTHOOK: Input: default@cmv_basetable_2
POSTHOOK: Input: default@cmv_mat_view
#### A masked pattern was here ####
3
3
3
3
PREHOOK: query: insert into cmv_basetable_2 values
 (1, 'charlie', 15.8, 1)
PREHOOK: type: QUERY
PREHOOK: Input: _dummy_database@_dummy_table
PREHOOK: Output: default@cmv_basetable_2
POSTHOOK: query: insert into cmv_basetable_2 values
 (1, 'charlie', 15.8, 1)
POSTHOOK: type: QUERY
POSTHOOK: Input: _dummy_database@_dummy_table
POSTHOOK: Output: default@cmv_basetable_2
POSTHOOK: Lineage: cmv_basetable_2.a SCRIPT []
POSTHOOK: Lineage: cmv_basetable_2.b SCRIPT []
POSTHOOK: Lineage: cmv_basetable_2.c SCRIPT []
POSTHOOK: Lineage: cmv_basetable_2.d SCRIPT []
PREHOOK: query: EXPLAIN
ALTER MATERIALIZED VIEW cmv_mat_view REBUILD
PREHOOK: type: QUERY
POSTHOOK: query: EXPLAIN
ALTER MATERIALIZED VIEW cmv_mat_view REBUILD
POSTHOOK: type: QUERY
STAGE DEPENDENCIES:
  Stage-1 is a root stage
  Stage-0 depends on stages: Stage-1
  Stage-2 depends on stages: Stage-0, Stage-3
  Stage-5 depends on stages: Stage-2
  Stage-3 depends on stages: Stage-1

STAGE PLANS:
  Stage: Stage-1
    Map Reduce
      Map Operator Tree:
          TableScan
            alias: cmv_basetable
            Statistics: Num rows: 5 Data size: 1205 Basic stats: COMPLETE Column stats: NONE
            Filter Operator
              predicate: a is not null (type: boolean)
              Statistics: Num rows: 5 Data size: 1205 Basic stats: COMPLETE Column stats: NONE
              Select Operator
                expressions: a (type: int)
                outputColumnNames: _col0
                Statistics: Num rows: 5 Data size: 1205 Basic stats: COMPLETE Column stats: NONE
                Reduce Output Operator
                  key expressions: _col0 (type: int)
                  sort order: +
                  Map-reduce partition columns: _col0 (type: int)
                  Statistics: Num rows: 5 Data size: 1205 Basic stats: COMPLETE Column stats: NONE
          TableScan
            alias: cmv_basetable_2
            Statistics: Num rows: 85 Data size: 47910 Basic stats: COMPLETE Column stats: NONE
            Filter Operator
              predicate: ((ROW__ID.writeid > 4) and (c > 10) and a is not null) (type: boolean)
              Statistics: Num rows: 9 Data size: 5072 Basic stats: COMPLETE Column stats: NONE
              Select Operator
                expressions: a (type: int), c (type: decimal(10,2))
                outputColumnNames: _col0, _col1
                Statistics: Num rows: 9 Data size: 5072 Basic stats: COMPLETE Column stats: NONE
                Reduce Output Operator
                  key expressions: _col0 (type: int)
                  sort order: +
                  Map-reduce partition columns: _col0 (type: int)
                  Statistics: Num rows: 9 Data size: 5072 Basic stats: COMPLETE Column stats: NONE
                  value expressions: _col1 (type: decimal(10,2))
      Reduce Operator Tree:
        Join Operator
          condition map:
               Inner Join 0 to 1
          keys:
            0 _col0 (type: int)
            1 _col0 (type: int)
          outputColumnNames: _col0, _col2
          Statistics: Num rows: 9 Data size: 5579 Basic stats: COMPLETE Column stats: NONE
          Select Operator
            expressions: _col0 (type: int), _col2 (type: decimal(10,2))
            outputColumnNames: _col0, _col1
            Statistics: Num rows: 9 Data size: 5579 Basic stats: COMPLETE Column stats: NONE
            File Output Operator
              compressed: false
              Statistics: Num rows: 9 Data size: 5579 Basic stats: COMPLETE Column stats: NONE
              table:
                  input format: org.apache.hadoop.hive.ql.io.orc.OrcInputFormat
                  output format: org.apache.hadoop.hive.ql.io.orc.OrcOutputFormat
                  serde: org.apache.hadoop.hive.ql.io.orc.OrcSerde
                  name: default.cmv_mat_view
              Write Type: INSERT
            Select Operator
              expressions: _col0 (type: int), _col1 (type: decimal(10,2))
              outputColumnNames: a, c
              Statistics: Num rows: 9 Data size: 5579 Basic stats: COMPLETE Column stats: NONE
              Group By Operator
                aggregations: compute_stats(a, 'hll'), compute_stats(c, 'hll')
                mode: hash
                outputColumnNames: _col0, _col1
                Statistics: Num rows: 1 Data size: 1056 Basic stats: COMPLETE Column stats: NONE
                File Output Operator
                  compressed: false
                  table:
                      input format: org.apache.hadoop.mapred.SequenceFileInputFormat
                      output format: org.apache.hadoop.hive.ql.io.HiveSequenceFileOutputFormat
                      serde: org.apache.hadoop.hive.serde2.lazybinary.LazyBinarySerDe

  Stage: Stage-0
    Move Operator
      tables:
          replace: false
          table:
              input format: org.apache.hadoop.hive.ql.io.orc.OrcInputFormat
              output format: org.apache.hadoop.hive.ql.io.orc.OrcOutputFormat
              serde: org.apache.hadoop.hive.ql.io.orc.OrcSerde
              name: default.cmv_mat_view
          Write Type: INSERT

  Stage: Stage-2
    Stats Work
      Basic Stats Work:
      Column Stats Desc:
          Columns: a, c
          Column Types: int, decimal(10,2)
          Table: default.cmv_mat_view

  Stage: Stage-5
    Materialized View Work

  Stage: Stage-3
    Map Reduce
      Map Operator Tree:
          TableScan
            Reduce Output Operator
              sort order: 
              Statistics: Num rows: 1 Data size: 1056 Basic stats: COMPLETE Column stats: NONE
              value expressions: _col0 (type: struct<columntype:string,min:bigint,max:bigint,countnulls:bigint,bitvector:binary>), _col1 (type: struct<columntype:string,min:decimal(10,2),max:decimal(10,2),countnulls:bigint,bitvector:binary>)
      Reduce Operator Tree:
        Group By Operator
          aggregations: compute_stats(VALUE._col0), compute_stats(VALUE._col1)
          mode: mergepartial
          outputColumnNames: _col0, _col1
          Statistics: Num rows: 1 Data size: 1088 Basic stats: COMPLETE Column stats: NONE
          File Output Operator
            compressed: false
            Statistics: Num rows: 1 Data size: 1088 Basic stats: COMPLETE Column stats: NONE
            table:
                input format: org.apache.hadoop.mapred.SequenceFileInputFormat
                output format: org.apache.hadoop.hive.ql.io.HiveSequenceFileOutputFormat
                serde: org.apache.hadoop.hive.serde2.lazy.LazySimpleSerDe

PREHOOK: query: ALTER MATERIALIZED VIEW cmv_mat_view REBUILD
PREHOOK: type: QUERY
PREHOOK: Input: default@cmv_basetable
PREHOOK: Input: default@cmv_basetable_2
PREHOOK: Output: default@cmv_mat_view
POSTHOOK: query: ALTER MATERIALIZED VIEW cmv_mat_view REBUILD
POSTHOOK: type: QUERY
POSTHOOK: Input: default@cmv_basetable
POSTHOOK: Input: default@cmv_basetable_2
POSTHOOK: Output: default@cmv_mat_view
POSTHOOK: Lineage: cmv_mat_view.a SIMPLE [(cmv_basetable)cmv_basetable.FieldSchema(name:a, type:int, comment:null), ]
POSTHOOK: Lineage: cmv_mat_view.c SIMPLE [(cmv_basetable_2)cmv_basetable_2.FieldSchema(name:c, type:decimal(10,2), comment:null), ]
PREHOOK: query: EXPLAIN
SELECT cmv_basetable.a
FROM cmv_basetable join cmv_basetable_2 ON (cmv_basetable.a = cmv_basetable_2.a)
WHERE cmv_basetable_2.c > 10.10
PREHOOK: type: QUERY
POSTHOOK: query: EXPLAIN
SELECT cmv_basetable.a
FROM cmv_basetable join cmv_basetable_2 ON (cmv_basetable.a = cmv_basetable_2.a)
WHERE cmv_basetable_2.c > 10.10
POSTHOOK: type: QUERY
STAGE DEPENDENCIES:
  Stage-1 is a root stage
  Stage-0 depends on stages: Stage-1

STAGE PLANS:
  Stage: Stage-1
    Map Reduce
      Map Operator Tree:
          TableScan
            alias: default.cmv_mat_view
            Statistics: Num rows: 48 Data size: 14440 Basic stats: COMPLETE Column stats: NONE
            Filter Operator
              predicate: (c > 10.1) (type: boolean)
              Statistics: Num rows: 16 Data size: 4813 Basic stats: COMPLETE Column stats: NONE
              Select Operator
                expressions: a (type: int)
                outputColumnNames: _col0
                Statistics: Num rows: 16 Data size: 4813 Basic stats: COMPLETE Column stats: NONE
                File Output Operator
                  compressed: false
                  Statistics: Num rows: 16 Data size: 4813 Basic stats: COMPLETE Column stats: NONE
                  table:
                      input format: org.apache.hadoop.mapred.SequenceFileInputFormat
                      output format: org.apache.hadoop.hive.ql.io.HiveSequenceFileOutputFormat
                      serde: org.apache.hadoop.hive.serde2.lazy.LazySimpleSerDe

  Stage: Stage-0
    Fetch Operator
      limit: -1
      Processor Tree:
        ListSink

PREHOOK: query: SELECT cmv_basetable.a
FROM cmv_basetable JOIN cmv_basetable_2 ON (cmv_basetable.a = cmv_basetable_2.a)
WHERE cmv_basetable_2.c > 10.10
PREHOOK: type: QUERY
PREHOOK: Input: default@cmv_basetable
PREHOOK: Input: default@cmv_basetable_2
PREHOOK: Input: default@cmv_mat_view
#### A masked pattern was here ####
POSTHOOK: query: SELECT cmv_basetable.a
FROM cmv_basetable JOIN cmv_basetable_2 ON (cmv_basetable.a = cmv_basetable_2.a)
WHERE cmv_basetable_2.c > 10.10
POSTHOOK: type: QUERY
POSTHOOK: Input: default@cmv_basetable
POSTHOOK: Input: default@cmv_basetable_2
POSTHOOK: Input: default@cmv_mat_view
#### A masked pattern was here ####
3
3
3
3
1
PREHOOK: query: drop materialized view cmv_mat_view
PREHOOK: type: DROP_MATERIALIZED_VIEW
PREHOOK: Input: default@cmv_mat_view
PREHOOK: Output: default@cmv_mat_view
POSTHOOK: query: drop materialized view cmv_mat_view
POSTHOOK: type: DROP_MATERIALIZED_VIEW
POSTHOOK: Input: default@cmv_mat_view
POSTHOOK: Output: default@cmv_mat_view
