PREHOOK: query: create table cmv_basetable (a int, b varchar(256), c decimal(10,2), d int) stored as orc TBLPROPERTIES ('transactional'='true')
PREHOOK: type: CREATETABLE
PREHOOK: Output: database:default
PREHOOK: Output: default@cmv_basetable
POSTHOOK: query: create table cmv_basetable (a int, b varchar(256), c decimal(10,2), d int) stored as orc TBLPROPERTIES ('transactional'='true')
POSTHOOK: type: CREATETABLE
POSTHOOK: Output: database:default
POSTHOOK: Output: default@cmv_basetable
PREHOOK: query: insert into cmv_basetable values
 (1, 'alfred', 10.30, 2),
 (2, 'bob', 3.14, 3),
 (2, 'bonnie', 172342.2, 3),
 (3, 'calvin', 978.76, 3),
 (3, 'charlie', 9.8, 1)
PREHOOK: type: QUERY
PREHOOK: Input: _dummy_database@_dummy_table
PREHOOK: Output: default@cmv_basetable
POSTHOOK: query: insert into cmv_basetable values
 (1, 'alfred', 10.30, 2),
 (2, 'bob', 3.14, 3),
 (2, 'bonnie', 172342.2, 3),
 (3, 'calvin', 978.76, 3),
 (3, 'charlie', 9.8, 1)
POSTHOOK: type: QUERY
POSTHOOK: Input: _dummy_database@_dummy_table
POSTHOOK: Output: default@cmv_basetable
POSTHOOK: Lineage: cmv_basetable.a SCRIPT []
POSTHOOK: Lineage: cmv_basetable.b SCRIPT []
POSTHOOK: Lineage: cmv_basetable.c SCRIPT []
POSTHOOK: Lineage: cmv_basetable.d SCRIPT []
PREHOOK: query: analyze table cmv_basetable compute statistics for columns
PREHOOK: type: QUERY
PREHOOK: Input: default@cmv_basetable
PREHOOK: Output: default@cmv_basetable
#### A masked pattern was here ####
POSTHOOK: query: analyze table cmv_basetable compute statistics for columns
POSTHOOK: type: QUERY
POSTHOOK: Input: default@cmv_basetable
POSTHOOK: Output: default@cmv_basetable
#### A masked pattern was here ####
PREHOOK: query: create table cmv_basetable_2 (a int, b varchar(256), c decimal(10,2), d int) stored as orc TBLPROPERTIES ('transactional'='true')
PREHOOK: type: CREATETABLE
PREHOOK: Output: database:default
PREHOOK: Output: default@cmv_basetable_2
POSTHOOK: query: create table cmv_basetable_2 (a int, b varchar(256), c decimal(10,2), d int) stored as orc TBLPROPERTIES ('transactional'='true')
POSTHOOK: type: CREATETABLE
POSTHOOK: Output: database:default
POSTHOOK: Output: default@cmv_basetable_2
PREHOOK: query: insert into cmv_basetable_2 values
 (1, 'alfred', 10.30, 2),
 (3, 'calvin', 978.76, 3)
PREHOOK: type: QUERY
PREHOOK: Input: _dummy_database@_dummy_table
PREHOOK: Output: default@cmv_basetable_2
POSTHOOK: query: insert into cmv_basetable_2 values
 (1, 'alfred', 10.30, 2),
 (3, 'calvin', 978.76, 3)
POSTHOOK: type: QUERY
POSTHOOK: Input: _dummy_database@_dummy_table
POSTHOOK: Output: default@cmv_basetable_2
POSTHOOK: Lineage: cmv_basetable_2.a SCRIPT []
POSTHOOK: Lineage: cmv_basetable_2.b SCRIPT []
POSTHOOK: Lineage: cmv_basetable_2.c SCRIPT []
POSTHOOK: Lineage: cmv_basetable_2.d SCRIPT []
PREHOOK: query: analyze table cmv_basetable_2 compute statistics for columns
PREHOOK: type: QUERY
PREHOOK: Input: default@cmv_basetable_2
PREHOOK: Output: default@cmv_basetable_2
#### A masked pattern was here ####
POSTHOOK: query: analyze table cmv_basetable_2 compute statistics for columns
POSTHOOK: type: QUERY
POSTHOOK: Input: default@cmv_basetable_2
POSTHOOK: Output: default@cmv_basetable_2
#### A masked pattern was here ####
PREHOOK: query: EXPLAIN
CREATE MATERIALIZED VIEW cmv_mat_view TBLPROPERTIES ('transactional'='true') AS
  SELECT cmv_basetable.a, cmv_basetable_2.c, sum(cmv_basetable_2.d)
  FROM cmv_basetable JOIN cmv_basetable_2 ON (cmv_basetable.a = cmv_basetable_2.a)
  WHERE cmv_basetable_2.c > 10.0
  GROUP BY cmv_basetable.a, cmv_basetable_2.c
PREHOOK: type: CREATE_MATERIALIZED_VIEW
POSTHOOK: query: EXPLAIN
CREATE MATERIALIZED VIEW cmv_mat_view TBLPROPERTIES ('transactional'='true') AS
  SELECT cmv_basetable.a, cmv_basetable_2.c, sum(cmv_basetable_2.d)
  FROM cmv_basetable JOIN cmv_basetable_2 ON (cmv_basetable.a = cmv_basetable_2.a)
  WHERE cmv_basetable_2.c > 10.0
  GROUP BY cmv_basetable.a, cmv_basetable_2.c
POSTHOOK: type: CREATE_MATERIALIZED_VIEW
STAGE DEPENDENCIES:
  Stage-1 is a root stage
  Stage-2 depends on stages: Stage-1
  Stage-0 depends on stages: Stage-2
  Stage-5 depends on stages: Stage-0
  Stage-3 depends on stages: Stage-5
  Stage-6 depends on stages: Stage-3

STAGE PLANS:
  Stage: Stage-1
    Map Reduce
      Map Operator Tree:
          TableScan
            alias: cmv_basetable
            Statistics: Num rows: 5 Data size: 1205 Basic stats: COMPLETE Column stats: NONE
            Filter Operator
              predicate: a is not null (type: boolean)
              Statistics: Num rows: 5 Data size: 1205 Basic stats: COMPLETE Column stats: NONE
              Select Operator
                expressions: a (type: int)
                outputColumnNames: _col0
                Statistics: Num rows: 5 Data size: 1205 Basic stats: COMPLETE Column stats: NONE
                Reduce Output Operator
                  key expressions: _col0 (type: int)
                  sort order: +
                  Map-reduce partition columns: _col0 (type: int)
                  Statistics: Num rows: 5 Data size: 1205 Basic stats: COMPLETE Column stats: NONE
          TableScan
            alias: cmv_basetable_2
            Statistics: Num rows: 2 Data size: 484 Basic stats: COMPLETE Column stats: NONE
            Filter Operator
              predicate: ((c > 10) and a is not null) (type: boolean)
              Statistics: Num rows: 1 Data size: 242 Basic stats: COMPLETE Column stats: NONE
              Select Operator
                expressions: a (type: int), c (type: decimal(10,2)), d (type: int)
                outputColumnNames: _col0, _col1, _col2
                Statistics: Num rows: 1 Data size: 242 Basic stats: COMPLETE Column stats: NONE
                Reduce Output Operator
                  key expressions: _col0 (type: int)
                  sort order: +
                  Map-reduce partition columns: _col0 (type: int)
                  Statistics: Num rows: 1 Data size: 242 Basic stats: COMPLETE Column stats: NONE
                  value expressions: _col1 (type: decimal(10,2)), _col2 (type: int)
      Reduce Operator Tree:
        Join Operator
          condition map:
               Inner Join 0 to 1
          keys:
            0 _col0 (type: int)
            1 _col0 (type: int)
          outputColumnNames: _col0, _col2, _col3
          Statistics: Num rows: 5 Data size: 1325 Basic stats: COMPLETE Column stats: NONE
          Group By Operator
            aggregations: sum(_col3)
            keys: _col0 (type: int), _col2 (type: decimal(10,2))
            mode: hash
            outputColumnNames: _col0, _col1, _col2
            Statistics: Num rows: 5 Data size: 1325 Basic stats: COMPLETE Column stats: NONE
            File Output Operator
              compressed: false
              table:
                  input format: org.apache.hadoop.mapred.SequenceFileInputFormat
                  output format: org.apache.hadoop.hive.ql.io.HiveSequenceFileOutputFormat
                  serde: org.apache.hadoop.hive.serde2.lazybinary.LazyBinarySerDe

  Stage: Stage-2
    Map Reduce
      Map Operator Tree:
          TableScan
            Reduce Output Operator
              key expressions: _col0 (type: int), _col1 (type: decimal(10,2))
              sort order: ++
              Map-reduce partition columns: _col0 (type: int), _col1 (type: decimal(10,2))
              Statistics: Num rows: 5 Data size: 1325 Basic stats: COMPLETE Column stats: NONE
              value expressions: _col2 (type: bigint)
      Reduce Operator Tree:
        Group By Operator
          aggregations: sum(VALUE._col0)
          keys: KEY._col0 (type: int), KEY._col1 (type: decimal(10,2))
          mode: mergepartial
          outputColumnNames: _col0, _col1, _col2
          Statistics: Num rows: 2 Data size: 530 Basic stats: COMPLETE Column stats: NONE
          File Output Operator
            compressed: false
            Statistics: Num rows: 2 Data size: 530 Basic stats: COMPLETE Column stats: NONE
            table:
                input format: org.apache.hadoop.hive.ql.io.orc.OrcInputFormat
                output format: org.apache.hadoop.hive.ql.io.orc.OrcOutputFormat
                serde: org.apache.hadoop.hive.ql.io.orc.OrcSerde
                name: default.cmv_mat_view

  Stage: Stage-0
    Move Operator
      files:
          hdfs directory: true
#### A masked pattern was here ####

  Stage: Stage-5
      Create View Operator:
        Create View
          columns: a int, c decimal(10,2), _c2 bigint
          table properties:
            transactional true
          expanded text: SELECT `cmv_basetable`.`a`, `cmv_basetable_2`.`c`, sum(`cmv_basetable_2`.`d`)
  FROM `default`.`cmv_basetable` JOIN `default`.`cmv_basetable_2` ON (`cmv_basetable`.`a` = `cmv_basetable_2`.`a`)
  WHERE `cmv_basetable_2`.`c` > 10.0
  GROUP BY `cmv_basetable`.`a`, `cmv_basetable_2`.`c`
          name: default.cmv_mat_view
          original text: SELECT cmv_basetable.a, cmv_basetable_2.c, sum(cmv_basetable_2.d)
  FROM cmv_basetable JOIN cmv_basetable_2 ON (cmv_basetable.a = cmv_basetable_2.a)
  WHERE cmv_basetable_2.c > 10.0
  GROUP BY cmv_basetable.a, cmv_basetable_2.c

  Stage: Stage-3
    Stats Work
      Basic Stats Work:

  Stage: Stage-6
    Materialized View Work

PREHOOK: query: CREATE MATERIALIZED VIEW cmv_mat_view TBLPROPERTIES ('transactional'='true') AS
  SELECT cmv_basetable.a, cmv_basetable_2.c, sum(cmv_basetable_2.d)
  FROM cmv_basetable JOIN cmv_basetable_2 ON (cmv_basetable.a = cmv_basetable_2.a)
  WHERE cmv_basetable_2.c > 10.0
  GROUP BY cmv_basetable.a, cmv_basetable_2.c
PREHOOK: type: CREATE_MATERIALIZED_VIEW
PREHOOK: Input: default@cmv_basetable
PREHOOK: Input: default@cmv_basetable_2
PREHOOK: Output: database:default
PREHOOK: Output: default@cmv_mat_view
POSTHOOK: query: CREATE MATERIALIZED VIEW cmv_mat_view TBLPROPERTIES ('transactional'='true') AS
  SELECT cmv_basetable.a, cmv_basetable_2.c, sum(cmv_basetable_2.d)
  FROM cmv_basetable JOIN cmv_basetable_2 ON (cmv_basetable.a = cmv_basetable_2.a)
  WHERE cmv_basetable_2.c > 10.0
  GROUP BY cmv_basetable.a, cmv_basetable_2.c
POSTHOOK: type: CREATE_MATERIALIZED_VIEW
POSTHOOK: Input: default@cmv_basetable
POSTHOOK: Input: default@cmv_basetable_2
POSTHOOK: Output: database:default
POSTHOOK: Output: default@cmv_mat_view
PREHOOK: query: analyze table cmv_mat_view compute statistics for columns
PREHOOK: type: QUERY
PREHOOK: Input: default@cmv_mat_view
PREHOOK: Output: default@cmv_mat_view
#### A masked pattern was here ####
POSTHOOK: query: analyze table cmv_mat_view compute statistics for columns
POSTHOOK: type: QUERY
POSTHOOK: Input: default@cmv_mat_view
POSTHOOK: Output: default@cmv_mat_view
#### A masked pattern was here ####
PREHOOK: query: DESCRIBE FORMATTED cmv_mat_view
PREHOOK: type: DESCTABLE
PREHOOK: Input: default@cmv_mat_view
POSTHOOK: query: DESCRIBE FORMATTED cmv_mat_view
POSTHOOK: type: DESCTABLE
POSTHOOK: Input: default@cmv_mat_view
# col_name            	data_type           	comment             
a                   	int                 	                    
c                   	decimal(10,2)       	                    
_c2                 	bigint              	                    
	 	 
# Detailed Table Information	 	 
Database:           	default             	 
#### A masked pattern was here ####
Retention:          	0                   	 
#### A masked pattern was here ####
Table Type:         	MATERIALIZED_VIEW   	 
Table Parameters:	 	 
	COLUMN_STATS_ACCURATE	{\"BASIC_STATS\":\"true\",\"COLUMN_STATS\":{\"_c2\":\"true\",\"a\":\"true\",\"c\":\"true\"}}
	numFiles            	1                   
	numRows             	2                   
	rawDataSize         	248                 
	totalSize           	385                 
	transactional       	true                
	transactional_properties	default             
#### A masked pattern was here ####
	 	 
# Storage Information	 	 
SerDe Library:      	org.apache.hadoop.hive.ql.io.orc.OrcSerde	 
InputFormat:        	org.apache.hadoop.hive.ql.io.orc.OrcInputFormat	 
OutputFormat:       	org.apache.hadoop.hive.ql.io.orc.OrcOutputFormat	 
Compressed:         	No                  	 
Num Buckets:        	-1                  	 
Bucket Columns:     	[]                  	 
Sort Columns:       	[]                  	 
	 	 
# View Information	 	 
View Original Text: 	SELECT cmv_basetable.a, cmv_basetable_2.c, sum(cmv_basetable_2.d)	 
	                    	  FROM cmv_basetable JOIN cmv_basetable_2 ON (cmv_basetable.a = cmv_basetable_2.a)
	                    	  WHERE cmv_basetable_2.c > 10.0
	                    	  GROUP BY cmv_basetable.a, cmv_basetable_2.c
View Expanded Text: 	SELECT `cmv_basetable`.`a`, `cmv_basetable_2`.`c`, sum(`cmv_basetable_2`.`d`)	 
	                    	  FROM `default`.`cmv_basetable` JOIN `default`.`cmv_basetable_2` ON (`cmv_basetable`.`a` = `cmv_basetable_2`.`a`)
	                    	  WHERE `cmv_basetable_2`.`c` > 10.0
	                    	  GROUP BY `cmv_basetable`.`a`, `cmv_basetable_2`.`c`
View Rewrite Enabled:	No                  	 
PREHOOK: query: EXPLAIN
SELECT cmv_basetable.a, sum(cmv_basetable_2.d)
FROM cmv_basetable join cmv_basetable_2 ON (cmv_basetable.a = cmv_basetable_2.a)
WHERE cmv_basetable_2.c > 10.10
GROUP BY cmv_basetable.a, cmv_basetable_2.c
PREHOOK: type: QUERY
POSTHOOK: query: EXPLAIN
SELECT cmv_basetable.a, sum(cmv_basetable_2.d)
FROM cmv_basetable join cmv_basetable_2 ON (cmv_basetable.a = cmv_basetable_2.a)
WHERE cmv_basetable_2.c > 10.10
GROUP BY cmv_basetable.a, cmv_basetable_2.c
POSTHOOK: type: QUERY
STAGE DEPENDENCIES:
  Stage-1 is a root stage
  Stage-2 depends on stages: Stage-1
  Stage-0 depends on stages: Stage-2

STAGE PLANS:
  Stage: Stage-1
    Map Reduce
      Map Operator Tree:
          TableScan
            alias: cmv_basetable
            Statistics: Num rows: 5 Data size: 1205 Basic stats: COMPLETE Column stats: NONE
            Filter Operator
              predicate: a is not null (type: boolean)
              Statistics: Num rows: 5 Data size: 1205 Basic stats: COMPLETE Column stats: NONE
              Select Operator
                expressions: a (type: int)
                outputColumnNames: _col0
                Statistics: Num rows: 5 Data size: 1205 Basic stats: COMPLETE Column stats: NONE
                Reduce Output Operator
                  key expressions: _col0 (type: int)
                  sort order: +
                  Map-reduce partition columns: _col0 (type: int)
                  Statistics: Num rows: 5 Data size: 1205 Basic stats: COMPLETE Column stats: NONE
          TableScan
            alias: cmv_basetable_2
            Statistics: Num rows: 2 Data size: 484 Basic stats: COMPLETE Column stats: NONE
            Filter Operator
              predicate: ((c > 10.1) and a is not null) (type: boolean)
              Statistics: Num rows: 1 Data size: 242 Basic stats: COMPLETE Column stats: NONE
              Select Operator
                expressions: a (type: int), c (type: decimal(10,2)), d (type: int)
                outputColumnNames: _col0, _col1, _col2
                Statistics: Num rows: 1 Data size: 242 Basic stats: COMPLETE Column stats: NONE
                Reduce Output Operator
                  key expressions: _col0 (type: int)
                  sort order: +
                  Map-reduce partition columns: _col0 (type: int)
                  Statistics: Num rows: 1 Data size: 242 Basic stats: COMPLETE Column stats: NONE
                  value expressions: _col1 (type: decimal(10,2)), _col2 (type: int)
      Reduce Operator Tree:
        Join Operator
          condition map:
               Inner Join 0 to 1
          keys:
            0 _col0 (type: int)
            1 _col0 (type: int)
          outputColumnNames: _col0, _col2, _col3
          Statistics: Num rows: 5 Data size: 1325 Basic stats: COMPLETE Column stats: NONE
          Group By Operator
            aggregations: sum(_col3)
            keys: _col0 (type: int), _col2 (type: decimal(10,2))
            mode: hash
            outputColumnNames: _col0, _col1, _col2
            Statistics: Num rows: 5 Data size: 1325 Basic stats: COMPLETE Column stats: NONE
            File Output Operator
              compressed: false
              table:
                  input format: org.apache.hadoop.mapred.SequenceFileInputFormat
                  output format: org.apache.hadoop.hive.ql.io.HiveSequenceFileOutputFormat
                  serde: org.apache.hadoop.hive.serde2.lazybinary.LazyBinarySerDe

  Stage: Stage-2
    Map Reduce
      Map Operator Tree:
          TableScan
            Reduce Output Operator
              key expressions: _col0 (type: int), _col1 (type: decimal(10,2))
              sort order: ++
              Map-reduce partition columns: _col0 (type: int), _col1 (type: decimal(10,2))
              Statistics: Num rows: 5 Data size: 1325 Basic stats: COMPLETE Column stats: NONE
              value expressions: _col2 (type: bigint)
      Reduce Operator Tree:
        Group By Operator
          aggregations: sum(VALUE._col0)
          keys: KEY._col0 (type: int), KEY._col1 (type: decimal(10,2))
          mode: mergepartial
          outputColumnNames: _col0, _col1, _col2
          Statistics: Num rows: 2 Data size: 530 Basic stats: COMPLETE Column stats: NONE
          Select Operator
            expressions: _col0 (type: int), _col2 (type: bigint)
            outputColumnNames: _col0, _col1
            Statistics: Num rows: 2 Data size: 530 Basic stats: COMPLETE Column stats: NONE
            File Output Operator
              compressed: false
              Statistics: Num rows: 2 Data size: 530 Basic stats: COMPLETE Column stats: NONE
              table:
                  input format: org.apache.hadoop.mapred.SequenceFileInputFormat
                  output format: org.apache.hadoop.hive.ql.io.HiveSequenceFileOutputFormat
                  serde: org.apache.hadoop.hive.serde2.lazy.LazySimpleSerDe

  Stage: Stage-0
    Fetch Operator
      limit: -1
      Processor Tree:
        ListSink

PREHOOK: query: SELECT cmv_basetable.a, sum(cmv_basetable_2.d)
FROM cmv_basetable JOIN cmv_basetable_2 ON (cmv_basetable.a = cmv_basetable_2.a)
WHERE cmv_basetable_2.c > 10.10
GROUP BY cmv_basetable.a, cmv_basetable_2.c
PREHOOK: type: QUERY
PREHOOK: Input: default@cmv_basetable
PREHOOK: Input: default@cmv_basetable_2
#### A masked pattern was here ####
POSTHOOK: query: SELECT cmv_basetable.a, sum(cmv_basetable_2.d)
FROM cmv_basetable JOIN cmv_basetable_2 ON (cmv_basetable.a = cmv_basetable_2.a)
WHERE cmv_basetable_2.c > 10.10
GROUP BY cmv_basetable.a, cmv_basetable_2.c
POSTHOOK: type: QUERY
POSTHOOK: Input: default@cmv_basetable
POSTHOOK: Input: default@cmv_basetable_2
#### A masked pattern was here ####
1	2
3	6
PREHOOK: query: insert into cmv_basetable_2 values
 (3, 'charlie', 15.8, 1)
PREHOOK: type: QUERY
PREHOOK: Input: _dummy_database@_dummy_table
PREHOOK: Output: default@cmv_basetable_2
POSTHOOK: query: insert into cmv_basetable_2 values
 (3, 'charlie', 15.8, 1)
POSTHOOK: type: QUERY
POSTHOOK: Input: _dummy_database@_dummy_table
POSTHOOK: Output: default@cmv_basetable_2
POSTHOOK: Lineage: cmv_basetable_2.a SCRIPT []
POSTHOOK: Lineage: cmv_basetable_2.b SCRIPT []
POSTHOOK: Lineage: cmv_basetable_2.c SCRIPT []
POSTHOOK: Lineage: cmv_basetable_2.d SCRIPT []
PREHOOK: query: analyze table cmv_basetable_2 compute statistics for columns
PREHOOK: type: QUERY
PREHOOK: Input: default@cmv_basetable_2
PREHOOK: Output: default@cmv_basetable_2
#### A masked pattern was here ####
POSTHOOK: query: analyze table cmv_basetable_2 compute statistics for columns
POSTHOOK: type: QUERY
POSTHOOK: Input: default@cmv_basetable_2
POSTHOOK: Output: default@cmv_basetable_2
#### A masked pattern was here ####
PREHOOK: query: EXPLAIN
ALTER MATERIALIZED VIEW cmv_mat_view ENABLE REWRITE
PREHOOK: type: ALTER_MATERIALIZED_VIEW_REWRITE
POSTHOOK: query: EXPLAIN
ALTER MATERIALIZED VIEW cmv_mat_view ENABLE REWRITE
POSTHOOK: type: ALTER_MATERIALIZED_VIEW_REWRITE
STAGE DEPENDENCIES:
  Stage-0 is a root stage

STAGE PLANS:
  Stage: Stage-0
      Alter Materialized View Operator:
        Alter Materialized View
          name: default.cmv_mat_view
          operation: UPDATE_REWRITE_FLAG

PREHOOK: query: ALTER MATERIALIZED VIEW cmv_mat_view ENABLE REWRITE
PREHOOK: type: ALTER_MATERIALIZED_VIEW_REWRITE
PREHOOK: Input: default@cmv_mat_view
PREHOOK: Output: default@cmv_mat_view
POSTHOOK: query: ALTER MATERIALIZED VIEW cmv_mat_view ENABLE REWRITE
POSTHOOK: type: ALTER_MATERIALIZED_VIEW_REWRITE
POSTHOOK: Input: default@cmv_mat_view
POSTHOOK: Output: default@cmv_mat_view
PREHOOK: query: DESCRIBE FORMATTED cmv_mat_view
PREHOOK: type: DESCTABLE
PREHOOK: Input: default@cmv_mat_view
POSTHOOK: query: DESCRIBE FORMATTED cmv_mat_view
POSTHOOK: type: DESCTABLE
POSTHOOK: Input: default@cmv_mat_view
# col_name            	data_type           	comment             
a                   	int                 	                    
c                   	decimal(10,2)       	                    
_c2                 	bigint              	                    
	 	 
# Detailed Table Information	 	 
Database:           	default             	 
#### A masked pattern was here ####
Retention:          	0                   	 
#### A masked pattern was here ####
Table Type:         	MATERIALIZED_VIEW   	 
Table Parameters:	 	 
	COLUMN_STATS_ACCURATE	{\"BASIC_STATS\":\"true\",\"COLUMN_STATS\":{\"_c2\":\"true\",\"a\":\"true\",\"c\":\"true\"}}
	numFiles            	1                   
	numRows             	2                   
	rawDataSize         	248                 
	totalSize           	385                 
	transactional       	true                
	transactional_properties	default             
#### A masked pattern was here ####
	 	 
# Storage Information	 	 
SerDe Library:      	org.apache.hadoop.hive.ql.io.orc.OrcSerde	 
InputFormat:        	org.apache.hadoop.hive.ql.io.orc.OrcInputFormat	 
OutputFormat:       	org.apache.hadoop.hive.ql.io.orc.OrcOutputFormat	 
Compressed:         	No                  	 
Num Buckets:        	-1                  	 
Bucket Columns:     	[]                  	 
Sort Columns:       	[]                  	 
	 	 
# View Information	 	 
View Original Text: 	SELECT cmv_basetable.a, cmv_basetable_2.c, sum(cmv_basetable_2.d)	 
	                    	  FROM cmv_basetable JOIN cmv_basetable_2 ON (cmv_basetable.a = cmv_basetable_2.a)
	                    	  WHERE cmv_basetable_2.c > 10.0
	                    	  GROUP BY cmv_basetable.a, cmv_basetable_2.c
View Expanded Text: 	SELECT `cmv_basetable`.`a`, `cmv_basetable_2`.`c`, sum(`cmv_basetable_2`.`d`)	 
	                    	  FROM `default`.`cmv_basetable` JOIN `default`.`cmv_basetable_2` ON (`cmv_basetable`.`a` = `cmv_basetable_2`.`a`)
	                    	  WHERE `cmv_basetable_2`.`c` > 10.0
	                    	  GROUP BY `cmv_basetable`.`a`, `cmv_basetable_2`.`c`
View Rewrite Enabled:	Yes                 	 
PREHOOK: query: EXPLAIN
SELECT cmv_basetable.a, sum(cmv_basetable_2.d)
FROM cmv_basetable join cmv_basetable_2 ON (cmv_basetable.a = cmv_basetable_2.a)
WHERE cmv_basetable_2.c > 10.10
GROUP BY cmv_basetable.a, cmv_basetable_2.c
PREHOOK: type: QUERY
POSTHOOK: query: EXPLAIN
SELECT cmv_basetable.a, sum(cmv_basetable_2.d)
FROM cmv_basetable join cmv_basetable_2 ON (cmv_basetable.a = cmv_basetable_2.a)
WHERE cmv_basetable_2.c > 10.10
GROUP BY cmv_basetable.a, cmv_basetable_2.c
POSTHOOK: type: QUERY
STAGE DEPENDENCIES:
  Stage-1 is a root stage
  Stage-2 depends on stages: Stage-1
  Stage-0 depends on stages: Stage-2

STAGE PLANS:
  Stage: Stage-1
    Map Reduce
      Map Operator Tree:
          TableScan
            alias: cmv_basetable
            Statistics: Num rows: 5 Data size: 1205 Basic stats: COMPLETE Column stats: NONE
            Filter Operator
              predicate: a is not null (type: boolean)
              Statistics: Num rows: 5 Data size: 1205 Basic stats: COMPLETE Column stats: NONE
              Select Operator
                expressions: a (type: int)
                outputColumnNames: _col0
                Statistics: Num rows: 5 Data size: 1205 Basic stats: COMPLETE Column stats: NONE
                Reduce Output Operator
                  key expressions: _col0 (type: int)
                  sort order: +
                  Map-reduce partition columns: _col0 (type: int)
                  Statistics: Num rows: 5 Data size: 1205 Basic stats: COMPLETE Column stats: NONE
          TableScan
            alias: cmv_basetable_2
            Statistics: Num rows: 3 Data size: 727 Basic stats: COMPLETE Column stats: NONE
            Filter Operator
              predicate: ((c > 10.1) and a is not null) (type: boolean)
              Statistics: Num rows: 1 Data size: 242 Basic stats: COMPLETE Column stats: NONE
              Select Operator
                expressions: a (type: int), c (type: decimal(10,2)), d (type: int)
                outputColumnNames: _col0, _col1, _col2
                Statistics: Num rows: 1 Data size: 242 Basic stats: COMPLETE Column stats: NONE
                Reduce Output Operator
                  key expressions: _col0 (type: int)
                  sort order: +
                  Map-reduce partition columns: _col0 (type: int)
                  Statistics: Num rows: 1 Data size: 242 Basic stats: COMPLETE Column stats: NONE
                  value expressions: _col1 (type: decimal(10,2)), _col2 (type: int)
      Reduce Operator Tree:
        Join Operator
          condition map:
               Inner Join 0 to 1
          keys:
            0 _col0 (type: int)
            1 _col0 (type: int)
          outputColumnNames: _col0, _col2, _col3
          Statistics: Num rows: 5 Data size: 1325 Basic stats: COMPLETE Column stats: NONE
          Group By Operator
            aggregations: sum(_col3)
            keys: _col0 (type: int), _col2 (type: decimal(10,2))
            mode: hash
            outputColumnNames: _col0, _col1, _col2
            Statistics: Num rows: 5 Data size: 1325 Basic stats: COMPLETE Column stats: NONE
            File Output Operator
              compressed: false
              table:
                  input format: org.apache.hadoop.mapred.SequenceFileInputFormat
                  output format: org.apache.hadoop.hive.ql.io.HiveSequenceFileOutputFormat
                  serde: org.apache.hadoop.hive.serde2.lazybinary.LazyBinarySerDe

  Stage: Stage-2
    Map Reduce
      Map Operator Tree:
          TableScan
            Reduce Output Operator
              key expressions: _col0 (type: int), _col1 (type: decimal(10,2))
              sort order: ++
              Map-reduce partition columns: _col0 (type: int), _col1 (type: decimal(10,2))
              Statistics: Num rows: 5 Data size: 1325 Basic stats: COMPLETE Column stats: NONE
              value expressions: _col2 (type: bigint)
      Reduce Operator Tree:
        Group By Operator
          aggregations: sum(VALUE._col0)
          keys: KEY._col0 (type: int), KEY._col1 (type: decimal(10,2))
          mode: mergepartial
          outputColumnNames: _col0, _col1, _col2
          Statistics: Num rows: 2 Data size: 530 Basic stats: COMPLETE Column stats: NONE
          Select Operator
            expressions: _col0 (type: int), _col2 (type: bigint)
            outputColumnNames: _col0, _col1
            Statistics: Num rows: 2 Data size: 530 Basic stats: COMPLETE Column stats: NONE
            File Output Operator
              compressed: false
              Statistics: Num rows: 2 Data size: 530 Basic stats: COMPLETE Column stats: NONE
              table:
                  input format: org.apache.hadoop.mapred.SequenceFileInputFormat
                  output format: org.apache.hadoop.hive.ql.io.HiveSequenceFileOutputFormat
                  serde: org.apache.hadoop.hive.serde2.lazy.LazySimpleSerDe

  Stage: Stage-0
    Fetch Operator
      limit: -1
      Processor Tree:
        ListSink

PREHOOK: query: SELECT cmv_basetable.a, sum(cmv_basetable_2.d)
FROM cmv_basetable JOIN cmv_basetable_2 ON (cmv_basetable.a = cmv_basetable_2.a)
WHERE cmv_basetable_2.c > 10.10
GROUP BY cmv_basetable.a, cmv_basetable_2.c
PREHOOK: type: QUERY
PREHOOK: Input: default@cmv_basetable
PREHOOK: Input: default@cmv_basetable_2
#### A masked pattern was here ####
POSTHOOK: query: SELECT cmv_basetable.a, sum(cmv_basetable_2.d)
FROM cmv_basetable JOIN cmv_basetable_2 ON (cmv_basetable.a = cmv_basetable_2.a)
WHERE cmv_basetable_2.c > 10.10
GROUP BY cmv_basetable.a, cmv_basetable_2.c
POSTHOOK: type: QUERY
POSTHOOK: Input: default@cmv_basetable
POSTHOOK: Input: default@cmv_basetable_2
#### A masked pattern was here ####
1	2
3	2
3	6
PREHOOK: query: EXPLAIN
ALTER MATERIALIZED VIEW cmv_mat_view REBUILD
PREHOOK: type: QUERY
POSTHOOK: query: EXPLAIN
ALTER MATERIALIZED VIEW cmv_mat_view REBUILD
POSTHOOK: type: QUERY
STAGE DEPENDENCIES:
  Stage-7 is a root stage
  Stage-8 depends on stages: Stage-7
  Stage-2 depends on stages: Stage-8
  Stage-0 depends on stages: Stage-2
  Stage-3 depends on stages: Stage-0
  Stage-10 depends on stages: Stage-3, Stage-6
  Stage-4 depends on stages: Stage-2
  Stage-6 depends on stages: Stage-1, Stage-4
  Stage-5 depends on stages: Stage-2
  Stage-1 depends on stages: Stage-5

STAGE PLANS:
  Stage: Stage-7
    Map Reduce
      Map Operator Tree:
          TableScan
            alias: cmv_basetable
            Statistics: Num rows: 5 Data size: 1205 Basic stats: COMPLETE Column stats: NONE
            Filter Operator
              predicate: a is not null (type: boolean)
              Statistics: Num rows: 5 Data size: 1205 Basic stats: COMPLETE Column stats: NONE
              Select Operator
                expressions: a (type: int)
                outputColumnNames: _col0
                Statistics: Num rows: 5 Data size: 1205 Basic stats: COMPLETE Column stats: NONE
                Reduce Output Operator
                  key expressions: _col0 (type: int)
                  sort order: +
                  Map-reduce partition columns: _col0 (type: int)
                  Statistics: Num rows: 5 Data size: 1205 Basic stats: COMPLETE Column stats: NONE
          TableScan
            alias: cmv_basetable_2
            Statistics: Num rows: 3 Data size: 727 Basic stats: COMPLETE Column stats: NONE
            Filter Operator
              predicate: ((ROW__ID.writeid > 1) and (c > 10) and a is not null) (type: boolean)
              Statistics: Num rows: 1 Data size: 242 Basic stats: COMPLETE Column stats: NONE
              Select Operator
                expressions: a (type: int), c (type: decimal(10,2)), d (type: int)
                outputColumnNames: _col0, _col1, _col2
                Statistics: Num rows: 1 Data size: 242 Basic stats: COMPLETE Column stats: NONE
                Reduce Output Operator
                  key expressions: _col0 (type: int)
                  sort order: +
                  Map-reduce partition columns: _col0 (type: int)
                  Statistics: Num rows: 1 Data size: 242 Basic stats: COMPLETE Column stats: NONE
                  value expressions: _col1 (type: decimal(10,2)), _col2 (type: int)
      Reduce Operator Tree:
        Join Operator
          condition map:
               Inner Join 0 to 1
          keys:
            0 _col0 (type: int)
            1 _col0 (type: int)
          outputColumnNames: _col0, _col2, _col3
          Statistics: Num rows: 5 Data size: 1325 Basic stats: COMPLETE Column stats: NONE
          Group By Operator
            aggregations: sum(_col3)
            keys: _col0 (type: int), _col2 (type: decimal(10,2))
            mode: hash
            outputColumnNames: _col0, _col1, _col2
            Statistics: Num rows: 5 Data size: 1325 Basic stats: COMPLETE Column stats: NONE
            File Output Operator
              compressed: false
              table:
                  input format: org.apache.hadoop.mapred.SequenceFileInputFormat
                  output format: org.apache.hadoop.hive.ql.io.HiveSequenceFileOutputFormat
                  serde: org.apache.hadoop.hive.serde2.lazybinary.LazyBinarySerDe

  Stage: Stage-8
    Map Reduce
      Map Operator Tree:
          TableScan
            Reduce Output Operator
              key expressions: _col0 (type: int), _col1 (type: decimal(10,2))
              sort order: ++
              Map-reduce partition columns: _col0 (type: int), _col1 (type: decimal(10,2))
              Statistics: Num rows: 5 Data size: 1325 Basic stats: COMPLETE Column stats: NONE
              value expressions: _col2 (type: bigint)
      Reduce Operator Tree:
        Group By Operator
          aggregations: sum(VALUE._col0)
          keys: KEY._col0 (type: int), KEY._col1 (type: decimal(10,2))
          mode: mergepartial
          outputColumnNames: _col0, _col1, _col2
          Statistics: Num rows: 2 Data size: 530 Basic stats: COMPLETE Column stats: NONE
          File Output Operator
            compressed: false
            table:
                input format: org.apache.hadoop.mapred.SequenceFileInputFormat
                output format: org.apache.hadoop.hive.ql.io.HiveSequenceFileOutputFormat
                serde: org.apache.hadoop.hive.serde2.lazybinary.LazyBinarySerDe

  Stage: Stage-2
    Map Reduce
      Map Operator Tree:
          TableScan
            alias: default.cmv_mat_view
            Statistics: Num rows: 2 Data size: 248 Basic stats: COMPLETE Column stats: NONE
            Filter Operator
              predicate: ((c > 10) and a is not null) (type: boolean)
              Statistics: Num rows: 1 Data size: 124 Basic stats: COMPLETE Column stats: NONE
              Select Operator
                expressions: a (type: int), c (type: decimal(10,2)), _c2 (type: bigint), ROW__ID (type: struct<writeid:bigint,bucketid:int,rowid:bigint>)
                outputColumnNames: _col0, _col1, _col2, _col3
                Statistics: Num rows: 1 Data size: 124 Basic stats: COMPLETE Column stats: NONE
                Reduce Output Operator
                  key expressions: _col0 (type: int), _col1 (type: decimal(10,2))
                  sort order: ++
                  Map-reduce partition columns: _col0 (type: int), _col1 (type: decimal(10,2))
                  Statistics: Num rows: 1 Data size: 124 Basic stats: COMPLETE Column stats: NONE
                  value expressions: _col2 (type: bigint), _col3 (type: struct<writeid:bigint,bucketid:int,rowid:bigint>)
          TableScan
            Reduce Output Operator
              key expressions: _col0 (type: int), _col1 (type: decimal(10,2))
              sort order: ++
              Map-reduce partition columns: _col0 (type: int), _col1 (type: decimal(10,2))
              Statistics: Num rows: 2 Data size: 530 Basic stats: COMPLETE Column stats: NONE
              value expressions: _col2 (type: bigint)
      Reduce Operator Tree:
        Join Operator
          condition map:
               Right Outer Join 0 to 1
          keys:
            0 _col0 (type: int), _col1 (type: decimal(10,2))
            1 _col0 (type: int), _col1 (type: decimal(10,2))
          outputColumnNames: _col0, _col1, _col2, _col3, _col4, _col5, _col6
          Statistics: Num rows: 2 Data size: 583 Basic stats: COMPLETE Column stats: NONE
          Filter Operator
            predicate: (_col0 is null and _col1 is null) (type: boolean)
            Statistics: Num rows: 1 Data size: 291 Basic stats: COMPLETE Column stats: NONE
            Select Operator
              expressions: _col4 (type: int), _col5 (type: decimal(10,2)), CASE WHEN ((_col0 is null and _col1 is null)) THEN (_col6) ELSE ((_col6 + _col2)) END (type: bigint)
              outputColumnNames: _col0, _col1, _col2
              Statistics: Num rows: 1 Data size: 291 Basic stats: COMPLETE Column stats: NONE
              File Output Operator
                compressed: false
                Statistics: Num rows: 1 Data size: 291 Basic stats: COMPLETE Column stats: NONE
                table:
                    input format: org.apache.hadoop.hive.ql.io.orc.OrcInputFormat
                    output format: org.apache.hadoop.hive.ql.io.orc.OrcOutputFormat
                    serde: org.apache.hadoop.hive.ql.io.orc.OrcSerde
                    name: default.cmv_mat_view
                Write Type: INSERT
              Select Operator
                expressions: _col0 (type: int), _col1 (type: decimal(10,2)), _col2 (type: bigint)
                outputColumnNames: a, c, _c2
                Statistics: Num rows: 1 Data size: 291 Basic stats: COMPLETE Column stats: NONE
                Group By Operator
                  aggregations: compute_stats(a, 'hll'), compute_stats(c, 'hll'), compute_stats(_c2, 'hll')
                  mode: hash
                  outputColumnNames: _col0, _col1, _col2
                  Statistics: Num rows: 1 Data size: 1480 Basic stats: COMPLETE Column stats: NONE
                  File Output Operator
                    compressed: false
                    table:
                        input format: org.apache.hadoop.mapred.SequenceFileInputFormat
                        output format: org.apache.hadoop.hive.ql.io.HiveSequenceFileOutputFormat
                        serde: org.apache.hadoop.hive.serde2.lazybinary.LazyBinarySerDe
          Filter Operator
            predicate: ((_col0 = _col4) and (_col1 = _col5)) (type: boolean)
            Statistics: Num rows: 1 Data size: 291 Basic stats: COMPLETE Column stats: NONE
            Select Operator
              expressions: _col3 (type: struct<writeid:bigint,bucketid:int,rowid:bigint>), _col4 (type: int), _col5 (type: decimal(10,2)), CASE WHEN ((_col0 is null and _col1 is null)) THEN (_col6) ELSE ((_col6 + _col2)) END (type: bigint)
              outputColumnNames: _col0, _col1, _col2, _col3
              Statistics: Num rows: 1 Data size: 291 Basic stats: COMPLETE Column stats: NONE
              File Output Operator
                compressed: false
                table:
                    input format: org.apache.hadoop.mapred.SequenceFileInputFormat
                    output format: org.apache.hadoop.hive.ql.io.HiveSequenceFileOutputFormat
                    serde: org.apache.hadoop.hive.serde2.lazybinary.LazyBinarySerDe

  Stage: Stage-0
    Move Operator
      tables:
          replace: false
          table:
              input format: org.apache.hadoop.hive.ql.io.orc.OrcInputFormat
              output format: org.apache.hadoop.hive.ql.io.orc.OrcOutputFormat
              serde: org.apache.hadoop.hive.ql.io.orc.OrcSerde
              name: default.cmv_mat_view
          Write Type: INSERT

  Stage: Stage-3
    Stats Work
      Basic Stats Work:

  Stage: Stage-10
    Materialized View Work

  Stage: Stage-4
    Map Reduce
      Map Operator Tree:
          TableScan
            Reduce Output Operator
              sort order: 
              Statistics: Num rows: 1 Data size: 1480 Basic stats: COMPLETE Column stats: NONE
              value expressions: _col0 (type: struct<columntype:string,min:bigint,max:bigint,countnulls:bigint,bitvector:binary>), _col1 (type: struct<columntype:string,min:decimal(10,2),max:decimal(10,2),countnulls:bigint,bitvector:binary>), _col2 (type: struct<columntype:string,min:bigint,max:bigint,countnulls:bigint,bitvector:binary>)
      Reduce Operator Tree:
        Group By Operator
          aggregations: compute_stats(VALUE._col0), compute_stats(VALUE._col1), compute_stats(VALUE._col2)
          mode: mergepartial
          outputColumnNames: _col0, _col1, _col2
          Statistics: Num rows: 1 Data size: 1528 Basic stats: COMPLETE Column stats: NONE
          File Output Operator
            compressed: false
            Statistics: Num rows: 1 Data size: 1528 Basic stats: COMPLETE Column stats: NONE
            table:
                input format: org.apache.hadoop.mapred.SequenceFileInputFormat
                output format: org.apache.hadoop.hive.ql.io.HiveSequenceFileOutputFormat
                serde: org.apache.hadoop.hive.serde2.lazy.LazySimpleSerDe

  Stage: Stage-6
    Stats Work
      Basic Stats Work:
      Column Stats Desc:
          Columns: a, c, _c2
          Column Types: int, decimal(10,2), bigint
          Table: default.cmv_mat_view

  Stage: Stage-5
    Map Reduce
      Map Operator Tree:
          TableScan
            Reduce Output Operator
              key expressions: _col0 (type: struct<writeid:bigint,bucketid:int,rowid:bigint>)
              sort order: +
              Statistics: Num rows: 1 Data size: 291 Basic stats: COMPLETE Column stats: NONE
              value expressions: _col1 (type: int), _col2 (type: decimal(10,2)), _col3 (type: bigint)
      Reduce Operator Tree:
        Select Operator
          expressions: KEY.reducesinkkey0 (type: struct<writeid:bigint,bucketid:int,rowid:bigint>), VALUE._col0 (type: int), VALUE._col1 (type: decimal(10,2)), VALUE._col2 (type: bigint)
          outputColumnNames: _col0, _col1, _col2, _col3
          Statistics: Num rows: 1 Data size: 291 Basic stats: COMPLETE Column stats: NONE
          File Output Operator
            compressed: false
            Statistics: Num rows: 1 Data size: 291 Basic stats: COMPLETE Column stats: NONE
            table:
                input format: org.apache.hadoop.hive.ql.io.orc.OrcInputFormat
                output format: org.apache.hadoop.hive.ql.io.orc.OrcOutputFormat
                serde: org.apache.hadoop.hive.ql.io.orc.OrcSerde
                name: default.cmv_mat_view
            Write Type: UPDATE

  Stage: Stage-1
    Move Operator
      tables:
          replace: false
          table:
              input format: org.apache.hadoop.hive.ql.io.orc.OrcInputFormat
              output format: org.apache.hadoop.hive.ql.io.orc.OrcOutputFormat
              serde: org.apache.hadoop.hive.ql.io.orc.OrcSerde
              name: default.cmv_mat_view
          Write Type: UPDATE

PREHOOK: query: ALTER MATERIALIZED VIEW cmv_mat_view REBUILD
PREHOOK: type: QUERY
PREHOOK: Input: default@cmv_basetable
PREHOOK: Input: default@cmv_basetable_2
PREHOOK: Input: default@cmv_mat_view
PREHOOK: Output: default@cmv_mat_view
PREHOOK: Output: default@cmv_mat_view
POSTHOOK: query: ALTER MATERIALIZED VIEW cmv_mat_view REBUILD
POSTHOOK: type: QUERY
POSTHOOK: Input: default@cmv_basetable
POSTHOOK: Input: default@cmv_basetable_2
POSTHOOK: Input: default@cmv_mat_view
POSTHOOK: Output: default@cmv_mat_view
POSTHOOK: Output: default@cmv_mat_view
POSTHOOK: Lineage: cmv_mat_view._c2 EXPRESSION [(cmv_mat_view)default.cmv_mat_view.FieldSchema(name:a, type:int, comment:null), (cmv_mat_view)default.cmv_mat_view.FieldSchema(name:c, type:decimal(10,2), comment:null), (cmv_basetable_2)cmv_basetable_2.FieldSchema(name:d, type:int, comment:null), (cmv_mat_view)default.cmv_mat_view.FieldSchema(name:_c2, type:bigint, comment:null), ]
POSTHOOK: Lineage: cmv_mat_view.a SIMPLE [(cmv_basetable)cmv_basetable.FieldSchema(name:a, type:int, comment:null), ]
POSTHOOK: Lineage: cmv_mat_view.c SIMPLE [(cmv_basetable_2)cmv_basetable_2.FieldSchema(name:c, type:decimal(10,2), comment:null), ]
PREHOOK: query: DESCRIBE FORMATTED cmv_mat_view
PREHOOK: type: DESCTABLE
PREHOOK: Input: default@cmv_mat_view
POSTHOOK: query: DESCRIBE FORMATTED cmv_mat_view
POSTHOOK: type: DESCTABLE
POSTHOOK: Input: default@cmv_mat_view
# col_name            	data_type           	comment             
a                   	int                 	                    
c                   	decimal(10,2)       	                    
_c2                 	bigint              	                    
	 	 
# Detailed Table Information	 	 
Database:           	default             	 
#### A masked pattern was here ####
Retention:          	0                   	 
#### A masked pattern was here ####
Table Type:         	MATERIALIZED_VIEW   	 
Table Parameters:	 	 
	numFiles            	2                   
	totalSize           	1132                
	transactional       	true                
	transactional_properties	default             
#### A masked pattern was here ####
	 	 
# Storage Information	 	 
SerDe Library:      	org.apache.hadoop.hive.ql.io.orc.OrcSerde	 
InputFormat:        	org.apache.hadoop.hive.ql.io.orc.OrcInputFormat	 
OutputFormat:       	org.apache.hadoop.hive.ql.io.orc.OrcOutputFormat	 
Compressed:         	No                  	 
Num Buckets:        	-1                  	 
Bucket Columns:     	[]                  	 
Sort Columns:       	[]                  	 
	 	 
# View Information	 	 
View Original Text: 	SELECT cmv_basetable.a, cmv_basetable_2.c, sum(cmv_basetable_2.d)	 
	                    	  FROM cmv_basetable JOIN cmv_basetable_2 ON (cmv_basetable.a = cmv_basetable_2.a)
	                    	  WHERE cmv_basetable_2.c > 10.0
	                    	  GROUP BY cmv_basetable.a, cmv_basetable_2.c
View Expanded Text: 	SELECT `cmv_basetable`.`a`, `cmv_basetable_2`.`c`, sum(`cmv_basetable_2`.`d`)	 
	                    	  FROM `default`.`cmv_basetable` JOIN `default`.`cmv_basetable_2` ON (`cmv_basetable`.`a` = `cmv_basetable_2`.`a`)
	                    	  WHERE `cmv_basetable_2`.`c` > 10.0
	                    	  GROUP BY `cmv_basetable`.`a`, `cmv_basetable_2`.`c`
View Rewrite Enabled:	Yes                 	 
PREHOOK: query: EXPLAIN
SELECT cmv_basetable.a, sum(cmv_basetable_2.d)
FROM cmv_basetable join cmv_basetable_2 ON (cmv_basetable.a = cmv_basetable_2.a)
WHERE cmv_basetable_2.c > 10.10
GROUP BY cmv_basetable.a, cmv_basetable_2.c
PREHOOK: type: QUERY
POSTHOOK: query: EXPLAIN
SELECT cmv_basetable.a, sum(cmv_basetable_2.d)
FROM cmv_basetable join cmv_basetable_2 ON (cmv_basetable.a = cmv_basetable_2.a)
WHERE cmv_basetable_2.c > 10.10
GROUP BY cmv_basetable.a, cmv_basetable_2.c
POSTHOOK: type: QUERY
STAGE DEPENDENCIES:
  Stage-1 is a root stage
  Stage-0 depends on stages: Stage-1

STAGE PLANS:
  Stage: Stage-1
    Map Reduce
      Map Operator Tree:
          TableScan
            alias: default.cmv_mat_view
            Statistics: Num rows: 36 Data size: 11320 Basic stats: COMPLETE Column stats: NONE
            Filter Operator
              predicate: (c > 10.1) (type: boolean)
              Statistics: Num rows: 12 Data size: 3773 Basic stats: COMPLETE Column stats: NONE
              Select Operator
                expressions: a (type: int), _c2 (type: bigint)
                outputColumnNames: _col0, _col1
                Statistics: Num rows: 12 Data size: 3773 Basic stats: COMPLETE Column stats: NONE
                File Output Operator
                  compressed: false
                  Statistics: Num rows: 12 Data size: 3773 Basic stats: COMPLETE Column stats: NONE
                  table:
                      input format: org.apache.hadoop.mapred.SequenceFileInputFormat
                      output format: org.apache.hadoop.hive.ql.io.HiveSequenceFileOutputFormat
                      serde: org.apache.hadoop.hive.serde2.lazy.LazySimpleSerDe

  Stage: Stage-0
    Fetch Operator
      limit: -1
      Processor Tree:
        ListSink

PREHOOK: query: SELECT cmv_basetable.a, sum(cmv_basetable_2.d)
FROM cmv_basetable JOIN cmv_basetable_2 ON (cmv_basetable.a = cmv_basetable_2.a)
WHERE cmv_basetable_2.c > 10.10
GROUP BY cmv_basetable.a, cmv_basetable_2.c
PREHOOK: type: QUERY
PREHOOK: Input: default@cmv_basetable
PREHOOK: Input: default@cmv_basetable_2
PREHOOK: Input: default@cmv_mat_view
#### A masked pattern was here ####
POSTHOOK: query: SELECT cmv_basetable.a, sum(cmv_basetable_2.d)
FROM cmv_basetable JOIN cmv_basetable_2 ON (cmv_basetable.a = cmv_basetable_2.a)
WHERE cmv_basetable_2.c > 10.10
GROUP BY cmv_basetable.a, cmv_basetable_2.c
POSTHOOK: type: QUERY
POSTHOOK: Input: default@cmv_basetable
POSTHOOK: Input: default@cmv_basetable_2
POSTHOOK: Input: default@cmv_mat_view
#### A masked pattern was here ####
3	2
1	2
3	6
PREHOOK: query: UPDATE cmv_basetable_2 SET a=2 WHERE a=1
PREHOOK: type: QUERY
PREHOOK: Input: default@cmv_basetable_2
PREHOOK: Output: default@cmv_basetable_2
POSTHOOK: query: UPDATE cmv_basetable_2 SET a=2 WHERE a=1
POSTHOOK: type: QUERY
POSTHOOK: Input: default@cmv_basetable_2
POSTHOOK: Output: default@cmv_basetable_2
PREHOOK: query: EXPLAIN
ALTER MATERIALIZED VIEW cmv_mat_view REBUILD
PREHOOK: type: QUERY
POSTHOOK: query: EXPLAIN
ALTER MATERIALIZED VIEW cmv_mat_view REBUILD
POSTHOOK: type: QUERY
STAGE DEPENDENCIES:
  Stage-1 is a root stage
  Stage-2 depends on stages: Stage-1
  Stage-0 depends on stages: Stage-2
  Stage-3 depends on stages: Stage-0
  Stage-5 depends on stages: Stage-3

STAGE PLANS:
  Stage: Stage-1
    Map Reduce
      Map Operator Tree:
          TableScan
            alias: cmv_basetable
            Statistics: Num rows: 5 Data size: 1205 Basic stats: COMPLETE Column stats: NONE
            Filter Operator
              predicate: a is not null (type: boolean)
              Statistics: Num rows: 5 Data size: 1205 Basic stats: COMPLETE Column stats: NONE
              Select Operator
                expressions: a (type: int)
                outputColumnNames: _col0
                Statistics: Num rows: 5 Data size: 1205 Basic stats: COMPLETE Column stats: NONE
                Reduce Output Operator
                  key expressions: _col0 (type: int)
                  sort order: +
                  Map-reduce partition columns: _col0 (type: int)
                  Statistics: Num rows: 5 Data size: 1205 Basic stats: COMPLETE Column stats: NONE
          TableScan
            alias: cmv_basetable_2
            Statistics: Num rows: 60 Data size: 33660 Basic stats: COMPLETE Column stats: NONE
            Filter Operator
              predicate: ((c > 10) and a is not null) (type: boolean)
              Statistics: Num rows: 20 Data size: 11220 Basic stats: COMPLETE Column stats: NONE
              Select Operator
                expressions: a (type: int), c (type: decimal(10,2)), d (type: int)
                outputColumnNames: _col0, _col1, _col2
                Statistics: Num rows: 20 Data size: 11220 Basic stats: COMPLETE Column stats: NONE
                Reduce Output Operator
                  key expressions: _col0 (type: int)
                  sort order: +
                  Map-reduce partition columns: _col0 (type: int)
                  Statistics: Num rows: 20 Data size: 11220 Basic stats: COMPLETE Column stats: NONE
                  value expressions: _col1 (type: decimal(10,2)), _col2 (type: int)
      Reduce Operator Tree:
        Join Operator
          condition map:
               Inner Join 0 to 1
          keys:
            0 _col0 (type: int)
            1 _col0 (type: int)
          outputColumnNames: _col0, _col2, _col3
          Statistics: Num rows: 22 Data size: 12342 Basic stats: COMPLETE Column stats: NONE
          Group By Operator
            aggregations: sum(_col3)
            keys: _col0 (type: int), _col2 (type: decimal(10,2))
            mode: hash
            outputColumnNames: _col0, _col1, _col2
            Statistics: Num rows: 22 Data size: 12342 Basic stats: COMPLETE Column stats: NONE
            File Output Operator
              compressed: false
              table:
                  input format: org.apache.hadoop.mapred.SequenceFileInputFormat
                  output format: org.apache.hadoop.hive.ql.io.HiveSequenceFileOutputFormat
                  serde: org.apache.hadoop.hive.serde2.lazybinary.LazyBinarySerDe

  Stage: Stage-2
    Map Reduce
      Map Operator Tree:
          TableScan
            Reduce Output Operator
              key expressions: _col0 (type: int), _col1 (type: decimal(10,2))
              sort order: ++
              Map-reduce partition columns: _col0 (type: int), _col1 (type: decimal(10,2))
              Statistics: Num rows: 22 Data size: 12342 Basic stats: COMPLETE Column stats: NONE
              value expressions: _col2 (type: bigint)
      Reduce Operator Tree:
        Group By Operator
          aggregations: sum(VALUE._col0)
          keys: KEY._col0 (type: int), KEY._col1 (type: decimal(10,2))
          mode: mergepartial
          outputColumnNames: _col0, _col1, _col2
          Statistics: Num rows: 11 Data size: 6171 Basic stats: COMPLETE Column stats: NONE
          File Output Operator
            compressed: false
            Statistics: Num rows: 11 Data size: 6171 Basic stats: COMPLETE Column stats: NONE
            table:
                input format: org.apache.hadoop.hive.ql.io.orc.OrcInputFormat
                output format: org.apache.hadoop.hive.ql.io.orc.OrcOutputFormat
                serde: org.apache.hadoop.hive.ql.io.orc.OrcSerde
                name: default.cmv_mat_view
            Write Type: INSERT
          Select Operator
            expressions: _col0 (type: int), _col1 (type: decimal(10,2)), _col2 (type: bigint)
            outputColumnNames: a, c, _c2
            Statistics: Num rows: 11 Data size: 6171 Basic stats: COMPLETE Column stats: NONE
            Group By Operator
              aggregations: compute_stats(a, 'hll'), compute_stats(c, 'hll'), compute_stats(_c2, 'hll')
              mode: complete
              outputColumnNames: _col0, _col1, _col2
              Statistics: Num rows: 1 Data size: 1480 Basic stats: COMPLETE Column stats: NONE
              Select Operator
                expressions: _col0 (type: struct<columntype:string,min:bigint,max:bigint,countnulls:bigint,numdistinctvalues:bigint,ndvbitvector:binary>), _col1 (type: struct<columntype:string,min:decimal(10,2),max:decimal(10,2),countnulls:bigint,numdistinctvalues:bigint,ndvbitvector:binary>), _col2 (type: struct<columntype:string,min:bigint,max:bigint,countnulls:bigint,numdistinctvalues:bigint,ndvbitvector:binary>)
                outputColumnNames: _col0, _col1, _col2
                Statistics: Num rows: 1 Data size: 1480 Basic stats: COMPLETE Column stats: NONE
                File Output Operator
                  compressed: false
                  Statistics: Num rows: 1 Data size: 1480 Basic stats: COMPLETE Column stats: NONE
                  table:
                      input format: org.apache.hadoop.mapred.SequenceFileInputFormat
                      output format: org.apache.hadoop.hive.ql.io.HiveSequenceFileOutputFormat
                      serde: org.apache.hadoop.hive.serde2.lazy.LazySimpleSerDe

  Stage: Stage-0
    Move Operator
      tables:
          replace: false
          table:
              input format: org.apache.hadoop.hive.ql.io.orc.OrcInputFormat
              output format: org.apache.hadoop.hive.ql.io.orc.OrcOutputFormat
              serde: org.apache.hadoop.hive.ql.io.orc.OrcSerde
              name: default.cmv_mat_view
          Write Type: INSERT

  Stage: Stage-3
    Stats Work
      Basic Stats Work:
      Column Stats Desc:
          Columns: a, c, _c2
          Column Types: int, decimal(10,2), bigint
          Table: default.cmv_mat_view

  Stage: Stage-5
    Materialized View Work

PREHOOK: query: ALTER MATERIALIZED VIEW cmv_mat_view REBUILD
PREHOOK: type: QUERY
PREHOOK: Input: default@cmv_basetable
PREHOOK: Input: default@cmv_basetable_2
PREHOOK: Output: default@cmv_mat_view
POSTHOOK: query: ALTER MATERIALIZED VIEW cmv_mat_view REBUILD
POSTHOOK: type: QUERY
POSTHOOK: Input: default@cmv_basetable
POSTHOOK: Input: default@cmv_basetable_2
POSTHOOK: Output: default@cmv_mat_view
POSTHOOK: Lineage: cmv_mat_view._c2 EXPRESSION [(cmv_basetable_2)cmv_basetable_2.FieldSchema(name:d, type:int, comment:null), ]
POSTHOOK: Lineage: cmv_mat_view.a SIMPLE [(cmv_basetable)cmv_basetable.FieldSchema(name:a, type:int, comment:null), ]
POSTHOOK: Lineage: cmv_mat_view.c SIMPLE [(cmv_basetable_2)cmv_basetable_2.FieldSchema(name:c, type:decimal(10,2), comment:null), ]
PREHOOK: query: EXPLAIN
SELECT cmv_basetable.a, sum(cmv_basetable_2.d)
FROM cmv_basetable join cmv_basetable_2 ON (cmv_basetable.a = cmv_basetable_2.a)
WHERE cmv_basetable_2.c > 10.10
GROUP BY cmv_basetable.a, cmv_basetable_2.c
PREHOOK: type: QUERY
POSTHOOK: query: EXPLAIN
SELECT cmv_basetable.a, sum(cmv_basetable_2.d)
FROM cmv_basetable join cmv_basetable_2 ON (cmv_basetable.a = cmv_basetable_2.a)
WHERE cmv_basetable_2.c > 10.10
GROUP BY cmv_basetable.a, cmv_basetable_2.c
POSTHOOK: type: QUERY
STAGE DEPENDENCIES:
  Stage-1 is a root stage
  Stage-0 depends on stages: Stage-1

STAGE PLANS:
  Stage: Stage-1
    Map Reduce
      Map Operator Tree:
          TableScan
            alias: default.cmv_mat_view
            Statistics: Num rows: 3 Data size: 8030 Basic stats: COMPLETE Column stats: NONE
            Filter Operator
              predicate: (c > 10.1) (type: boolean)
              Statistics: Num rows: 1 Data size: 2676 Basic stats: COMPLETE Column stats: NONE
              Select Operator
                expressions: a (type: int), _c2 (type: bigint)
                outputColumnNames: _col0, _col1
                Statistics: Num rows: 1 Data size: 2676 Basic stats: COMPLETE Column stats: NONE
                File Output Operator
                  compressed: false
                  Statistics: Num rows: 1 Data size: 2676 Basic stats: COMPLETE Column stats: NONE
                  table:
                      input format: org.apache.hadoop.mapred.SequenceFileInputFormat
                      output format: org.apache.hadoop.hive.ql.io.HiveSequenceFileOutputFormat
                      serde: org.apache.hadoop.hive.serde2.lazy.LazySimpleSerDe

  Stage: Stage-0
    Fetch Operator
      limit: -1
      Processor Tree:
        ListSink

PREHOOK: query: SELECT cmv_basetable.a, sum(cmv_basetable_2.d)
FROM cmv_basetable JOIN cmv_basetable_2 ON (cmv_basetable.a = cmv_basetable_2.a)
WHERE cmv_basetable_2.c > 10.10
GROUP BY cmv_basetable.a, cmv_basetable_2.c
PREHOOK: type: QUERY
PREHOOK: Input: default@cmv_basetable
PREHOOK: Input: default@cmv_basetable_2
PREHOOK: Input: default@cmv_mat_view
#### A masked pattern was here ####
POSTHOOK: query: SELECT cmv_basetable.a, sum(cmv_basetable_2.d)
FROM cmv_basetable JOIN cmv_basetable_2 ON (cmv_basetable.a = cmv_basetable_2.a)
WHERE cmv_basetable_2.c > 10.10
GROUP BY cmv_basetable.a, cmv_basetable_2.c
POSTHOOK: type: QUERY
POSTHOOK: Input: default@cmv_basetable
POSTHOOK: Input: default@cmv_basetable_2
POSTHOOK: Input: default@cmv_mat_view
#### A masked pattern was here ####
2	4
3	2
3	6
PREHOOK: query: DELETE FROM cmv_basetable_2 WHERE a=2
PREHOOK: type: QUERY
PREHOOK: Input: default@cmv_basetable_2
PREHOOK: Output: default@cmv_basetable_2
POSTHOOK: query: DELETE FROM cmv_basetable_2 WHERE a=2
POSTHOOK: type: QUERY
POSTHOOK: Input: default@cmv_basetable_2
POSTHOOK: Output: default@cmv_basetable_2
PREHOOK: query: EXPLAIN
ALTER MATERIALIZED VIEW cmv_mat_view REBUILD
PREHOOK: type: QUERY
POSTHOOK: query: EXPLAIN
ALTER MATERIALIZED VIEW cmv_mat_view REBUILD
POSTHOOK: type: QUERY
STAGE DEPENDENCIES:
  Stage-1 is a root stage
  Stage-2 depends on stages: Stage-1
  Stage-0 depends on stages: Stage-2
  Stage-3 depends on stages: Stage-0
  Stage-5 depends on stages: Stage-3

STAGE PLANS:
  Stage: Stage-1
    Map Reduce
      Map Operator Tree:
          TableScan
            alias: cmv_basetable
            Statistics: Num rows: 5 Data size: 1205 Basic stats: COMPLETE Column stats: NONE
            Filter Operator
              predicate: a is not null (type: boolean)
              Statistics: Num rows: 5 Data size: 1205 Basic stats: COMPLETE Column stats: NONE
              Select Operator
                expressions: a (type: int)
                outputColumnNames: _col0
                Statistics: Num rows: 5 Data size: 1205 Basic stats: COMPLETE Column stats: NONE
                Reduce Output Operator
                  key expressions: _col0 (type: int)
                  sort order: +
                  Map-reduce partition columns: _col0 (type: int)
                  Statistics: Num rows: 5 Data size: 1205 Basic stats: COMPLETE Column stats: NONE
          TableScan
            alias: cmv_basetable_2
            Statistics: Num rows: 70 Data size: 39520 Basic stats: COMPLETE Column stats: NONE
            Filter Operator
              predicate: ((c > 10) and a is not null) (type: boolean)
              Statistics: Num rows: 23 Data size: 12985 Basic stats: COMPLETE Column stats: NONE
              Select Operator
                expressions: a (type: int), c (type: decimal(10,2)), d (type: int)
                outputColumnNames: _col0, _col1, _col2
                Statistics: Num rows: 23 Data size: 12985 Basic stats: COMPLETE Column stats: NONE
                Reduce Output Operator
                  key expressions: _col0 (type: int)
                  sort order: +
                  Map-reduce partition columns: _col0 (type: int)
                  Statistics: Num rows: 23 Data size: 12985 Basic stats: COMPLETE Column stats: NONE
                  value expressions: _col1 (type: decimal(10,2)), _col2 (type: int)
      Reduce Operator Tree:
        Join Operator
          condition map:
               Inner Join 0 to 1
          keys:
            0 _col0 (type: int)
            1 _col0 (type: int)
          outputColumnNames: _col0, _col2, _col3
          Statistics: Num rows: 25 Data size: 14283 Basic stats: COMPLETE Column stats: NONE
          Group By Operator
            aggregations: sum(_col3)
            keys: _col0 (type: int), _col2 (type: decimal(10,2))
            mode: hash
            outputColumnNames: _col0, _col1, _col2
            Statistics: Num rows: 25 Data size: 14283 Basic stats: COMPLETE Column stats: NONE
            File Output Operator
              compressed: false
              table:
                  input format: org.apache.hadoop.mapred.SequenceFileInputFormat
                  output format: org.apache.hadoop.hive.ql.io.HiveSequenceFileOutputFormat
                  serde: org.apache.hadoop.hive.serde2.lazybinary.LazyBinarySerDe

  Stage: Stage-2
    Map Reduce
      Map Operator Tree:
          TableScan
            Reduce Output Operator
              key expressions: _col0 (type: int), _col1 (type: decimal(10,2))
              sort order: ++
              Map-reduce partition columns: _col0 (type: int), _col1 (type: decimal(10,2))
              Statistics: Num rows: 25 Data size: 14283 Basic stats: COMPLETE Column stats: NONE
              value expressions: _col2 (type: bigint)
      Reduce Operator Tree:
        Group By Operator
          aggregations: sum(VALUE._col0)
          keys: KEY._col0 (type: int), KEY._col1 (type: decimal(10,2))
          mode: mergepartial
          outputColumnNames: _col0, _col1, _col2
          Statistics: Num rows: 12 Data size: 6855 Basic stats: COMPLETE Column stats: NONE
          File Output Operator
            compressed: false
            Statistics: Num rows: 12 Data size: 6855 Basic stats: COMPLETE Column stats: NONE
            table:
                input format: org.apache.hadoop.hive.ql.io.orc.OrcInputFormat
                output format: org.apache.hadoop.hive.ql.io.orc.OrcOutputFormat
                serde: org.apache.hadoop.hive.ql.io.orc.OrcSerde
                name: default.cmv_mat_view
            Write Type: INSERT
          Select Operator
            expressions: _col0 (type: int), _col1 (type: decimal(10,2)), _col2 (type: bigint)
            outputColumnNames: a, c, _c2
            Statistics: Num rows: 12 Data size: 6855 Basic stats: COMPLETE Column stats: NONE
            Group By Operator
              aggregations: compute_stats(a, 'hll'), compute_stats(c, 'hll'), compute_stats(_c2, 'hll')
              mode: complete
              outputColumnNames: _col0, _col1, _col2
              Statistics: Num rows: 1 Data size: 1480 Basic stats: COMPLETE Column stats: NONE
              Select Operator
                expressions: _col0 (type: struct<columntype:string,min:bigint,max:bigint,countnulls:bigint,numdistinctvalues:bigint,ndvbitvector:binary>), _col1 (type: struct<columntype:string,min:decimal(10,2),max:decimal(10,2),countnulls:bigint,numdistinctvalues:bigint,ndvbitvector:binary>), _col2 (type: struct<columntype:string,min:bigint,max:bigint,countnulls:bigint,numdistinctvalues:bigint,ndvbitvector:binary>)
                outputColumnNames: _col0, _col1, _col2
                Statistics: Num rows: 1 Data size: 1480 Basic stats: COMPLETE Column stats: NONE
                File Output Operator
                  compressed: false
                  Statistics: Num rows: 1 Data size: 1480 Basic stats: COMPLETE Column stats: NONE
                  table:
                      input format: org.apache.hadoop.mapred.SequenceFileInputFormat
                      output format: org.apache.hadoop.hive.ql.io.HiveSequenceFileOutputFormat
                      serde: org.apache.hadoop.hive.serde2.lazy.LazySimpleSerDe

  Stage: Stage-0
    Move Operator
      tables:
          replace: false
          table:
              input format: org.apache.hadoop.hive.ql.io.orc.OrcInputFormat
              output format: org.apache.hadoop.hive.ql.io.orc.OrcOutputFormat
              serde: org.apache.hadoop.hive.ql.io.orc.OrcSerde
              name: default.cmv_mat_view
          Write Type: INSERT

  Stage: Stage-3
    Stats Work
      Basic Stats Work:
      Column Stats Desc:
          Columns: a, c, _c2
          Column Types: int, decimal(10,2), bigint
          Table: default.cmv_mat_view

  Stage: Stage-5
    Materialized View Work

PREHOOK: query: ALTER MATERIALIZED VIEW cmv_mat_view REBUILD
PREHOOK: type: QUERY
PREHOOK: Input: default@cmv_basetable
PREHOOK: Input: default@cmv_basetable_2
PREHOOK: Output: default@cmv_mat_view
POSTHOOK: query: ALTER MATERIALIZED VIEW cmv_mat_view REBUILD
POSTHOOK: type: QUERY
POSTHOOK: Input: default@cmv_basetable
POSTHOOK: Input: default@cmv_basetable_2
POSTHOOK: Output: default@cmv_mat_view
POSTHOOK: Lineage: cmv_mat_view._c2 EXPRESSION [(cmv_basetable_2)cmv_basetable_2.FieldSchema(name:d, type:int, comment:null), ]
POSTHOOK: Lineage: cmv_mat_view.a SIMPLE [(cmv_basetable)cmv_basetable.FieldSchema(name:a, type:int, comment:null), ]
POSTHOOK: Lineage: cmv_mat_view.c SIMPLE [(cmv_basetable_2)cmv_basetable_2.FieldSchema(name:c, type:decimal(10,2), comment:null), ]
PREHOOK: query: EXPLAIN
SELECT cmv_basetable.a, sum(cmv_basetable_2.d)
FROM cmv_basetable join cmv_basetable_2 ON (cmv_basetable.a = cmv_basetable_2.a)
WHERE cmv_basetable_2.c > 10.10
GROUP BY cmv_basetable.a, cmv_basetable_2.c
PREHOOK: type: QUERY
POSTHOOK: query: EXPLAIN
SELECT cmv_basetable.a, sum(cmv_basetable_2.d)
FROM cmv_basetable join cmv_basetable_2 ON (cmv_basetable.a = cmv_basetable_2.a)
WHERE cmv_basetable_2.c > 10.10
GROUP BY cmv_basetable.a, cmv_basetable_2.c
POSTHOOK: type: QUERY
STAGE DEPENDENCIES:
  Stage-1 is a root stage
  Stage-0 depends on stages: Stage-1

STAGE PLANS:
  Stage: Stage-1
    Map Reduce
      Map Operator Tree:
          TableScan
            alias: default.cmv_mat_view
            Statistics: Num rows: 2 Data size: 7960 Basic stats: COMPLETE Column stats: NONE
            Filter Operator
              predicate: (c > 10.1) (type: boolean)
              Statistics: Num rows: 1 Data size: 3980 Basic stats: COMPLETE Column stats: NONE
              Select Operator
                expressions: a (type: int), _c2 (type: bigint)
                outputColumnNames: _col0, _col1
                Statistics: Num rows: 1 Data size: 3980 Basic stats: COMPLETE Column stats: NONE
                File Output Operator
                  compressed: false
                  Statistics: Num rows: 1 Data size: 3980 Basic stats: COMPLETE Column stats: NONE
                  table:
                      input format: org.apache.hadoop.mapred.SequenceFileInputFormat
                      output format: org.apache.hadoop.hive.ql.io.HiveSequenceFileOutputFormat
                      serde: org.apache.hadoop.hive.serde2.lazy.LazySimpleSerDe

  Stage: Stage-0
    Fetch Operator
      limit: -1
      Processor Tree:
        ListSink

PREHOOK: query: SELECT cmv_basetable.a, sum(cmv_basetable_2.d)
FROM cmv_basetable JOIN cmv_basetable_2 ON (cmv_basetable.a = cmv_basetable_2.a)
WHERE cmv_basetable_2.c > 10.10
GROUP BY cmv_basetable.a, cmv_basetable_2.c
PREHOOK: type: QUERY
PREHOOK: Input: default@cmv_basetable
PREHOOK: Input: default@cmv_basetable_2
PREHOOK: Input: default@cmv_mat_view
#### A masked pattern was here ####
POSTHOOK: query: SELECT cmv_basetable.a, sum(cmv_basetable_2.d)
FROM cmv_basetable JOIN cmv_basetable_2 ON (cmv_basetable.a = cmv_basetable_2.a)
WHERE cmv_basetable_2.c > 10.10
GROUP BY cmv_basetable.a, cmv_basetable_2.c
POSTHOOK: type: QUERY
POSTHOOK: Input: default@cmv_basetable
POSTHOOK: Input: default@cmv_basetable_2
POSTHOOK: Input: default@cmv_mat_view
#### A masked pattern was here ####
3	2
3	6
PREHOOK: query: insert into cmv_basetable_2 values
 (1, 'charlie', 15.8, 1)
PREHOOK: type: QUERY
PREHOOK: Input: _dummy_database@_dummy_table
PREHOOK: Output: default@cmv_basetable_2
POSTHOOK: query: insert into cmv_basetable_2 values
 (1, 'charlie', 15.8, 1)
POSTHOOK: type: QUERY
POSTHOOK: Input: _dummy_database@_dummy_table
POSTHOOK: Output: default@cmv_basetable_2
POSTHOOK: Lineage: cmv_basetable_2.a SCRIPT []
POSTHOOK: Lineage: cmv_basetable_2.b SCRIPT []
POSTHOOK: Lineage: cmv_basetable_2.c SCRIPT []
POSTHOOK: Lineage: cmv_basetable_2.d SCRIPT []
PREHOOK: query: EXPLAIN
ALTER MATERIALIZED VIEW cmv_mat_view REBUILD
PREHOOK: type: QUERY
POSTHOOK: query: EXPLAIN
ALTER MATERIALIZED VIEW cmv_mat_view REBUILD
POSTHOOK: type: QUERY
STAGE DEPENDENCIES:
  Stage-7 is a root stage
  Stage-8 depends on stages: Stage-7
  Stage-2 depends on stages: Stage-8
  Stage-0 depends on stages: Stage-2
  Stage-3 depends on stages: Stage-0
  Stage-10 depends on stages: Stage-3, Stage-6
  Stage-4 depends on stages: Stage-2
  Stage-6 depends on stages: Stage-1, Stage-4
  Stage-5 depends on stages: Stage-2
  Stage-1 depends on stages: Stage-5

STAGE PLANS:
  Stage: Stage-7
    Map Reduce
      Map Operator Tree:
          TableScan
            alias: cmv_basetable
            Statistics: Num rows: 5 Data size: 1205 Basic stats: COMPLETE Column stats: NONE
            Filter Operator
              predicate: a is not null (type: boolean)
              Statistics: Num rows: 5 Data size: 1205 Basic stats: COMPLETE Column stats: NONE
              Select Operator
                expressions: a (type: int)
                outputColumnNames: _col0
                Statistics: Num rows: 5 Data size: 1205 Basic stats: COMPLETE Column stats: NONE
                Reduce Output Operator
                  key expressions: _col0 (type: int)
                  sort order: +
                  Map-reduce partition columns: _col0 (type: int)
                  Statistics: Num rows: 5 Data size: 1205 Basic stats: COMPLETE Column stats: NONE
          TableScan
            alias: cmv_basetable_2
            Statistics: Num rows: 85 Data size: 47910 Basic stats: COMPLETE Column stats: NONE
            Filter Operator
              predicate: ((ROW__ID.writeid > 4) and (c > 10) and a is not null) (type: boolean)
              Statistics: Num rows: 9 Data size: 5072 Basic stats: COMPLETE Column stats: NONE
              Select Operator
                expressions: a (type: int), c (type: decimal(10,2)), d (type: int)
                outputColumnNames: _col0, _col1, _col2
                Statistics: Num rows: 9 Data size: 5072 Basic stats: COMPLETE Column stats: NONE
                Reduce Output Operator
                  key expressions: _col0 (type: int)
                  sort order: +
                  Map-reduce partition columns: _col0 (type: int)
                  Statistics: Num rows: 9 Data size: 5072 Basic stats: COMPLETE Column stats: NONE
                  value expressions: _col1 (type: decimal(10,2)), _col2 (type: int)
      Reduce Operator Tree:
        Join Operator
          condition map:
               Inner Join 0 to 1
          keys:
            0 _col0 (type: int)
            1 _col0 (type: int)
          outputColumnNames: _col0, _col2, _col3
          Statistics: Num rows: 9 Data size: 5579 Basic stats: COMPLETE Column stats: NONE
          Group By Operator
            aggregations: sum(_col3)
            keys: _col0 (type: int), _col2 (type: decimal(10,2))
            mode: hash
            outputColumnNames: _col0, _col1, _col2
            Statistics: Num rows: 9 Data size: 5579 Basic stats: COMPLETE Column stats: NONE
            File Output Operator
              compressed: false
              table:
                  input format: org.apache.hadoop.mapred.SequenceFileInputFormat
                  output format: org.apache.hadoop.hive.ql.io.HiveSequenceFileOutputFormat
                  serde: org.apache.hadoop.hive.serde2.lazybinary.LazyBinarySerDe

  Stage: Stage-8
    Map Reduce
      Map Operator Tree:
          TableScan
            Reduce Output Operator
              key expressions: _col0 (type: int), _col1 (type: decimal(10,2))
              sort order: ++
              Map-reduce partition columns: _col0 (type: int), _col1 (type: decimal(10,2))
              Statistics: Num rows: 9 Data size: 5579 Basic stats: COMPLETE Column stats: NONE
              value expressions: _col2 (type: bigint)
      Reduce Operator Tree:
        Group By Operator
          aggregations: sum(VALUE._col0)
          keys: KEY._col0 (type: int), KEY._col1 (type: decimal(10,2))
          mode: mergepartial
          outputColumnNames: _col0, _col1, _col2
          Statistics: Num rows: 4 Data size: 2479 Basic stats: COMPLETE Column stats: NONE
          File Output Operator
            compressed: false
            table:
                input format: org.apache.hadoop.mapred.SequenceFileInputFormat
                output format: org.apache.hadoop.hive.ql.io.HiveSequenceFileOutputFormat
                serde: org.apache.hadoop.hive.serde2.lazybinary.LazyBinarySerDe

  Stage: Stage-2
    Map Reduce
      Map Operator Tree:
          TableScan
            alias: default.cmv_mat_view
            Statistics: Num rows: 2 Data size: 7960 Basic stats: COMPLETE Column stats: NONE
            Filter Operator
              predicate: ((c > 10) and a is not null) (type: boolean)
              Statistics: Num rows: 1 Data size: 3980 Basic stats: COMPLETE Column stats: NONE
              Select Operator
                expressions: a (type: int), c (type: decimal(10,2)), _c2 (type: bigint), ROW__ID (type: struct<writeid:bigint,bucketid:int,rowid:bigint>)
                outputColumnNames: _col0, _col1, _col2, _col3
                Statistics: Num rows: 1 Data size: 3980 Basic stats: COMPLETE Column stats: NONE
                Reduce Output Operator
                  key expressions: _col0 (type: int), _col1 (type: decimal(10,2))
                  sort order: ++
                  Map-reduce partition columns: _col0 (type: int), _col1 (type: decimal(10,2))
                  Statistics: Num rows: 1 Data size: 3980 Basic stats: COMPLETE Column stats: NONE
                  value expressions: _col2 (type: bigint), _col3 (type: struct<writeid:bigint,bucketid:int,rowid:bigint>)
          TableScan
            Reduce Output Operator
              key expressions: _col0 (type: int), _col1 (type: decimal(10,2))
              sort order: ++
              Map-reduce partition columns: _col0 (type: int), _col1 (type: decimal(10,2))
              Statistics: Num rows: 4 Data size: 2479 Basic stats: COMPLETE Column stats: NONE
              value expressions: _col2 (type: bigint)
      Reduce Operator Tree:
        Join Operator
          condition map:
               Right Outer Join 0 to 1
          keys:
            0 _col0 (type: int), _col1 (type: decimal(10,2))
            1 _col0 (type: int), _col1 (type: decimal(10,2))
          outputColumnNames: _col0, _col1, _col2, _col3, _col4, _col5, _col6
          Statistics: Num rows: 4 Data size: 2726 Basic stats: COMPLETE Column stats: NONE
          Filter Operator
            predicate: (_col0 is null and _col1 is null) (type: boolean)
            Statistics: Num rows: 1 Data size: 681 Basic stats: COMPLETE Column stats: NONE
            Select Operator
              expressions: _col4 (type: int), _col5 (type: decimal(10,2)), CASE WHEN ((_col0 is null and _col1 is null)) THEN (_col6) ELSE ((_col6 + _col2)) END (type: bigint)
              outputColumnNames: _col0, _col1, _col2
              Statistics: Num rows: 1 Data size: 681 Basic stats: COMPLETE Column stats: NONE
              File Output Operator
                compressed: false
                Statistics: Num rows: 1 Data size: 681 Basic stats: COMPLETE Column stats: NONE
                table:
                    input format: org.apache.hadoop.hive.ql.io.orc.OrcInputFormat
                    output format: org.apache.hadoop.hive.ql.io.orc.OrcOutputFormat
                    serde: org.apache.hadoop.hive.ql.io.orc.OrcSerde
                    name: default.cmv_mat_view
                Write Type: INSERT
              Select Operator
                expressions: _col0 (type: int), _col1 (type: decimal(10,2)), _col2 (type: bigint)
                outputColumnNames: a, c, _c2
                Statistics: Num rows: 1 Data size: 681 Basic stats: COMPLETE Column stats: NONE
                Group By Operator
                  aggregations: compute_stats(a, 'hll'), compute_stats(c, 'hll'), compute_stats(_c2, 'hll')
                  mode: hash
                  outputColumnNames: _col0, _col1, _col2
                  Statistics: Num rows: 1 Data size: 1480 Basic stats: COMPLETE Column stats: NONE
                  File Output Operator
                    compressed: false
                    table:
                        input format: org.apache.hadoop.mapred.SequenceFileInputFormat
                        output format: org.apache.hadoop.hive.ql.io.HiveSequenceFileOutputFormat
                        serde: org.apache.hadoop.hive.serde2.lazybinary.LazyBinarySerDe
          Filter Operator
            predicate: ((_col0 = _col4) and (_col1 = _col5)) (type: boolean)
            Statistics: Num rows: 1 Data size: 681 Basic stats: COMPLETE Column stats: NONE
            Select Operator
              expressions: _col3 (type: struct<writeid:bigint,bucketid:int,rowid:bigint>), _col4 (type: int), _col5 (type: decimal(10,2)), CASE WHEN ((_col0 is null and _col1 is null)) THEN (_col6) ELSE ((_col6 + _col2)) END (type: bigint)
              outputColumnNames: _col0, _col1, _col2, _col3
              Statistics: Num rows: 1 Data size: 681 Basic stats: COMPLETE Column stats: NONE
              File Output Operator
                compressed: false
                table:
                    input format: org.apache.hadoop.mapred.SequenceFileInputFormat
                    output format: org.apache.hadoop.hive.ql.io.HiveSequenceFileOutputFormat
                    serde: org.apache.hadoop.hive.serde2.lazybinary.LazyBinarySerDe

  Stage: Stage-0
    Move Operator
      tables:
          replace: false
          table:
              input format: org.apache.hadoop.hive.ql.io.orc.OrcInputFormat
              output format: org.apache.hadoop.hive.ql.io.orc.OrcOutputFormat
              serde: org.apache.hadoop.hive.ql.io.orc.OrcSerde
              name: default.cmv_mat_view
          Write Type: INSERT

  Stage: Stage-3
    Stats Work
      Basic Stats Work:

  Stage: Stage-10
    Materialized View Work

  Stage: Stage-4
    Map Reduce
      Map Operator Tree:
          TableScan
            Reduce Output Operator
              sort order: 
              Statistics: Num rows: 1 Data size: 1480 Basic stats: COMPLETE Column stats: NONE
              value expressions: _col0 (type: struct<columntype:string,min:bigint,max:bigint,countnulls:bigint,bitvector:binary>), _col1 (type: struct<columntype:string,min:decimal(10,2),max:decimal(10,2),countnulls:bigint,bitvector:binary>), _col2 (type: struct<columntype:string,min:bigint,max:bigint,countnulls:bigint,bitvector:binary>)
      Reduce Operator Tree:
        Group By Operator
          aggregations: compute_stats(VALUE._col0), compute_stats(VALUE._col1), compute_stats(VALUE._col2)
          mode: mergepartial
          outputColumnNames: _col0, _col1, _col2
          Statistics: Num rows: 1 Data size: 1528 Basic stats: COMPLETE Column stats: NONE
          File Output Operator
            compressed: false
            Statistics: Num rows: 1 Data size: 1528 Basic stats: COMPLETE Column stats: NONE
            table:
                input format: org.apache.hadoop.mapred.SequenceFileInputFormat
                output format: org.apache.hadoop.hive.ql.io.HiveSequenceFileOutputFormat
                serde: org.apache.hadoop.hive.serde2.lazy.LazySimpleSerDe

  Stage: Stage-6
    Stats Work
      Basic Stats Work:
      Column Stats Desc:
          Columns: a, c, _c2
          Column Types: int, decimal(10,2), bigint
          Table: default.cmv_mat_view

  Stage: Stage-5
    Map Reduce
      Map Operator Tree:
          TableScan
            Reduce Output Operator
              key expressions: _col0 (type: struct<writeid:bigint,bucketid:int,rowid:bigint>)
              sort order: +
              Statistics: Num rows: 1 Data size: 681 Basic stats: COMPLETE Column stats: NONE
              value expressions: _col1 (type: int), _col2 (type: decimal(10,2)), _col3 (type: bigint)
      Reduce Operator Tree:
        Select Operator
          expressions: KEY.reducesinkkey0 (type: struct<writeid:bigint,bucketid:int,rowid:bigint>), VALUE._col0 (type: int), VALUE._col1 (type: decimal(10,2)), VALUE._col2 (type: bigint)
          outputColumnNames: _col0, _col1, _col2, _col3
          Statistics: Num rows: 1 Data size: 681 Basic stats: COMPLETE Column stats: NONE
          File Output Operator
            compressed: false
            Statistics: Num rows: 1 Data size: 681 Basic stats: COMPLETE Column stats: NONE
            table:
                input format: org.apache.hadoop.hive.ql.io.orc.OrcInputFormat
                output format: org.apache.hadoop.hive.ql.io.orc.OrcOutputFormat
                serde: org.apache.hadoop.hive.ql.io.orc.OrcSerde
                name: default.cmv_mat_view
            Write Type: UPDATE

  Stage: Stage-1
    Move Operator
      tables:
          replace: false
          table:
              input format: org.apache.hadoop.hive.ql.io.orc.OrcInputFormat
              output format: org.apache.hadoop.hive.ql.io.orc.OrcOutputFormat
              serde: org.apache.hadoop.hive.ql.io.orc.OrcSerde
              name: default.cmv_mat_view
          Write Type: UPDATE

PREHOOK: query: ALTER MATERIALIZED VIEW cmv_mat_view REBUILD
PREHOOK: type: QUERY
PREHOOK: Input: default@cmv_basetable
PREHOOK: Input: default@cmv_basetable_2
PREHOOK: Input: default@cmv_mat_view
PREHOOK: Output: default@cmv_mat_view
PREHOOK: Output: default@cmv_mat_view
POSTHOOK: query: ALTER MATERIALIZED VIEW cmv_mat_view REBUILD
POSTHOOK: type: QUERY
POSTHOOK: Input: default@cmv_basetable
POSTHOOK: Input: default@cmv_basetable_2
POSTHOOK: Input: default@cmv_mat_view
POSTHOOK: Output: default@cmv_mat_view
POSTHOOK: Output: default@cmv_mat_view
POSTHOOK: Lineage: cmv_mat_view._c2 EXPRESSION [(cmv_mat_view)default.cmv_mat_view.FieldSchema(name:a, type:int, comment:null), (cmv_mat_view)default.cmv_mat_view.FieldSchema(name:c, type:decimal(10,2), comment:null), (cmv_basetable_2)cmv_basetable_2.FieldSchema(name:d, type:int, comment:null), (cmv_mat_view)default.cmv_mat_view.FieldSchema(name:_c2, type:bigint, comment:null), ]
POSTHOOK: Lineage: cmv_mat_view.a SIMPLE [(cmv_basetable)cmv_basetable.FieldSchema(name:a, type:int, comment:null), ]
POSTHOOK: Lineage: cmv_mat_view.c SIMPLE [(cmv_basetable_2)cmv_basetable_2.FieldSchema(name:c, type:decimal(10,2), comment:null), ]
PREHOOK: query: EXPLAIN
SELECT cmv_basetable.a, sum(cmv_basetable_2.d)
FROM cmv_basetable join cmv_basetable_2 ON (cmv_basetable.a = cmv_basetable_2.a)
WHERE cmv_basetable_2.c > 10.10
GROUP BY cmv_basetable.a, cmv_basetable_2.c
PREHOOK: type: QUERY
POSTHOOK: query: EXPLAIN
SELECT cmv_basetable.a, sum(cmv_basetable_2.d)
FROM cmv_basetable join cmv_basetable_2 ON (cmv_basetable.a = cmv_basetable_2.a)
WHERE cmv_basetable_2.c > 10.10
GROUP BY cmv_basetable.a, cmv_basetable_2.c
POSTHOOK: type: QUERY
STAGE DEPENDENCIES:
  Stage-1 is a root stage
  Stage-0 depends on stages: Stage-1

STAGE PLANS:
  Stage: Stage-1
    Map Reduce
      Map Operator Tree:
          TableScan
            alias: default.cmv_mat_view
            Statistics: Num rows: 49 Data size: 15350 Basic stats: COMPLETE Column stats: NONE
            Filter Operator
              predicate: (c > 10.1) (type: boolean)
              Statistics: Num rows: 16 Data size: 5012 Basic stats: COMPLETE Column stats: NONE
              Select Operator
                expressions: a (type: int), _c2 (type: bigint)
                outputColumnNames: _col0, _col1
                Statistics: Num rows: 16 Data size: 5012 Basic stats: COMPLETE Column stats: NONE
                File Output Operator
                  compressed: false
                  Statistics: Num rows: 16 Data size: 5012 Basic stats: COMPLETE Column stats: NONE
                  table:
                      input format: org.apache.hadoop.mapred.SequenceFileInputFormat
                      output format: org.apache.hadoop.hive.ql.io.HiveSequenceFileOutputFormat
                      serde: org.apache.hadoop.hive.serde2.lazy.LazySimpleSerDe

  Stage: Stage-0
    Fetch Operator
      limit: -1
      Processor Tree:
        ListSink

PREHOOK: query: SELECT cmv_basetable.a, sum(cmv_basetable_2.d)
FROM cmv_basetable JOIN cmv_basetable_2 ON (cmv_basetable.a = cmv_basetable_2.a)
WHERE cmv_basetable_2.c > 10.10
GROUP BY cmv_basetable.a, cmv_basetable_2.c
PREHOOK: type: QUERY
PREHOOK: Input: default@cmv_basetable
PREHOOK: Input: default@cmv_basetable_2
PREHOOK: Input: default@cmv_mat_view
#### A masked pattern was here ####
POSTHOOK: query: SELECT cmv_basetable.a, sum(cmv_basetable_2.d)
FROM cmv_basetable JOIN cmv_basetable_2 ON (cmv_basetable.a = cmv_basetable_2.a)
WHERE cmv_basetable_2.c > 10.10
GROUP BY cmv_basetable.a, cmv_basetable_2.c
POSTHOOK: type: QUERY
POSTHOOK: Input: default@cmv_basetable
POSTHOOK: Input: default@cmv_basetable_2
POSTHOOK: Input: default@cmv_mat_view
#### A masked pattern was here ####
3	2
3	6
1	1
PREHOOK: query: drop materialized view cmv_mat_view
PREHOOK: type: DROP_MATERIALIZED_VIEW
PREHOOK: Input: default@cmv_mat_view
PREHOOK: Output: default@cmv_mat_view
POSTHOOK: query: drop materialized view cmv_mat_view
POSTHOOK: type: DROP_MATERIALIZED_VIEW
POSTHOOK: Input: default@cmv_mat_view
POSTHOOK: Output: default@cmv_mat_view
