PREHOOK: query: explain select cs1.product_name ,cs1.store_name ,cs1.store_zip ,cs1.b_street_number ,cs1.b_streen_name ,cs1.b_city ,cs1.b_zip ,cs1.c_street_number ,cs1.c_street_name ,cs1.c_city ,cs1.c_zip ,cs1.syear ,cs1.cnt ,cs1.s1 ,cs1.s2 ,cs1.s3 ,cs2.s1 ,cs2.s2 ,cs2.s3 ,cs2.syear ,cs2.cnt from (select i_product_name as product_name ,i_item_sk as item_sk ,s_store_name as store_name ,s_zip as store_zip ,ad1.ca_street_number as b_street_number ,ad1.ca_street_name as b_streen_name ,ad1.ca_city as b_city ,ad1.ca_zip as b_zip ,ad2.ca_street_number as c_street_number ,ad2.ca_street_name as c_street_name ,ad2.ca_city as c_city ,ad2.ca_zip as c_zip ,d1.d_year as syear ,d2.d_year as fsyear ,d3.d_year as s2year ,count(*) as cnt ,sum(ss_wholesale_cost) as s1 ,sum(ss_list_price) as s2 ,sum(ss_coupon_amt) as s3 FROM store_sales JOIN store_returns ON store_sales.ss_item_sk = store_returns.sr_item_sk and store_sales.ss_ticket_number = store_returns.sr_ticket_number JOIN customer ON store_sales.ss_customer_sk = customer.c_customer_sk JOIN date_dim d1 ON store_sales.ss_sold_date_sk = d1.d_date_sk JOIN date_dim d2 ON customer.c_first_sales_date_sk = d2.d_date_sk JOIN date_dim d3 ON customer.c_first_shipto_date_sk = d3.d_date_sk JOIN store ON store_sales.ss_store_sk = store.s_store_sk JOIN customer_demographics cd1 ON store_sales.ss_cdemo_sk= cd1.cd_demo_sk JOIN customer_demographics cd2 ON customer.c_current_cdemo_sk = cd2.cd_demo_sk JOIN promotion ON store_sales.ss_promo_sk = promotion.p_promo_sk JOIN household_demographics hd1 ON store_sales.ss_hdemo_sk = hd1.hd_demo_sk JOIN household_demographics hd2 ON customer.c_current_hdemo_sk = hd2.hd_demo_sk JOIN customer_address ad1 ON store_sales.ss_addr_sk = ad1.ca_address_sk JOIN customer_address ad2 ON customer.c_current_addr_sk = ad2.ca_address_sk JOIN income_band ib1 ON hd1.hd_income_band_sk = ib1.ib_income_band_sk JOIN income_band ib2 ON hd2.hd_income_band_sk = ib2.ib_income_band_sk JOIN item ON store_sales.ss_item_sk = item.i_item_sk JOIN (select cs_item_sk ,sum(cs_ext_list_price) as sale,sum(cr_refunded_cash+cr_reversed_charge+cr_store_credit) as refund from catalog_sales JOIN catalog_returns ON catalog_sales.cs_item_sk = catalog_returns.cr_item_sk and catalog_sales.cs_order_number = catalog_returns.cr_order_number group by cs_item_sk having sum(cs_ext_list_price)>2*sum(cr_refunded_cash+cr_reversed_charge+cr_store_credit)) cs_ui ON store_sales.ss_item_sk = cs_ui.cs_item_sk WHERE cd1.cd_marital_status <> cd2.cd_marital_status and i_color in ('maroon','burnished','dim','steel','navajo','chocolate') and i_current_price between 35 and 35 + 10 and i_current_price between 35 + 1 and 35 + 15 group by i_product_name ,i_item_sk ,s_store_name ,s_zip ,ad1.ca_street_number ,ad1.ca_street_name ,ad1.ca_city ,ad1.ca_zip ,ad2.ca_street_number ,ad2.ca_street_name ,ad2.ca_city ,ad2.ca_zip ,d1.d_year ,d2.d_year ,d3.d_year ) cs1 JOIN (select i_product_name as product_name ,i_item_sk as item_sk ,s_store_name as store_name ,s_zip as store_zip ,ad1.ca_street_number as b_street_number ,ad1.ca_street_name as b_streen_name ,ad1.ca_city as b_city ,ad1.ca_zip as b_zip ,ad2.ca_street_number as c_street_number ,ad2.ca_street_name as c_street_name ,ad2.ca_city as c_city ,ad2.ca_zip as c_zip ,d1.d_year as syear ,d2.d_year as fsyear ,d3.d_year as s2year ,count(*) as cnt ,sum(ss_wholesale_cost) as s1 ,sum(ss_list_price) as s2 ,sum(ss_coupon_amt) as s3 FROM store_sales JOIN store_returns ON store_sales.ss_item_sk = store_returns.sr_item_sk and store_sales.ss_ticket_number = store_returns.sr_ticket_number JOIN customer ON store_sales.ss_customer_sk = customer.c_customer_sk JOIN date_dim d1 ON store_sales.ss_sold_date_sk = d1.d_date_sk JOIN date_dim d2 ON customer.c_first_sales_date_sk = d2.d_date_sk JOIN date_dim d3 ON customer.c_first_shipto_date_sk = d3.d_date_sk JOIN store ON store_sales.ss_store_sk = store.s_store_sk JOIN customer_demographics cd1 ON store_sales.ss_cdemo_sk= cd1.cd_demo_sk JOIN customer_demographics cd2 ON customer.c_current_cdemo_sk = cd2.cd_demo_sk JOIN promotion ON store_sales.ss_promo_sk = promotion.p_promo_sk JOIN household_demographics hd1 ON store_sales.ss_hdemo_sk = hd1.hd_demo_sk JOIN household_demographics hd2 ON customer.c_current_hdemo_sk = hd2.hd_demo_sk JOIN customer_address ad1 ON store_sales.ss_addr_sk = ad1.ca_address_sk JOIN customer_address ad2 ON customer.c_current_addr_sk = ad2.ca_address_sk JOIN income_band ib1 ON hd1.hd_income_band_sk = ib1.ib_income_band_sk JOIN income_band ib2 ON hd2.hd_income_band_sk = ib2.ib_income_band_sk JOIN item ON store_sales.ss_item_sk = item.i_item_sk JOIN (select cs_item_sk ,sum(cs_ext_list_price) as sale,sum(cr_refunded_cash+cr_reversed_charge+cr_store_credit) as refund from catalog_sales JOIN catalog_returns ON catalog_sales.cs_item_sk = catalog_returns.cr_item_sk and catalog_sales.cs_order_number = catalog_returns.cr_order_number group by cs_item_sk having sum(cs_ext_list_price)>2*sum(cr_refunded_cash+cr_reversed_charge+cr_store_credit)) cs_ui ON store_sales.ss_item_sk = cs_ui.cs_item_sk WHERE cd1.cd_marital_status <> cd2.cd_marital_status and i_color in ('maroon','burnished','dim','steel','navajo','chocolate') and i_current_price between 35 and 35 + 10 and i_current_price between 35 + 1 and 35 + 15 group by i_product_name ,i_item_sk ,s_store_name ,s_zip ,ad1.ca_street_number ,ad1.ca_street_name ,ad1.ca_city ,ad1.ca_zip ,ad2.ca_street_number ,ad2.ca_street_name ,ad2.ca_city ,ad2.ca_zip ,d1.d_year ,d2.d_year ,d3.d_year ) cs2 ON cs1.item_sk=cs2.item_sk where cs1.syear = 2000 and cs2.syear = 2000 + 1 and cs2.cnt <= cs1.cnt and cs1.store_name = cs2.store_name and cs1.store_zip = cs2.store_zip order by cs1.product_name ,cs1.store_name ,cs2.cnt
PREHOOK: type: QUERY
POSTHOOK: query: explain select cs1.product_name ,cs1.store_name ,cs1.store_zip ,cs1.b_street_number ,cs1.b_streen_name ,cs1.b_city ,cs1.b_zip ,cs1.c_street_number ,cs1.c_street_name ,cs1.c_city ,cs1.c_zip ,cs1.syear ,cs1.cnt ,cs1.s1 ,cs1.s2 ,cs1.s3 ,cs2.s1 ,cs2.s2 ,cs2.s3 ,cs2.syear ,cs2.cnt from (select i_product_name as product_name ,i_item_sk as item_sk ,s_store_name as store_name ,s_zip as store_zip ,ad1.ca_street_number as b_street_number ,ad1.ca_street_name as b_streen_name ,ad1.ca_city as b_city ,ad1.ca_zip as b_zip ,ad2.ca_street_number as c_street_number ,ad2.ca_street_name as c_street_name ,ad2.ca_city as c_city ,ad2.ca_zip as c_zip ,d1.d_year as syear ,d2.d_year as fsyear ,d3.d_year as s2year ,count(*) as cnt ,sum(ss_wholesale_cost) as s1 ,sum(ss_list_price) as s2 ,sum(ss_coupon_amt) as s3 FROM store_sales JOIN store_returns ON store_sales.ss_item_sk = store_returns.sr_item_sk and store_sales.ss_ticket_number = store_returns.sr_ticket_number JOIN customer ON store_sales.ss_customer_sk = customer.c_customer_sk JOIN date_dim d1 ON store_sales.ss_sold_date_sk = d1.d_date_sk JOIN date_dim d2 ON customer.c_first_sales_date_sk = d2.d_date_sk JOIN date_dim d3 ON customer.c_first_shipto_date_sk = d3.d_date_sk JOIN store ON store_sales.ss_store_sk = store.s_store_sk JOIN customer_demographics cd1 ON store_sales.ss_cdemo_sk= cd1.cd_demo_sk JOIN customer_demographics cd2 ON customer.c_current_cdemo_sk = cd2.cd_demo_sk JOIN promotion ON store_sales.ss_promo_sk = promotion.p_promo_sk JOIN household_demographics hd1 ON store_sales.ss_hdemo_sk = hd1.hd_demo_sk JOIN household_demographics hd2 ON customer.c_current_hdemo_sk = hd2.hd_demo_sk JOIN customer_address ad1 ON store_sales.ss_addr_sk = ad1.ca_address_sk JOIN customer_address ad2 ON customer.c_current_addr_sk = ad2.ca_address_sk JOIN income_band ib1 ON hd1.hd_income_band_sk = ib1.ib_income_band_sk JOIN income_band ib2 ON hd2.hd_income_band_sk = ib2.ib_income_band_sk JOIN item ON store_sales.ss_item_sk = item.i_item_sk JOIN (select cs_item_sk ,sum(cs_ext_list_price) as sale,sum(cr_refunded_cash+cr_reversed_charge+cr_store_credit) as refund from catalog_sales JOIN catalog_returns ON catalog_sales.cs_item_sk = catalog_returns.cr_item_sk and catalog_sales.cs_order_number = catalog_returns.cr_order_number group by cs_item_sk having sum(cs_ext_list_price)>2*sum(cr_refunded_cash+cr_reversed_charge+cr_store_credit)) cs_ui ON store_sales.ss_item_sk = cs_ui.cs_item_sk WHERE cd1.cd_marital_status <> cd2.cd_marital_status and i_color in ('maroon','burnished','dim','steel','navajo','chocolate') and i_current_price between 35 and 35 + 10 and i_current_price between 35 + 1 and 35 + 15 group by i_product_name ,i_item_sk ,s_store_name ,s_zip ,ad1.ca_street_number ,ad1.ca_street_name ,ad1.ca_city ,ad1.ca_zip ,ad2.ca_street_number ,ad2.ca_street_name ,ad2.ca_city ,ad2.ca_zip ,d1.d_year ,d2.d_year ,d3.d_year ) cs1 JOIN (select i_product_name as product_name ,i_item_sk as item_sk ,s_store_name as store_name ,s_zip as store_zip ,ad1.ca_street_number as b_street_number ,ad1.ca_street_name as b_streen_name ,ad1.ca_city as b_city ,ad1.ca_zip as b_zip ,ad2.ca_street_number as c_street_number ,ad2.ca_street_name as c_street_name ,ad2.ca_city as c_city ,ad2.ca_zip as c_zip ,d1.d_year as syear ,d2.d_year as fsyear ,d3.d_year as s2year ,count(*) as cnt ,sum(ss_wholesale_cost) as s1 ,sum(ss_list_price) as s2 ,sum(ss_coupon_amt) as s3 FROM store_sales JOIN store_returns ON store_sales.ss_item_sk = store_returns.sr_item_sk and store_sales.ss_ticket_number = store_returns.sr_ticket_number JOIN customer ON store_sales.ss_customer_sk = customer.c_customer_sk JOIN date_dim d1 ON store_sales.ss_sold_date_sk = d1.d_date_sk JOIN date_dim d2 ON customer.c_first_sales_date_sk = d2.d_date_sk JOIN date_dim d3 ON customer.c_first_shipto_date_sk = d3.d_date_sk JOIN store ON store_sales.ss_store_sk = store.s_store_sk JOIN customer_demographics cd1 ON store_sales.ss_cdemo_sk= cd1.cd_demo_sk JOIN customer_demographics cd2 ON customer.c_current_cdemo_sk = cd2.cd_demo_sk JOIN promotion ON store_sales.ss_promo_sk = promotion.p_promo_sk JOIN household_demographics hd1 ON store_sales.ss_hdemo_sk = hd1.hd_demo_sk JOIN household_demographics hd2 ON customer.c_current_hdemo_sk = hd2.hd_demo_sk JOIN customer_address ad1 ON store_sales.ss_addr_sk = ad1.ca_address_sk JOIN customer_address ad2 ON customer.c_current_addr_sk = ad2.ca_address_sk JOIN income_band ib1 ON hd1.hd_income_band_sk = ib1.ib_income_band_sk JOIN income_band ib2 ON hd2.hd_income_band_sk = ib2.ib_income_band_sk JOIN item ON store_sales.ss_item_sk = item.i_item_sk JOIN (select cs_item_sk ,sum(cs_ext_list_price) as sale,sum(cr_refunded_cash+cr_reversed_charge+cr_store_credit) as refund from catalog_sales JOIN catalog_returns ON catalog_sales.cs_item_sk = catalog_returns.cr_item_sk and catalog_sales.cs_order_number = catalog_returns.cr_order_number group by cs_item_sk having sum(cs_ext_list_price)>2*sum(cr_refunded_cash+cr_reversed_charge+cr_store_credit)) cs_ui ON store_sales.ss_item_sk = cs_ui.cs_item_sk WHERE cd1.cd_marital_status <> cd2.cd_marital_status and i_color in ('maroon','burnished','dim','steel','navajo','chocolate') and i_current_price between 35 and 35 + 10 and i_current_price between 35 + 1 and 35 + 15 group by i_product_name ,i_item_sk ,s_store_name ,s_zip ,ad1.ca_street_number ,ad1.ca_street_name ,ad1.ca_city ,ad1.ca_zip ,ad2.ca_street_number ,ad2.ca_street_name ,ad2.ca_city ,ad2.ca_zip ,d1.d_year ,d2.d_year ,d3.d_year ) cs2 ON cs1.item_sk=cs2.item_sk where cs1.syear = 2000 and cs2.syear = 2000 + 1 and cs2.cnt <= cs1.cnt and cs1.store_name = cs2.store_name and cs1.store_zip = cs2.store_zip order by cs1.product_name ,cs1.store_name ,cs2.cnt
POSTHOOK: type: QUERY
STAGE DEPENDENCIES:
  Stage-1 is a root stage
  Stage-0 depends on stages: Stage-1

STAGE PLANS:
  Stage: Stage-1
    Tez
#### A masked pattern was here ####
      Edges:
        Reducer 10 <- Reducer 50 (SIMPLE_EDGE), Reducer 9 (SIMPLE_EDGE)
        Reducer 11 <- Reducer 10 (SIMPLE_EDGE)
        Reducer 15 <- Map 14 (SIMPLE_EDGE), Map 16 (SIMPLE_EDGE)
        Reducer 2 <- Map 1 (SIMPLE_EDGE), Map 12 (SIMPLE_EDGE)
        Reducer 20 <- Map 19 (SIMPLE_EDGE), Map 25 (SIMPLE_EDGE)
        Reducer 21 <- Reducer 20 (SIMPLE_EDGE), Reducer 30 (SIMPLE_EDGE)
        Reducer 22 <- Reducer 21 (SIMPLE_EDGE), Reducer 37 (SIMPLE_EDGE)
        Reducer 23 <- Map 39 (SIMPLE_EDGE), Reducer 22 (SIMPLE_EDGE)
        Reducer 24 <- Map 40 (SIMPLE_EDGE), Reducer 23 (SIMPLE_EDGE)
        Reducer 27 <- Map 26 (SIMPLE_EDGE), Map 31 (SIMPLE_EDGE)
        Reducer 28 <- Map 32 (SIMPLE_EDGE), Reducer 27 (SIMPLE_EDGE)
        Reducer 29 <- Map 33 (SIMPLE_EDGE), Reducer 28 (SIMPLE_EDGE)
        Reducer 3 <- Map 13 (SIMPLE_EDGE), Reducer 2 (SIMPLE_EDGE)
        Reducer 30 <- Map 34 (SIMPLE_EDGE), Reducer 29 (SIMPLE_EDGE)
        Reducer 36 <- Map 35 (SIMPLE_EDGE), Map 38 (SIMPLE_EDGE)
        Reducer 37 <- Reducer 36 (SIMPLE_EDGE)
        Reducer 4 <- Reducer 15 (SIMPLE_EDGE), Reducer 3 (SIMPLE_EDGE)
        Reducer 43 <- Map 13 (SIMPLE_EDGE), Map 42 (SIMPLE_EDGE)
        Reducer 44 <- Map 52 (SIMPLE_EDGE), Reducer 43 (SIMPLE_EDGE)
        Reducer 45 <- Reducer 44 (SIMPLE_EDGE), Reducer 54 (SIMPLE_EDGE)
        Reducer 46 <- Map 56 (SIMPLE_EDGE), Reducer 45 (SIMPLE_EDGE)
        Reducer 47 <- Map 57 (SIMPLE_EDGE), Reducer 46 (SIMPLE_EDGE)
        Reducer 48 <- Reducer 47 (SIMPLE_EDGE), Reducer 63 (SIMPLE_EDGE)
        Reducer 49 <- Map 80 (SIMPLE_EDGE), Reducer 48 (SIMPLE_EDGE)
        Reducer 5 <- Map 17 (SIMPLE_EDGE), Reducer 4 (SIMPLE_EDGE)
        Reducer 50 <- Reducer 49 (SIMPLE_EDGE)
        Reducer 54 <- Map 53 (SIMPLE_EDGE), Map 55 (SIMPLE_EDGE)
        Reducer 59 <- Map 58 (SIMPLE_EDGE), Map 64 (SIMPLE_EDGE)
        Reducer 6 <- Map 18 (SIMPLE_EDGE), Reducer 5 (SIMPLE_EDGE)
        Reducer 60 <- Reducer 59 (SIMPLE_EDGE), Reducer 69 (SIMPLE_EDGE)
        Reducer 61 <- Reducer 60 (SIMPLE_EDGE), Reducer 76 (SIMPLE_EDGE)
        Reducer 62 <- Map 78 (SIMPLE_EDGE), Reducer 61 (SIMPLE_EDGE)
        Reducer 63 <- Map 79 (SIMPLE_EDGE), Reducer 62 (SIMPLE_EDGE)
        Reducer 66 <- Map 65 (SIMPLE_EDGE), Map 70 (SIMPLE_EDGE)
        Reducer 67 <- Map 71 (SIMPLE_EDGE), Reducer 66 (SIMPLE_EDGE)
        Reducer 68 <- Map 72 (SIMPLE_EDGE), Reducer 67 (SIMPLE_EDGE)
        Reducer 69 <- Map 73 (SIMPLE_EDGE), Reducer 68 (SIMPLE_EDGE)
        Reducer 7 <- Reducer 24 (SIMPLE_EDGE), Reducer 6 (SIMPLE_EDGE)
        Reducer 75 <- Map 74 (SIMPLE_EDGE), Map 77 (SIMPLE_EDGE)
        Reducer 76 <- Reducer 75 (SIMPLE_EDGE)
        Reducer 8 <- Map 41 (SIMPLE_EDGE), Reducer 7 (SIMPLE_EDGE)
        Reducer 9 <- Reducer 8 (SIMPLE_EDGE)
#### A masked pattern was here ####
      Vertices:
        Map 1 
            Map Operator Tree:
                TableScan
                  alias: customer
                  Statistics: Num rows: 80000000 Data size: 68801615852 Basic stats: COMPLETE Column stats: NONE
                  Filter Operator
                    predicate: (c_customer_sk is not null and c_first_sales_date_sk is not null and c_first_shipto_date_sk is not null and c_current_cdemo_sk is not null and c_current_hdemo_sk is not null and c_current_addr_sk is not null) (type: boolean)
                    Statistics: Num rows: 80000000 Data size: 68801615852 Basic stats: COMPLETE Column stats: NONE
                    Select Operator
                      expressions: c_customer_sk (type: int), c_current_cdemo_sk (type: int), c_current_hdemo_sk (type: int), c_current_addr_sk (type: int), c_first_shipto_date_sk (type: int), c_first_sales_date_sk (type: int)
                      outputColumnNames: _col0, _col1, _col2, _col3, _col4, _col5
                      Statistics: Num rows: 80000000 Data size: 68801615852 Basic stats: COMPLETE Column stats: NONE
                      Reduce Output Operator
                        key expressions: _col5 (type: int)
                        sort order: +
                        Map-reduce partition columns: _col5 (type: int)
                        Statistics: Num rows: 80000000 Data size: 68801615852 Basic stats: COMPLETE Column stats: NONE
                        value expressions: _col0 (type: int), _col1 (type: int), _col2 (type: int), _col3 (type: int), _col4 (type: int)
        Map 12 
            Map Operator Tree:
                TableScan
                  alias: d2
                  Statistics: Num rows: 73049 Data size: 81741831 Basic stats: COMPLETE Column stats: NONE
                  Filter Operator
                    predicate: d_date_sk is not null (type: boolean)
                    Statistics: Num rows: 73049 Data size: 81741831 Basic stats: COMPLETE Column stats: NONE
                    Select Operator
                      expressions: d_date_sk (type: int), d_year (type: int)
                      outputColumnNames: _col0, _col1
                      Statistics: Num rows: 73049 Data size: 81741831 Basic stats: COMPLETE Column stats: NONE
                      Reduce Output Operator
                        key expressions: _col0 (type: int)
                        sort order: +
                        Map-reduce partition columns: _col0 (type: int)
                        Statistics: Num rows: 73049 Data size: 81741831 Basic stats: COMPLETE Column stats: NONE
                        value expressions: _col1 (type: int)
        Map 13 
            Map Operator Tree:
                TableScan
                  alias: d3
                  Statistics: Num rows: 73049 Data size: 81741831 Basic stats: COMPLETE Column stats: NONE
                  Filter Operator
                    predicate: d_date_sk is not null (type: boolean)
                    Statistics: Num rows: 73049 Data size: 81741831 Basic stats: COMPLETE Column stats: NONE
                    Select Operator
                      expressions: d_date_sk (type: int), d_year (type: int)
                      outputColumnNames: _col0, _col1
                      Statistics: Num rows: 73049 Data size: 81741831 Basic stats: COMPLETE Column stats: NONE
                      Reduce Output Operator
                        key expressions: _col0 (type: int)
                        sort order: +
                        Map-reduce partition columns: _col0 (type: int)
                        Statistics: Num rows: 73049 Data size: 81741831 Basic stats: COMPLETE Column stats: NONE
                        value expressions: _col1 (type: int)
        Map 14 
            Map Operator Tree:
                TableScan
                  alias: hd2
                  Statistics: Num rows: 7200 Data size: 770400 Basic stats: COMPLETE Column stats: NONE
                  Filter Operator
                    predicate: (hd_demo_sk is not null and hd_income_band_sk is not null) (type: boolean)
                    Statistics: Num rows: 7200 Data size: 770400 Basic stats: COMPLETE Column stats: NONE
                    Select Operator
                      expressions: hd_demo_sk (type: int), hd_income_band_sk (type: int)
                      outputColumnNames: _col0, _col1
                      Statistics: Num rows: 7200 Data size: 770400 Basic stats: COMPLETE Column stats: NONE
                      Reduce Output Operator
                        key expressions: _col1 (type: int)
                        sort order: +
                        Map-reduce partition columns: _col1 (type: int)
                        Statistics: Num rows: 7200 Data size: 770400 Basic stats: COMPLETE Column stats: NONE
                        value expressions: _col0 (type: int)
        Map 16 
            Map Operator Tree:
                TableScan
                  alias: ib2
                  Statistics: Num rows: 20 Data size: 240 Basic stats: COMPLETE Column stats: NONE
                  Filter Operator
                    predicate: ib_income_band_sk is not null (type: boolean)
                    Statistics: Num rows: 20 Data size: 240 Basic stats: COMPLETE Column stats: NONE
                    Select Operator
                      expressions: ib_income_band_sk (type: int)
                      outputColumnNames: _col0
                      Statistics: Num rows: 20 Data size: 240 Basic stats: COMPLETE Column stats: NONE
                      Reduce Output Operator
                        key expressions: _col0 (type: int)
                        sort order: +
                        Map-reduce partition columns: _col0 (type: int)
                        Statistics: Num rows: 20 Data size: 240 Basic stats: COMPLETE Column stats: NONE
        Map 17 
            Map Operator Tree:
                TableScan
                  alias: ad2
                  Statistics: Num rows: 40000000 Data size: 40595195284 Basic stats: COMPLETE Column stats: NONE
                  Filter Operator
                    predicate: ca_address_sk is not null (type: boolean)
                    Statistics: Num rows: 40000000 Data size: 40595195284 Basic stats: COMPLETE Column stats: NONE
                    Select Operator
                      expressions: ca_address_sk (type: int), ca_street_number (type: string), ca_street_name (type: string), ca_city (type: string), ca_zip (type: string)
                      outputColumnNames: _col0, _col1, _col2, _col3, _col4
                      Statistics: Num rows: 40000000 Data size: 40595195284 Basic stats: COMPLETE Column stats: NONE
                      Reduce Output Operator
                        key expressions: _col0 (type: int)
                        sort order: +
                        Map-reduce partition columns: _col0 (type: int)
                        Statistics: Num rows: 40000000 Data size: 40595195284 Basic stats: COMPLETE Column stats: NONE
                        value expressions: _col1 (type: string), _col2 (type: string), _col3 (type: string), _col4 (type: string)
        Map 18 
            Map Operator Tree:
                TableScan
                  alias: cd2
                  Statistics: Num rows: 1861800 Data size: 717186159 Basic stats: COMPLETE Column stats: NONE
                  Filter Operator
                    predicate: cd_demo_sk is not null (type: boolean)
                    Statistics: Num rows: 1861800 Data size: 717186159 Basic stats: COMPLETE Column stats: NONE
                    Select Operator
                      expressions: cd_demo_sk (type: int), cd_marital_status (type: string)
                      outputColumnNames: _col0, _col1
                      Statistics: Num rows: 1861800 Data size: 717186159 Basic stats: COMPLETE Column stats: NONE
                      Reduce Output Operator
                        key expressions: _col0 (type: int)
                        sort order: +
                        Map-reduce partition columns: _col0 (type: int)
                        Statistics: Num rows: 1861800 Data size: 717186159 Basic stats: COMPLETE Column stats: NONE
                        value expressions: _col1 (type: string)
        Map 19 
            Map Operator Tree:
                TableScan
                  alias: hd1
                  Statistics: Num rows: 7200 Data size: 770400 Basic stats: COMPLETE Column stats: NONE
                  Filter Operator
                    predicate: (hd_demo_sk is not null and hd_income_band_sk is not null) (type: boolean)
                    Statistics: Num rows: 7200 Data size: 770400 Basic stats: COMPLETE Column stats: NONE
                    Select Operator
                      expressions: hd_demo_sk (type: int), hd_income_band_sk (type: int)
                      outputColumnNames: _col0, _col1
                      Statistics: Num rows: 7200 Data size: 770400 Basic stats: COMPLETE Column stats: NONE
                      Reduce Output Operator
                        key expressions: _col1 (type: int)
                        sort order: +
                        Map-reduce partition columns: _col1 (type: int)
                        Statistics: Num rows: 7200 Data size: 770400 Basic stats: COMPLETE Column stats: NONE
                        value expressions: _col0 (type: int)
        Map 25 
            Map Operator Tree:
                TableScan
                  alias: ib1
                  Statistics: Num rows: 20 Data size: 240 Basic stats: COMPLETE Column stats: NONE
                  Filter Operator
                    predicate: ib_income_band_sk is not null (type: boolean)
                    Statistics: Num rows: 20 Data size: 240 Basic stats: COMPLETE Column stats: NONE
                    Select Operator
                      expressions: ib_income_band_sk (type: int)
                      outputColumnNames: _col0
                      Statistics: Num rows: 20 Data size: 240 Basic stats: COMPLETE Column stats: NONE
                      Reduce Output Operator
                        key expressions: _col0 (type: int)
                        sort order: +
                        Map-reduce partition columns: _col0 (type: int)
                        Statistics: Num rows: 20 Data size: 240 Basic stats: COMPLETE Column stats: NONE
        Map 26 
            Map Operator Tree:
                TableScan
                  alias: store_sales
                  Statistics: Num rows: 575995635 Data size: 50814502088 Basic stats: COMPLETE Column stats: NONE
                  Filter Operator
                    predicate: (ss_item_sk is not null and ss_ticket_number is not null and ss_customer_sk is not null and ss_sold_date_sk is not null and ss_store_sk is not null and ss_cdemo_sk is not null and ss_promo_sk is not null and ss_hdemo_sk is not null and ss_addr_sk is not null) (type: boolean)
                    Statistics: Num rows: 575995635 Data size: 50814502088 Basic stats: COMPLETE Column stats: NONE
                    Select Operator
                      expressions: ss_sold_date_sk (type: int), ss_item_sk (type: int), ss_customer_sk (type: int), ss_cdemo_sk (type: int), ss_hdemo_sk (type: int), ss_addr_sk (type: int), ss_store_sk (type: int), ss_promo_sk (type: int), ss_ticket_number (type: int), ss_wholesale_cost (type: decimal(7,2)), ss_list_price (type: decimal(7,2)), ss_coupon_amt (type: decimal(7,2))
                      outputColumnNames: _col0, _col1, _col2, _col3, _col4, _col5, _col6, _col7, _col8, _col9, _col10, _col11
                      Statistics: Num rows: 575995635 Data size: 50814502088 Basic stats: COMPLETE Column stats: NONE
                      Reduce Output Operator
                        key expressions: _col1 (type: int)
                        sort order: +
                        Map-reduce partition columns: _col1 (type: int)
                        Statistics: Num rows: 575995635 Data size: 50814502088 Basic stats: COMPLETE Column stats: NONE
                        value expressions: _col0 (type: int), _col2 (type: int), _col3 (type: int), _col4 (type: int), _col5 (type: int), _col6 (type: int), _col7 (type: int), _col8 (type: int), _col9 (type: decimal(7,2)), _col10 (type: decimal(7,2)), _col11 (type: decimal(7,2))
        Map 31 
            Map Operator Tree:
                TableScan
                  alias: item
                  Statistics: Num rows: 462000 Data size: 663560457 Basic stats: COMPLETE Column stats: NONE
                  Filter Operator
                    predicate: ((i_color) IN ('maroon', 'burnished', 'dim', 'steel', 'navajo', 'chocolate') and i_current_price BETWEEN 35 AND 45 and i_current_price BETWEEN 36 AND 50 and i_item_sk is not null) (type: boolean)
                    Statistics: Num rows: 2851 Data size: 4094828 Basic stats: COMPLETE Column stats: NONE
                    Select Operator
                      expressions: i_item_sk (type: int), i_product_name (type: string)
                      outputColumnNames: _col0, _col3
                      Statistics: Num rows: 2851 Data size: 4094828 Basic stats: COMPLETE Column stats: NONE
                      Reduce Output Operator
                        key expressions: _col0 (type: int)
                        sort order: +
                        Map-reduce partition columns: _col0 (type: int)
                        Statistics: Num rows: 2851 Data size: 4094828 Basic stats: COMPLETE Column stats: NONE
                        value expressions: _col3 (type: string)
        Map 32 
            Map Operator Tree:
                TableScan
                  alias: store_returns
                  Statistics: Num rows: 57591150 Data size: 4462194832 Basic stats: COMPLETE Column stats: NONE
                  Filter Operator
                    predicate: (sr_item_sk is not null and sr_ticket_number is not null) (type: boolean)
                    Statistics: Num rows: 57591150 Data size: 4462194832 Basic stats: COMPLETE Column stats: NONE
                    Select Operator
                      expressions: sr_item_sk (type: int), sr_ticket_number (type: int)
                      outputColumnNames: _col0, _col1
                      Statistics: Num rows: 57591150 Data size: 4462194832 Basic stats: COMPLETE Column stats: NONE
                      Reduce Output Operator
                        key expressions: _col0 (type: int), _col1 (type: int)
                        sort order: ++
                        Map-reduce partition columns: _col0 (type: int), _col1 (type: int)
                        Statistics: Num rows: 57591150 Data size: 4462194832 Basic stats: COMPLETE Column stats: NONE
        Map 33 
            Map Operator Tree:
                TableScan
                  alias: d1
                  Statistics: Num rows: 73049 Data size: 81741831 Basic stats: COMPLETE Column stats: NONE
                  Filter Operator
                    predicate: ((d_year = 2000) and d_date_sk is not null) (type: boolean)
                    Statistics: Num rows: 36524 Data size: 40870356 Basic stats: COMPLETE Column stats: NONE
                    Select Operator
                      expressions: d_date_sk (type: int)
                      outputColumnNames: _col0
                      Statistics: Num rows: 36524 Data size: 40870356 Basic stats: COMPLETE Column stats: NONE
                      Reduce Output Operator
                        key expressions: _col0 (type: int)
                        sort order: +
                        Map-reduce partition columns: _col0 (type: int)
                        Statistics: Num rows: 36524 Data size: 40870356 Basic stats: COMPLETE Column stats: NONE
        Map 34 
            Map Operator Tree:
                TableScan
                  alias: promotion
                  Statistics: Num rows: 2300 Data size: 2713420 Basic stats: COMPLETE Column stats: NONE
                  Filter Operator
                    predicate: p_promo_sk is not null (type: boolean)
                    Statistics: Num rows: 2300 Data size: 2713420 Basic stats: COMPLETE Column stats: NONE
                    Select Operator
                      expressions: p_promo_sk (type: int)
                      outputColumnNames: _col0
                      Statistics: Num rows: 2300 Data size: 2713420 Basic stats: COMPLETE Column stats: NONE
                      Reduce Output Operator
                        key expressions: _col0 (type: int)
                        sort order: +
                        Map-reduce partition columns: _col0 (type: int)
                        Statistics: Num rows: 2300 Data size: 2713420 Basic stats: COMPLETE Column stats: NONE
        Map 35 
            Map Operator Tree:
                TableScan
                  alias: catalog_sales
                  Statistics: Num rows: 287989836 Data size: 38999608952 Basic stats: COMPLETE Column stats: NONE
                  Filter Operator
                    predicate: (cs_order_number is not null and cs_item_sk is not null) (type: boolean)
                    Statistics: Num rows: 287989836 Data size: 38999608952 Basic stats: COMPLETE Column stats: NONE
                    Select Operator
                      expressions: cs_item_sk (type: int), cs_order_number (type: int), cs_ext_list_price (type: decimal(7,2))
                      outputColumnNames: _col0, _col1, _col2
                      Statistics: Num rows: 287989836 Data size: 38999608952 Basic stats: COMPLETE Column stats: NONE
                      Reduce Output Operator
                        key expressions: _col0 (type: int), _col1 (type: int)
                        sort order: ++
                        Map-reduce partition columns: _col0 (type: int), _col1 (type: int)
                        Statistics: Num rows: 287989836 Data size: 38999608952 Basic stats: COMPLETE Column stats: NONE
                        value expressions: _col2 (type: decimal(7,2))
        Map 38 
            Map Operator Tree:
                TableScan
                  alias: catalog_returns
                  Statistics: Num rows: 28798881 Data size: 3057234680 Basic stats: COMPLETE Column stats: NONE
                  Filter Operator
                    predicate: (cr_order_number is not null and cr_item_sk is not null) (type: boolean)
                    Statistics: Num rows: 28798881 Data size: 3057234680 Basic stats: COMPLETE Column stats: NONE
                    Select Operator
                      expressions: cr_item_sk (type: int), cr_order_number (type: int), cr_refunded_cash (type: decimal(7,2)), cr_reversed_charge (type: decimal(7,2)), cr_store_credit (type: decimal(7,2))
                      outputColumnNames: _col0, _col1, _col2, _col3, _col4
                      Statistics: Num rows: 28798881 Data size: 3057234680 Basic stats: COMPLETE Column stats: NONE
                      Reduce Output Operator
                        key expressions: _col0 (type: int), _col1 (type: int)
                        sort order: ++
                        Map-reduce partition columns: _col0 (type: int), _col1 (type: int)
                        Statistics: Num rows: 28798881 Data size: 3057234680 Basic stats: COMPLETE Column stats: NONE
                        value expressions: _col2 (type: decimal(7,2)), _col3 (type: decimal(7,2)), _col4 (type: decimal(7,2))
        Map 39 
            Map Operator Tree:
                TableScan
                  alias: store
                  Statistics: Num rows: 1704 Data size: 3256276 Basic stats: COMPLETE Column stats: NONE
                  Filter Operator
                    predicate: (s_store_sk is not null and s_store_name is not null and s_zip is not null) (type: boolean)
                    Statistics: Num rows: 1704 Data size: 3256276 Basic stats: COMPLETE Column stats: NONE
                    Select Operator
                      expressions: s_store_sk (type: int), s_store_name (type: string), s_zip (type: string)
                      outputColumnNames: _col0, _col1, _col2
                      Statistics: Num rows: 1704 Data size: 3256276 Basic stats: COMPLETE Column stats: NONE
                      Reduce Output Operator
                        key expressions: _col0 (type: int)
                        sort order: +
                        Map-reduce partition columns: _col0 (type: int)
                        Statistics: Num rows: 1704 Data size: 3256276 Basic stats: COMPLETE Column stats: NONE
                        value expressions: _col1 (type: string), _col2 (type: string)
        Map 40 
            Map Operator Tree:
                TableScan
                  alias: ad1
                  Statistics: Num rows: 40000000 Data size: 40595195284 Basic stats: COMPLETE Column stats: NONE
                  Filter Operator
                    predicate: ca_address_sk is not null (type: boolean)
                    Statistics: Num rows: 40000000 Data size: 40595195284 Basic stats: COMPLETE Column stats: NONE
                    Select Operator
                      expressions: ca_address_sk (type: int), ca_street_number (type: string), ca_street_name (type: string), ca_city (type: string), ca_zip (type: string)
                      outputColumnNames: _col0, _col1, _col2, _col3, _col4
                      Statistics: Num rows: 40000000 Data size: 40595195284 Basic stats: COMPLETE Column stats: NONE
                      Reduce Output Operator
                        key expressions: _col0 (type: int)
                        sort order: +
                        Map-reduce partition columns: _col0 (type: int)
                        Statistics: Num rows: 40000000 Data size: 40595195284 Basic stats: COMPLETE Column stats: NONE
                        value expressions: _col1 (type: string), _col2 (type: string), _col3 (type: string), _col4 (type: string)
        Map 41 
            Map Operator Tree:
                TableScan
                  alias: cd1
                  Statistics: Num rows: 1861800 Data size: 717186159 Basic stats: COMPLETE Column stats: NONE
                  Filter Operator
                    predicate: cd_demo_sk is not null (type: boolean)
                    Statistics: Num rows: 1861800 Data size: 717186159 Basic stats: COMPLETE Column stats: NONE
                    Select Operator
                      expressions: cd_demo_sk (type: int), cd_marital_status (type: string)
                      outputColumnNames: _col0, _col1
                      Statistics: Num rows: 1861800 Data size: 717186159 Basic stats: COMPLETE Column stats: NONE
                      Reduce Output Operator
                        key expressions: _col0 (type: int)
                        sort order: +
                        Map-reduce partition columns: _col0 (type: int)
                        Statistics: Num rows: 1861800 Data size: 717186159 Basic stats: COMPLETE Column stats: NONE
                        value expressions: _col1 (type: string)
        Map 42 
            Map Operator Tree:
                TableScan
                  alias: customer
                  Statistics: Num rows: 80000000 Data size: 68801615852 Basic stats: COMPLETE Column stats: NONE
                  Filter Operator
                    predicate: (c_customer_sk is not null and c_first_sales_date_sk is not null and c_first_shipto_date_sk is not null and c_current_cdemo_sk is not null and c_current_hdemo_sk is not null and c_current_addr_sk is not null) (type: boolean)
                    Statistics: Num rows: 80000000 Data size: 68801615852 Basic stats: COMPLETE Column stats: NONE
                    Select Operator
                      expressions: c_customer_sk (type: int), c_current_cdemo_sk (type: int), c_current_hdemo_sk (type: int), c_current_addr_sk (type: int), c_first_shipto_date_sk (type: int), c_first_sales_date_sk (type: int)
                      outputColumnNames: _col0, _col1, _col2, _col3, _col4, _col5
                      Statistics: Num rows: 80000000 Data size: 68801615852 Basic stats: COMPLETE Column stats: NONE
                      Reduce Output Operator
                        key expressions: _col5 (type: int)
                        sort order: +
                        Map-reduce partition columns: _col5 (type: int)
                        Statistics: Num rows: 80000000 Data size: 68801615852 Basic stats: COMPLETE Column stats: NONE
                        value expressions: _col0 (type: int), _col1 (type: int), _col2 (type: int), _col3 (type: int), _col4 (type: int)
        Map 52 
            Map Operator Tree:
                TableScan
                  alias: d3
                  Statistics: Num rows: 73049 Data size: 81741831 Basic stats: COMPLETE Column stats: NONE
                  Filter Operator
                    predicate: d_date_sk is not null (type: boolean)
                    Statistics: Num rows: 73049 Data size: 81741831 Basic stats: COMPLETE Column stats: NONE
                    Select Operator
                      expressions: d_date_sk (type: int), d_year (type: int)
                      outputColumnNames: _col0, _col1
                      Statistics: Num rows: 73049 Data size: 81741831 Basic stats: COMPLETE Column stats: NONE
                      Reduce Output Operator
                        key expressions: _col0 (type: int)
                        sort order: +
                        Map-reduce partition columns: _col0 (type: int)
                        Statistics: Num rows: 73049 Data size: 81741831 Basic stats: COMPLETE Column stats: NONE
                        value expressions: _col1 (type: int)
        Map 53 
            Map Operator Tree:
                TableScan
                  alias: hd2
                  Statistics: Num rows: 7200 Data size: 770400 Basic stats: COMPLETE Column stats: NONE
                  Filter Operator
                    predicate: (hd_demo_sk is not null and hd_income_band_sk is not null) (type: boolean)
                    Statistics: Num rows: 7200 Data size: 770400 Basic stats: COMPLETE Column stats: NONE
                    Select Operator
                      expressions: hd_demo_sk (type: int), hd_income_band_sk (type: int)
                      outputColumnNames: _col0, _col1
                      Statistics: Num rows: 7200 Data size: 770400 Basic stats: COMPLETE Column stats: NONE
                      Reduce Output Operator
                        key expressions: _col1 (type: int)
                        sort order: +
                        Map-reduce partition columns: _col1 (type: int)
                        Statistics: Num rows: 7200 Data size: 770400 Basic stats: COMPLETE Column stats: NONE
                        value expressions: _col0 (type: int)
        Map 55 
            Map Operator Tree:
                TableScan
                  alias: ib2
                  Statistics: Num rows: 20 Data size: 240 Basic stats: COMPLETE Column stats: NONE
                  Filter Operator
                    predicate: ib_income_band_sk is not null (type: boolean)
                    Statistics: Num rows: 20 Data size: 240 Basic stats: COMPLETE Column stats: NONE
                    Select Operator
                      expressions: ib_income_band_sk (type: int)
                      outputColumnNames: _col0
                      Statistics: Num rows: 20 Data size: 240 Basic stats: COMPLETE Column stats: NONE
                      Reduce Output Operator
                        key expressions: _col0 (type: int)
                        sort order: +
                        Map-reduce partition columns: _col0 (type: int)
                        Statistics: Num rows: 20 Data size: 240 Basic stats: COMPLETE Column stats: NONE
        Map 56 
            Map Operator Tree:
                TableScan
                  alias: ad2
                  Statistics: Num rows: 40000000 Data size: 40595195284 Basic stats: COMPLETE Column stats: NONE
                  Filter Operator
                    predicate: ca_address_sk is not null (type: boolean)
                    Statistics: Num rows: 40000000 Data size: 40595195284 Basic stats: COMPLETE Column stats: NONE
                    Select Operator
                      expressions: ca_address_sk (type: int), ca_street_number (type: string), ca_street_name (type: string), ca_city (type: string), ca_zip (type: string)
                      outputColumnNames: _col0, _col1, _col2, _col3, _col4
                      Statistics: Num rows: 40000000 Data size: 40595195284 Basic stats: COMPLETE Column stats: NONE
                      Reduce Output Operator
                        key expressions: _col0 (type: int)
                        sort order: +
                        Map-reduce partition columns: _col0 (type: int)
                        Statistics: Num rows: 40000000 Data size: 40595195284 Basic stats: COMPLETE Column stats: NONE
                        value expressions: _col1 (type: string), _col2 (type: string), _col3 (type: string), _col4 (type: string)
        Map 57 
            Map Operator Tree:
                TableScan
                  alias: cd2
                  Statistics: Num rows: 1861800 Data size: 717186159 Basic stats: COMPLETE Column stats: NONE
                  Filter Operator
                    predicate: cd_demo_sk is not null (type: boolean)
                    Statistics: Num rows: 1861800 Data size: 717186159 Basic stats: COMPLETE Column stats: NONE
                    Select Operator
                      expressions: cd_demo_sk (type: int), cd_marital_status (type: string)
                      outputColumnNames: _col0, _col1
                      Statistics: Num rows: 1861800 Data size: 717186159 Basic stats: COMPLETE Column stats: NONE
                      Reduce Output Operator
                        key expressions: _col0 (type: int)
                        sort order: +
                        Map-reduce partition columns: _col0 (type: int)
                        Statistics: Num rows: 1861800 Data size: 717186159 Basic stats: COMPLETE Column stats: NONE
                        value expressions: _col1 (type: string)
        Map 58 
            Map Operator Tree:
                TableScan
                  alias: hd1
                  Statistics: Num rows: 7200 Data size: 770400 Basic stats: COMPLETE Column stats: NONE
                  Filter Operator
                    predicate: (hd_demo_sk is not null and hd_income_band_sk is not null) (type: boolean)
                    Statistics: Num rows: 7200 Data size: 770400 Basic stats: COMPLETE Column stats: NONE
                    Select Operator
                      expressions: hd_demo_sk (type: int), hd_income_band_sk (type: int)
                      outputColumnNames: _col0, _col1
                      Statistics: Num rows: 7200 Data size: 770400 Basic stats: COMPLETE Column stats: NONE
                      Reduce Output Operator
                        key expressions: _col1 (type: int)
                        sort order: +
                        Map-reduce partition columns: _col1 (type: int)
                        Statistics: Num rows: 7200 Data size: 770400 Basic stats: COMPLETE Column stats: NONE
                        value expressions: _col0 (type: int)
        Map 64 
            Map Operator Tree:
                TableScan
                  alias: ib1
                  Statistics: Num rows: 20 Data size: 240 Basic stats: COMPLETE Column stats: NONE
                  Filter Operator
                    predicate: ib_income_band_sk is not null (type: boolean)
                    Statistics: Num rows: 20 Data size: 240 Basic stats: COMPLETE Column stats: NONE
                    Select Operator
                      expressions: ib_income_band_sk (type: int)
                      outputColumnNames: _col0
                      Statistics: Num rows: 20 Data size: 240 Basic stats: COMPLETE Column stats: NONE
                      Reduce Output Operator
                        key expressions: _col0 (type: int)
                        sort order: +
                        Map-reduce partition columns: _col0 (type: int)
                        Statistics: Num rows: 20 Data size: 240 Basic stats: COMPLETE Column stats: NONE
        Map 65 
            Map Operator Tree:
                TableScan
                  alias: store_sales
                  Statistics: Num rows: 575995635 Data size: 50814502088 Basic stats: COMPLETE Column stats: NONE
                  Filter Operator
                    predicate: (ss_item_sk is not null and ss_ticket_number is not null and ss_customer_sk is not null and ss_sold_date_sk is not null and ss_store_sk is not null and ss_cdemo_sk is not null and ss_promo_sk is not null and ss_hdemo_sk is not null and ss_addr_sk is not null) (type: boolean)
                    Statistics: Num rows: 575995635 Data size: 50814502088 Basic stats: COMPLETE Column stats: NONE
                    Select Operator
                      expressions: ss_sold_date_sk (type: int), ss_item_sk (type: int), ss_customer_sk (type: int), ss_cdemo_sk (type: int), ss_hdemo_sk (type: int), ss_addr_sk (type: int), ss_store_sk (type: int), ss_promo_sk (type: int), ss_ticket_number (type: int), ss_wholesale_cost (type: decimal(7,2)), ss_list_price (type: decimal(7,2)), ss_coupon_amt (type: decimal(7,2))
                      outputColumnNames: _col0, _col1, _col2, _col3, _col4, _col5, _col6, _col7, _col8, _col9, _col10, _col11
                      Statistics: Num rows: 575995635 Data size: 50814502088 Basic stats: COMPLETE Column stats: NONE
                      Reduce Output Operator
                        key expressions: _col1 (type: int)
                        sort order: +
                        Map-reduce partition columns: _col1 (type: int)
                        Statistics: Num rows: 575995635 Data size: 50814502088 Basic stats: COMPLETE Column stats: NONE
                        value expressions: _col0 (type: int), _col2 (type: int), _col3 (type: int), _col4 (type: int), _col5 (type: int), _col6 (type: int), _col7 (type: int), _col8 (type: int), _col9 (type: decimal(7,2)), _col10 (type: decimal(7,2)), _col11 (type: decimal(7,2))
        Map 70 
            Map Operator Tree:
                TableScan
                  alias: item
                  Statistics: Num rows: 462000 Data size: 663560457 Basic stats: COMPLETE Column stats: NONE
                  Filter Operator
                    predicate: ((i_color) IN ('maroon', 'burnished', 'dim', 'steel', 'navajo', 'chocolate') and i_current_price BETWEEN 35 AND 45 and i_current_price BETWEEN 36 AND 50 and i_item_sk is not null) (type: boolean)
                    Statistics: Num rows: 2851 Data size: 4094828 Basic stats: COMPLETE Column stats: NONE
                    Select Operator
                      expressions: i_item_sk (type: int), i_product_name (type: string)
                      outputColumnNames: _col0, _col3
                      Statistics: Num rows: 2851 Data size: 4094828 Basic stats: COMPLETE Column stats: NONE
                      Reduce Output Operator
                        key expressions: _col0 (type: int)
                        sort order: +
                        Map-reduce partition columns: _col0 (type: int)
                        Statistics: Num rows: 2851 Data size: 4094828 Basic stats: COMPLETE Column stats: NONE
                        value expressions: _col3 (type: string)
        Map 71 
            Map Operator Tree:
                TableScan
                  alias: store_returns
                  Statistics: Num rows: 57591150 Data size: 4462194832 Basic stats: COMPLETE Column stats: NONE
                  Filter Operator
                    predicate: (sr_item_sk is not null and sr_ticket_number is not null) (type: boolean)
                    Statistics: Num rows: 57591150 Data size: 4462194832 Basic stats: COMPLETE Column stats: NONE
                    Select Operator
                      expressions: sr_item_sk (type: int), sr_ticket_number (type: int)
                      outputColumnNames: _col0, _col1
                      Statistics: Num rows: 57591150 Data size: 4462194832 Basic stats: COMPLETE Column stats: NONE
                      Reduce Output Operator
                        key expressions: _col0 (type: int), _col1 (type: int)
                        sort order: ++
                        Map-reduce partition columns: _col0 (type: int), _col1 (type: int)
                        Statistics: Num rows: 57591150 Data size: 4462194832 Basic stats: COMPLETE Column stats: NONE
        Map 72 
            Map Operator Tree:
                TableScan
                  alias: d1
                  Statistics: Num rows: 73049 Data size: 81741831 Basic stats: COMPLETE Column stats: NONE
                  Filter Operator
                    predicate: ((d_year = 2001) and d_date_sk is not null) (type: boolean)
                    Statistics: Num rows: 36524 Data size: 40870356 Basic stats: COMPLETE Column stats: NONE
                    Select Operator
                      expressions: d_date_sk (type: int)
                      outputColumnNames: _col0
                      Statistics: Num rows: 36524 Data size: 40870356 Basic stats: COMPLETE Column stats: NONE
                      Reduce Output Operator
                        key expressions: _col0 (type: int)
                        sort order: +
                        Map-reduce partition columns: _col0 (type: int)
                        Statistics: Num rows: 36524 Data size: 40870356 Basic stats: COMPLETE Column stats: NONE
        Map 73 
            Map Operator Tree:
                TableScan
                  alias: promotion
                  Statistics: Num rows: 2300 Data size: 2713420 Basic stats: COMPLETE Column stats: NONE
                  Filter Operator
                    predicate: p_promo_sk is not null (type: boolean)
                    Statistics: Num rows: 2300 Data size: 2713420 Basic stats: COMPLETE Column stats: NONE
                    Select Operator
                      expressions: p_promo_sk (type: int)
                      outputColumnNames: _col0
                      Statistics: Num rows: 2300 Data size: 2713420 Basic stats: COMPLETE Column stats: NONE
                      Reduce Output Operator
                        key expressions: _col0 (type: int)
                        sort order: +
                        Map-reduce partition columns: _col0 (type: int)
                        Statistics: Num rows: 2300 Data size: 2713420 Basic stats: COMPLETE Column stats: NONE
        Map 74 
            Map Operator Tree:
                TableScan
                  alias: catalog_sales
                  Statistics: Num rows: 287989836 Data size: 38999608952 Basic stats: COMPLETE Column stats: NONE
                  Filter Operator
                    predicate: (cs_order_number is not null and cs_item_sk is not null) (type: boolean)
                    Statistics: Num rows: 287989836 Data size: 38999608952 Basic stats: COMPLETE Column stats: NONE
                    Select Operator
                      expressions: cs_item_sk (type: int), cs_order_number (type: int), cs_ext_list_price (type: decimal(7,2))
                      outputColumnNames: _col0, _col1, _col2
                      Statistics: Num rows: 287989836 Data size: 38999608952 Basic stats: COMPLETE Column stats: NONE
                      Reduce Output Operator
                        key expressions: _col0 (type: int), _col1 (type: int)
                        sort order: ++
                        Map-reduce partition columns: _col0 (type: int), _col1 (type: int)
                        Statistics: Num rows: 287989836 Data size: 38999608952 Basic stats: COMPLETE Column stats: NONE
                        value expressions: _col2 (type: decimal(7,2))
        Map 77 
            Map Operator Tree:
                TableScan
                  alias: catalog_returns
                  Statistics: Num rows: 28798881 Data size: 3057234680 Basic stats: COMPLETE Column stats: NONE
                  Filter Operator
                    predicate: (cr_order_number is not null and cr_item_sk is not null) (type: boolean)
                    Statistics: Num rows: 28798881 Data size: 3057234680 Basic stats: COMPLETE Column stats: NONE
                    Select Operator
                      expressions: cr_item_sk (type: int), cr_order_number (type: int), cr_refunded_cash (type: decimal(7,2)), cr_reversed_charge (type: decimal(7,2)), cr_store_credit (type: decimal(7,2))
                      outputColumnNames: _col0, _col1, _col2, _col3, _col4
                      Statistics: Num rows: 28798881 Data size: 3057234680 Basic stats: COMPLETE Column stats: NONE
                      Reduce Output Operator
                        key expressions: _col0 (type: int), _col1 (type: int)
                        sort order: ++
                        Map-reduce partition columns: _col0 (type: int), _col1 (type: int)
                        Statistics: Num rows: 28798881 Data size: 3057234680 Basic stats: COMPLETE Column stats: NONE
                        value expressions: _col2 (type: decimal(7,2)), _col3 (type: decimal(7,2)), _col4 (type: decimal(7,2))
        Map 78 
            Map Operator Tree:
                TableScan
                  alias: store
                  Statistics: Num rows: 1704 Data size: 3256276 Basic stats: COMPLETE Column stats: NONE
                  Filter Operator
                    predicate: (s_store_sk is not null and s_store_name is not null and s_zip is not null) (type: boolean)
                    Statistics: Num rows: 1704 Data size: 3256276 Basic stats: COMPLETE Column stats: NONE
                    Select Operator
                      expressions: s_store_sk (type: int), s_store_name (type: string), s_zip (type: string)
                      outputColumnNames: _col0, _col1, _col2
                      Statistics: Num rows: 1704 Data size: 3256276 Basic stats: COMPLETE Column stats: NONE
                      Reduce Output Operator
                        key expressions: _col0 (type: int)
                        sort order: +
                        Map-reduce partition columns: _col0 (type: int)
                        Statistics: Num rows: 1704 Data size: 3256276 Basic stats: COMPLETE Column stats: NONE
                        value expressions: _col1 (type: string), _col2 (type: string)
        Map 79 
            Map Operator Tree:
                TableScan
                  alias: ad1
                  Statistics: Num rows: 40000000 Data size: 40595195284 Basic stats: COMPLETE Column stats: NONE
                  Filter Operator
                    predicate: ca_address_sk is not null (type: boolean)
                    Statistics: Num rows: 40000000 Data size: 40595195284 Basic stats: COMPLETE Column stats: NONE
                    Select Operator
                      expressions: ca_address_sk (type: int), ca_street_number (type: string), ca_street_name (type: string), ca_city (type: string), ca_zip (type: string)
                      outputColumnNames: _col0, _col1, _col2, _col3, _col4
                      Statistics: Num rows: 40000000 Data size: 40595195284 Basic stats: COMPLETE Column stats: NONE
                      Reduce Output Operator
                        key expressions: _col0 (type: int)
                        sort order: +
                        Map-reduce partition columns: _col0 (type: int)
                        Statistics: Num rows: 40000000 Data size: 40595195284 Basic stats: COMPLETE Column stats: NONE
                        value expressions: _col1 (type: string), _col2 (type: string), _col3 (type: string), _col4 (type: string)
        Map 80 
            Map Operator Tree:
                TableScan
                  alias: cd1
                  Statistics: Num rows: 1861800 Data size: 717186159 Basic stats: COMPLETE Column stats: NONE
                  Filter Operator
                    predicate: cd_demo_sk is not null (type: boolean)
                    Statistics: Num rows: 1861800 Data size: 717186159 Basic stats: COMPLETE Column stats: NONE
                    Select Operator
                      expressions: cd_demo_sk (type: int), cd_marital_status (type: string)
                      outputColumnNames: _col0, _col1
                      Statistics: Num rows: 1861800 Data size: 717186159 Basic stats: COMPLETE Column stats: NONE
                      Reduce Output Operator
                        key expressions: _col0 (type: int)
                        sort order: +
                        Map-reduce partition columns: _col0 (type: int)
                        Statistics: Num rows: 1861800 Data size: 717186159 Basic stats: COMPLETE Column stats: NONE
                        value expressions: _col1 (type: string)
        Reducer 10 
            Reduce Operator Tree:
              Merge Join Operator
                condition map:
                     Inner Join 0 to 1
                keys:
                  0 _col2 (type: string), _col1 (type: int), _col3 (type: string)
                  1 _col2 (type: string), _col1 (type: int), _col3 (type: string)
                outputColumnNames: _col0, _col2, _col3, _col4, _col5, _col6, _col7, _col8, _col9, _col10, _col11, _col13, _col14, _col15, _col16, _col30, _col31, _col32, _col33
                Statistics: Num rows: 821691577 Data size: 72489869689 Basic stats: COMPLETE Column stats: NONE
                Filter Operator
                  predicate: (_col30 <= _col13) (type: boolean)
                  Statistics: Num rows: 273897192 Data size: 24163289866 Basic stats: COMPLETE Column stats: NONE
                  Select Operator
                    expressions: _col0 (type: string), _col2 (type: string), _col3 (type: string), _col4 (type: string), _col5 (type: string), _col6 (type: string), _col7 (type: string), _col8 (type: string), _col9 (type: string), _col10 (type: string), _col11 (type: string), _col13 (type: bigint), _col14 (type: decimal(17,2)), _col15 (type: decimal(17,2)), _col16 (type: decimal(17,2)), _col31 (type: decimal(17,2)), _col32 (type: decimal(17,2)), _col33 (type: decimal(17,2)), _col30 (type: bigint)
                    outputColumnNames: _col0, _col1, _col2, _col3, _col4, _col5, _col6, _col7, _col8, _col9, _col10, _col12, _col13, _col14, _col15, _col16, _col17, _col18, _col20
                    Statistics: Num rows: 273897192 Data size: 24163289866 Basic stats: COMPLETE Column stats: NONE
                    Reduce Output Operator
                      key expressions: _col0 (type: string), _col1 (type: string), _col20 (type: bigint)
                      sort order: +++
                      Statistics: Num rows: 273897192 Data size: 24163289866 Basic stats: COMPLETE Column stats: NONE
                      value expressions: _col2 (type: string), _col3 (type: string), _col4 (type: string), _col5 (type: string), _col6 (type: string), _col7 (type: string), _col8 (type: string), _col9 (type: string), _col10 (type: string), _col12 (type: bigint), _col13 (type: decimal(17,2)), _col14 (type: decimal(17,2)), _col15 (type: decimal(17,2)), _col16 (type: decimal(17,2)), _col17 (type: decimal(17,2)), _col18 (type: decimal(17,2))
        Reducer 11 
            Reduce Operator Tree:
              Select Operator
                expressions: KEY.reducesinkkey0 (type: string), KEY.reducesinkkey1 (type: string), VALUE._col0 (type: string), VALUE._col1 (type: string), VALUE._col2 (type: string), VALUE._col3 (type: string), VALUE._col4 (type: string), VALUE._col5 (type: string), VALUE._col6 (type: string), VALUE._col7 (type: string), VALUE._col8 (type: string), 2000 (type: int), VALUE._col9 (type: bigint), VALUE._col10 (type: decimal(17,2)), VALUE._col11 (type: decimal(17,2)), VALUE._col12 (type: decimal(17,2)), VALUE._col13 (type: decimal(17,2)), VALUE._col14 (type: decimal(17,2)), VALUE._col15 (type: decimal(17,2)), 2001 (type: int), KEY.reducesinkkey2 (type: bigint)
                outputColumnNames: _col0, _col1, _col2, _col3, _col4, _col5, _col6, _col7, _col8, _col9, _col10, _col11, _col12, _col13, _col14, _col15, _col16, _col17, _col18, _col19, _col20
                Statistics: Num rows: 273897192 Data size: 24163289866 Basic stats: COMPLETE Column stats: NONE
                File Output Operator
                  compressed: false
                  Statistics: Num rows: 273897192 Data size: 24163289866 Basic stats: COMPLETE Column stats: NONE
                  table:
                      input format: org.apache.hadoop.mapred.SequenceFileInputFormat
                      output format: org.apache.hadoop.hive.ql.io.HiveSequenceFileOutputFormat
                      serde: org.apache.hadoop.hive.serde2.lazy.LazySimpleSerDe
        Reducer 15 
            Reduce Operator Tree:
              Merge Join Operator
                condition map:
                     Inner Join 0 to 1
                keys:
                  0 _col1 (type: int)
                  1 _col0 (type: int)
                outputColumnNames: _col0
                Statistics: Num rows: 7920 Data size: 847440 Basic stats: COMPLETE Column stats: NONE
                Reduce Output Operator
                  key expressions: _col0 (type: int)
                  sort order: +
                  Map-reduce partition columns: _col0 (type: int)
                  Statistics: Num rows: 7920 Data size: 847440 Basic stats: COMPLETE Column stats: NONE
        Reducer 2 
            Reduce Operator Tree:
              Merge Join Operator
                condition map:
                     Inner Join 0 to 1
                keys:
                  0 _col5 (type: int)
                  1 _col0 (type: int)
                outputColumnNames: _col0, _col1, _col2, _col3, _col4, _col7
                Statistics: Num rows: 88000001 Data size: 75681779077 Basic stats: COMPLETE Column stats: NONE
                Reduce Output Operator
                  key expressions: _col4 (type: int)
                  sort order: +
                  Map-reduce partition columns: _col4 (type: int)
                  Statistics: Num rows: 88000001 Data size: 75681779077 Basic stats: COMPLETE Column stats: NONE
                  value expressions: _col0 (type: int), _col1 (type: int), _col2 (type: int), _col3 (type: int), _col7 (type: int)
        Reducer 20 
            Reduce Operator Tree:
              Merge Join Operator
                condition map:
                     Inner Join 0 to 1
                keys:
                  0 _col1 (type: int)
                  1 _col0 (type: int)
                outputColumnNames: _col0
                Statistics: Num rows: 7920 Data size: 847440 Basic stats: COMPLETE Column stats: NONE
                Reduce Output Operator
                  key expressions: _col0 (type: int)
                  sort order: +
                  Map-reduce partition columns: _col0 (type: int)
                  Statistics: Num rows: 7920 Data size: 847440 Basic stats: COMPLETE Column stats: NONE
        Reducer 21 
            Reduce Operator Tree:
              Merge Join Operator
                condition map:
                     Inner Join 0 to 1
                keys:
                  0 _col0 (type: int)
                  1 _col9 (type: int)
                outputColumnNames: _col9, _col10, _col11, _col13, _col14, _col17, _col18, _col19, _col20, _col23
                Statistics: Num rows: 927646829 Data size: 81837272625 Basic stats: COMPLETE Column stats: NONE
                Reduce Output Operator
                  key expressions: _col9 (type: int)
                  sort order: +
                  Map-reduce partition columns: _col9 (type: int)
                  Statistics: Num rows: 927646829 Data size: 81837272625 Basic stats: COMPLETE Column stats: NONE
                  value expressions: _col10 (type: int), _col11 (type: int), _col13 (type: int), _col14 (type: int), _col17 (type: decimal(7,2)), _col18 (type: decimal(7,2)), _col19 (type: decimal(7,2)), _col20 (type: int), _col23 (type: string)
        Reducer 22 
            Reduce Operator Tree:
              Merge Join Operator
                condition map:
                     Inner Join 0 to 1
                keys:
                  0 _col9 (type: int)
                  1 _col0 (type: int)
                outputColumnNames: _col10, _col11, _col13, _col14, _col17, _col18, _col19, _col20, _col23
                Statistics: Num rows: 1020411534 Data size: 90021001838 Basic stats: COMPLETE Column stats: NONE
                Reduce Output Operator
                  key expressions: _col14 (type: int)
                  sort order: +
                  Map-reduce partition columns: _col14 (type: int)
                  Statistics: Num rows: 1020411534 Data size: 90021001838 Basic stats: COMPLETE Column stats: NONE
                  value expressions: _col10 (type: int), _col11 (type: int), _col13 (type: int), _col17 (type: decimal(7,2)), _col18 (type: decimal(7,2)), _col19 (type: decimal(7,2)), _col20 (type: int), _col23 (type: string)
        Reducer 23 
            Reduce Operator Tree:
              Merge Join Operator
                condition map:
                     Inner Join 0 to 1
                keys:
                  0 _col14 (type: int)
                  1 _col0 (type: int)
                outputColumnNames: _col10, _col11, _col13, _col17, _col18, _col19, _col20, _col23, _col28, _col29
                Statistics: Num rows: 1122452711 Data size: 99023104168 Basic stats: COMPLETE Column stats: NONE
                Reduce Output Operator
                  key expressions: _col13 (type: int)
                  sort order: +
                  Map-reduce partition columns: _col13 (type: int)
                  Statistics: Num rows: 1122452711 Data size: 99023104168 Basic stats: COMPLETE Column stats: NONE
                  value expressions: _col10 (type: int), _col11 (type: int), _col17 (type: decimal(7,2)), _col18 (type: decimal(7,2)), _col19 (type: decimal(7,2)), _col20 (type: int), _col23 (type: string), _col28 (type: string), _col29 (type: string)
        Reducer 24 
            Reduce Operator Tree:
              Merge Join Operator
                condition map:
                     Inner Join 0 to 1
                keys:
                  0 _col13 (type: int)
                  1 _col0 (type: int)
                outputColumnNames: _col10, _col11, _col17, _col18, _col19, _col20, _col23, _col28, _col29, _col31, _col32, _col33, _col34
                Statistics: Num rows: 1234698008 Data size: 108925416945 Basic stats: COMPLETE Column stats: NONE
                Select Operator
                  expressions: _col31 (type: string), _col32 (type: string), _col33 (type: string), _col34 (type: string), _col28 (type: string), _col29 (type: string), _col10 (type: int), _col11 (type: int), _col17 (type: decimal(7,2)), _col18 (type: decimal(7,2)), _col19 (type: decimal(7,2)), _col20 (type: int), _col23 (type: string)
                  outputColumnNames: _col1, _col2, _col3, _col4, _col6, _col7, _col18, _col19, _col25, _col26, _col27, _col28, _col31
                  Statistics: Num rows: 1234698008 Data size: 108925416945 Basic stats: COMPLETE Column stats: NONE
                  Reduce Output Operator
                    key expressions: _col18 (type: int)
                    sort order: +
                    Map-reduce partition columns: _col18 (type: int)
                    Statistics: Num rows: 1234698008 Data size: 108925416945 Basic stats: COMPLETE Column stats: NONE
                    value expressions: _col1 (type: string), _col2 (type: string), _col3 (type: string), _col4 (type: string), _col6 (type: string), _col7 (type: string), _col19 (type: int), _col25 (type: decimal(7,2)), _col26 (type: decimal(7,2)), _col27 (type: decimal(7,2)), _col28 (type: int), _col31 (type: string)
        Reducer 27 
            Reduce Operator Tree:
              Merge Join Operator
                condition map:
                     Inner Join 0 to 1
                keys:
                  0 _col1 (type: int)
                  1 _col0 (type: int)
                outputColumnNames: _col0, _col1, _col2, _col3, _col4, _col5, _col6, _col7, _col8, _col9, _col10, _col11, _col12, _col15
                Statistics: Num rows: 633595212 Data size: 55895953508 Basic stats: COMPLETE Column stats: NONE
                Reduce Output Operator
                  key expressions: _col1 (type: int), _col8 (type: int)
                  sort order: ++
                  Map-reduce partition columns: _col1 (type: int), _col8 (type: int)
                  Statistics: Num rows: 633595212 Data size: 55895953508 Basic stats: COMPLETE Column stats: NONE
                  value expressions: _col0 (type: int), _col2 (type: int), _col3 (type: int), _col4 (type: int), _col5 (type: int), _col6 (type: int), _col7 (type: int), _col9 (type: decimal(7,2)), _col10 (type: decimal(7,2)), _col11 (type: decimal(7,2)), _col12 (type: int), _col15 (type: string)
        Reducer 28 
            Reduce Operator Tree:
              Merge Join Operator
                condition map:
                     Inner Join 0 to 1
                keys:
                  0 _col1 (type: int), _col8 (type: int)
                  1 _col0 (type: int), _col1 (type: int)
                outputColumnNames: _col0, _col1, _col2, _col3, _col4, _col5, _col6, _col7, _col9, _col10, _col11, _col12, _col15
                Statistics: Num rows: 696954748 Data size: 61485550191 Basic stats: COMPLETE Column stats: NONE
                Reduce Output Operator
                  key expressions: _col0 (type: int)
                  sort order: +
                  Map-reduce partition columns: _col0 (type: int)
                  Statistics: Num rows: 696954748 Data size: 61485550191 Basic stats: COMPLETE Column stats: NONE
                  value expressions: _col1 (type: int), _col2 (type: int), _col3 (type: int), _col4 (type: int), _col5 (type: int), _col6 (type: int), _col7 (type: int), _col9 (type: decimal(7,2)), _col10 (type: decimal(7,2)), _col11 (type: decimal(7,2)), _col12 (type: int), _col15 (type: string)
        Reducer 29 
            Reduce Operator Tree:
              Merge Join Operator
                condition map:
                     Inner Join 0 to 1
                keys:
                  0 _col0 (type: int)
                  1 _col0 (type: int)
                outputColumnNames: _col1, _col2, _col3, _col4, _col5, _col6, _col7, _col9, _col10, _col11, _col12, _col15
                Statistics: Num rows: 766650239 Data size: 67634106676 Basic stats: COMPLETE Column stats: NONE
                Reduce Output Operator
                  key expressions: _col7 (type: int)
                  sort order: +
                  Map-reduce partition columns: _col7 (type: int)
                  Statistics: Num rows: 766650239 Data size: 67634106676 Basic stats: COMPLETE Column stats: NONE
                  value expressions: _col1 (type: int), _col2 (type: int), _col3 (type: int), _col4 (type: int), _col5 (type: int), _col6 (type: int), _col9 (type: decimal(7,2)), _col10 (type: decimal(7,2)), _col11 (type: decimal(7,2)), _col12 (type: int), _col15 (type: string)
        Reducer 3 
            Reduce Operator Tree:
              Merge Join Operator
                condition map:
                     Inner Join 0 to 1
                keys:
                  0 _col4 (type: int)
                  1 _col0 (type: int)
                outputColumnNames: _col0, _col1, _col2, _col3, _col7, _col9
                Statistics: Num rows: 96800003 Data size: 83249958789 Basic stats: COMPLETE Column stats: NONE
                Reduce Output Operator
                  key expressions: _col2 (type: int)
                  sort order: +
                  Map-reduce partition columns: _col2 (type: int)
                  Statistics: Num rows: 96800003 Data size: 83249958789 Basic stats: COMPLETE Column stats: NONE
                  value expressions: _col0 (type: int), _col1 (type: int), _col3 (type: int), _col7 (type: int), _col9 (type: int)
        Reducer 30 
            Reduce Operator Tree:
              Merge Join Operator
                condition map:
                     Inner Join 0 to 1
                keys:
                  0 _col7 (type: int)
                  1 _col0 (type: int)
                outputColumnNames: _col1, _col2, _col3, _col4, _col5, _col6, _col9, _col10, _col11, _col12, _col15
                Statistics: Num rows: 843315281 Data size: 74397518956 Basic stats: COMPLETE Column stats: NONE
                Select Operator
                  expressions: _col1 (type: int), _col2 (type: int), _col3 (type: int), _col4 (type: int), _col5 (type: int), _col6 (type: int), _col9 (type: decimal(7,2)), _col10 (type: decimal(7,2)), _col11 (type: decimal(7,2)), _col12 (type: int), _col15 (type: string)
                  outputColumnNames: _col6, _col7, _col8, _col9, _col10, _col11, _col14, _col15, _col16, _col17, _col20
                  Statistics: Num rows: 843315281 Data size: 74397518956 Basic stats: COMPLETE Column stats: NONE
                  Reduce Output Operator
                    key expressions: _col9 (type: int)
                    sort order: +
                    Map-reduce partition columns: _col9 (type: int)
                    Statistics: Num rows: 843315281 Data size: 74397518956 Basic stats: COMPLETE Column stats: NONE
                    value expressions: _col6 (type: int), _col7 (type: int), _col8 (type: int), _col10 (type: int), _col11 (type: int), _col14 (type: decimal(7,2)), _col15 (type: decimal(7,2)), _col16 (type: decimal(7,2)), _col17 (type: int), _col20 (type: string)
        Reducer 36 
            Reduce Operator Tree:
              Merge Join Operator
                condition map:
                     Inner Join 0 to 1
                keys:
                  0 _col0 (type: int), _col1 (type: int)
                  1 _col0 (type: int), _col1 (type: int)
                outputColumnNames: _col0, _col2, _col5, _col6, _col7
                Statistics: Num rows: 316788826 Data size: 42899570777 Basic stats: COMPLETE Column stats: NONE
                Select Operator
                  expressions: _col0 (type: int), _col2 (type: decimal(7,2)), ((_col5 + _col6) + _col7) (type: decimal(9,2))
                  outputColumnNames: _col0, _col1, _col2
                  Statistics: Num rows: 316788826 Data size: 42899570777 Basic stats: COMPLETE Column stats: NONE
                  Group By Operator
                    aggregations: sum(_col1), sum(_col2)
                    keys: _col0 (type: int)
                    mode: hash
                    outputColumnNames: _col0, _col1, _col2
                    Statistics: Num rows: 316788826 Data size: 42899570777 Basic stats: COMPLETE Column stats: NONE
                    Reduce Output Operator
                      key expressions: _col0 (type: int)
                      sort order: +
                      Map-reduce partition columns: _col0 (type: int)
                      Statistics: Num rows: 316788826 Data size: 42899570777 Basic stats: COMPLETE Column stats: NONE
                      value expressions: _col1 (type: decimal(17,2)), _col2 (type: decimal(19,2))
        Reducer 37 
            Reduce Operator Tree:
              Group By Operator
                aggregations: sum(VALUE._col0), sum(VALUE._col1)
                keys: KEY._col0 (type: int)
                mode: mergepartial
                outputColumnNames: _col0, _col1, _col2
                Statistics: Num rows: 158394413 Data size: 21449785388 Basic stats: COMPLETE Column stats: NONE
                Filter Operator
                  predicate: (_col1 > (2 * _col2)) (type: boolean)
                  Statistics: Num rows: 52798137 Data size: 7149928372 Basic stats: COMPLETE Column stats: NONE
                  Select Operator
                    expressions: _col0 (type: int)
                    outputColumnNames: _col0
                    Statistics: Num rows: 52798137 Data size: 7149928372 Basic stats: COMPLETE Column stats: NONE
                    Reduce Output Operator
                      key expressions: _col0 (type: int)
                      sort order: +
                      Map-reduce partition columns: _col0 (type: int)
                      Statistics: Num rows: 52798137 Data size: 7149928372 Basic stats: COMPLETE Column stats: NONE
        Reducer 4 
            Reduce Operator Tree:
              Merge Join Operator
                condition map:
                     Inner Join 0 to 1
                keys:
                  0 _col2 (type: int)
                  1 _col0 (type: int)
                outputColumnNames: _col0, _col1, _col3, _col7, _col9
                Statistics: Num rows: 106480005 Data size: 91574956652 Basic stats: COMPLETE Column stats: NONE
                Reduce Output Operator
                  key expressions: _col3 (type: int)
                  sort order: +
                  Map-reduce partition columns: _col3 (type: int)
                  Statistics: Num rows: 106480005 Data size: 91574956652 Basic stats: COMPLETE Column stats: NONE
                  value expressions: _col0 (type: int), _col1 (type: int), _col7 (type: int), _col9 (type: int)
        Reducer 43 
            Reduce Operator Tree:
              Merge Join Operator
                condition map:
                     Inner Join 0 to 1
                keys:
                  0 _col5 (type: int)
                  1 _col0 (type: int)
                outputColumnNames: _col0, _col1, _col2, _col3, _col4, _col7
                Statistics: Num rows: 88000001 Data size: 75681779077 Basic stats: COMPLETE Column stats: NONE
                Reduce Output Operator
                  key expressions: _col4 (type: int)
                  sort order: +
                  Map-reduce partition columns: _col4 (type: int)
                  Statistics: Num rows: 88000001 Data size: 75681779077 Basic stats: COMPLETE Column stats: NONE
                  value expressions: _col0 (type: int), _col1 (type: int), _col2 (type: int), _col3 (type: int), _col7 (type: int)
        Reducer 44 
            Reduce Operator Tree:
              Merge Join Operator
                condition map:
                     Inner Join 0 to 1
                keys:
                  0 _col4 (type: int)
                  1 _col0 (type: int)
                outputColumnNames: _col0, _col1, _col2, _col3, _col7, _col9
                Statistics: Num rows: 96800003 Data size: 83249958789 Basic stats: COMPLETE Column stats: NONE
                Reduce Output Operator
                  key expressions: _col2 (type: int)
                  sort order: +
                  Map-reduce partition columns: _col2 (type: int)
                  Statistics: Num rows: 96800003 Data size: 83249958789 Basic stats: COMPLETE Column stats: NONE
                  value expressions: _col0 (type: int), _col1 (type: int), _col3 (type: int), _col7 (type: int), _col9 (type: int)
        Reducer 45 
            Reduce Operator Tree:
              Merge Join Operator
                condition map:
                     Inner Join 0 to 1
                keys:
                  0 _col2 (type: int)
                  1 _col0 (type: int)
                outputColumnNames: _col0, _col1, _col3, _col7, _col9
                Statistics: Num rows: 106480005 Data size: 91574956652 Basic stats: COMPLETE Column stats: NONE
                Reduce Output Operator
                  key expressions: _col3 (type: int)
                  sort order: +
                  Map-reduce partition columns: _col3 (type: int)
                  Statistics: Num rows: 106480005 Data size: 91574956652 Basic stats: COMPLETE Column stats: NONE
                  value expressions: _col0 (type: int), _col1 (type: int), _col7 (type: int), _col9 (type: int)
        Reducer 46 
            Reduce Operator Tree:
              Merge Join Operator
                condition map:
                     Inner Join 0 to 1
                keys:
                  0 _col3 (type: int)
                  1 _col0 (type: int)
                outputColumnNames: _col0, _col1, _col7, _col9, _col14, _col15, _col16, _col17
                Statistics: Num rows: 117128008 Data size: 100732454500 Basic stats: COMPLETE Column stats: NONE
                Reduce Output Operator
                  key expressions: _col1 (type: int)
                  sort order: +
                  Map-reduce partition columns: _col1 (type: int)
                  Statistics: Num rows: 117128008 Data size: 100732454500 Basic stats: COMPLETE Column stats: NONE
                  value expressions: _col0 (type: int), _col7 (type: int), _col9 (type: int), _col14 (type: string), _col15 (type: string), _col16 (type: string), _col17 (type: string)
        Reducer 47 
            Reduce Operator Tree:
              Merge Join Operator
                condition map:
                     Inner Join 0 to 1
                keys:
                  0 _col1 (type: int)
                  1 _col0 (type: int)
                outputColumnNames: _col0, _col7, _col9, _col14, _col15, _col16, _col17, _col19
                Statistics: Num rows: 128840811 Data size: 110805702351 Basic stats: COMPLETE Column stats: NONE
                Reduce Output Operator
                  key expressions: _col0 (type: int)
                  sort order: +
                  Map-reduce partition columns: _col0 (type: int)
                  Statistics: Num rows: 128840811 Data size: 110805702351 Basic stats: COMPLETE Column stats: NONE
                  value expressions: _col7 (type: int), _col9 (type: int), _col14 (type: string), _col15 (type: string), _col16 (type: string), _col17 (type: string), _col19 (type: string)
        Reducer 48 
            Reduce Operator Tree:
              Merge Join Operator
                condition map:
                     Inner Join 0 to 1
                keys:
                  0 _col0 (type: int)
                  1 _col18 (type: int)
                outputColumnNames: _col7, _col9, _col14, _col15, _col16, _col17, _col19, _col21, _col22, _col23, _col24, _col26, _col27, _col39, _col45, _col46, _col47, _col48, _col51
                Statistics: Num rows: 1358167838 Data size: 119817961236 Basic stats: COMPLETE Column stats: NONE
                Reduce Output Operator
                  key expressions: _col39 (type: int)
                  sort order: +
                  Map-reduce partition columns: _col39 (type: int)
                  Statistics: Num rows: 1358167838 Data size: 119817961236 Basic stats: COMPLETE Column stats: NONE
                  value expressions: _col7 (type: int), _col9 (type: int), _col14 (type: string), _col15 (type: string), _col16 (type: string), _col17 (type: string), _col19 (type: string), _col21 (type: string), _col22 (type: string), _col23 (type: string), _col24 (type: string), _col26 (type: string), _col27 (type: string), _col45 (type: decimal(7,2)), _col46 (type: decimal(7,2)), _col47 (type: decimal(7,2)), _col48 (type: int), _col51 (type: string)
        Reducer 49 
            Reduce Operator Tree:
              Merge Join Operator
                condition map:
                     Inner Join 0 to 1
                keys:
                  0 _col39 (type: int)
                  1 _col0 (type: int)
                outputColumnNames: _col7, _col9, _col14, _col15, _col16, _col17, _col19, _col21, _col22, _col23, _col24, _col26, _col27, _col45, _col46, _col47, _col48, _col51, _col56
                Statistics: Num rows: 1493984654 Data size: 131799760216 Basic stats: COMPLETE Column stats: NONE
                Filter Operator
                  predicate: (_col56 <> _col19) (type: boolean)
                  Statistics: Num rows: 1493984654 Data size: 131799760216 Basic stats: COMPLETE Column stats: NONE
                  Select Operator
                    expressions: _col7 (type: int), _col9 (type: int), _col14 (type: string), _col15 (type: string), _col16 (type: string), _col17 (type: string), _col21 (type: string), _col22 (type: string), _col23 (type: string), _col24 (type: string), _col26 (type: string), _col27 (type: string), _col45 (type: decimal(7,2)), _col46 (type: decimal(7,2)), _col47 (type: decimal(7,2)), _col48 (type: int), _col51 (type: string)
                    outputColumnNames: _col7, _col9, _col14, _col15, _col16, _col17, _col21, _col22, _col23, _col24, _col26, _col27, _col45, _col46, _col47, _col48, _col51
                    Statistics: Num rows: 1493984654 Data size: 131799760216 Basic stats: COMPLETE Column stats: NONE
                    Group By Operator
                      aggregations: count(), sum(_col45), sum(_col46), sum(_col47)
                      keys: _col26 (type: string), _col48 (type: int), _col27 (type: string), _col7 (type: int), _col9 (type: int), _col14 (type: string), _col15 (type: string), _col16 (type: string), _col17 (type: string), _col21 (type: string), _col22 (type: string), _col23 (type: string), _col24 (type: string), _col51 (type: string)
                      mode: hash
                      outputColumnNames: _col0, _col1, _col2, _col3, _col4, _col5, _col6, _col7, _col8, _col9, _col10, _col11, _col12, _col13, _col14, _col15, _col16, _col17
                      Statistics: Num rows: 1493984654 Data size: 131799760216 Basic stats: COMPLETE Column stats: NONE
                      Reduce Output Operator
                        key expressions: _col0 (type: string), _col1 (type: int), _col2 (type: string), _col3 (type: int), _col4 (type: int), _col5 (type: string), _col6 (type: string), _col7 (type: string), _col8 (type: string), _col9 (type: string), _col10 (type: string), _col11 (type: string), _col12 (type: string), _col13 (type: string)
                        sort order: ++++++++++++++
                        Map-reduce partition columns: _col0 (type: string), _col1 (type: int), _col2 (type: string), _col3 (type: int), _col4 (type: int), _col5 (type: string), _col6 (type: string), _col7 (type: string), _col8 (type: string), _col9 (type: string), _col10 (type: string), _col11 (type: string), _col12 (type: string), _col13 (type: string)
                        Statistics: Num rows: 1493984654 Data size: 131799760216 Basic stats: COMPLETE Column stats: NONE
                        value expressions: _col14 (type: bigint), _col15 (type: decimal(17,2)), _col16 (type: decimal(17,2)), _col17 (type: decimal(17,2))
        Reducer 5 
            Reduce Operator Tree:
              Merge Join Operator
                condition map:
                     Inner Join 0 to 1
                keys:
                  0 _col3 (type: int)
                  1 _col0 (type: int)
                outputColumnNames: _col0, _col1, _col7, _col9, _col14, _col15, _col16, _col17
                Statistics: Num rows: 117128008 Data size: 100732454500 Basic stats: COMPLETE Column stats: NONE
                Reduce Output Operator
                  key expressions: _col1 (type: int)
                  sort order: +
                  Map-reduce partition columns: _col1 (type: int)
                  Statistics: Num rows: 117128008 Data size: 100732454500 Basic stats: COMPLETE Column stats: NONE
                  value expressions: _col0 (type: int), _col7 (type: int), _col9 (type: int), _col14 (type: string), _col15 (type: string), _col16 (type: string), _col17 (type: string)
        Reducer 50 
            Reduce Operator Tree:
              Group By Operator
                aggregations: count(VALUE._col0), sum(VALUE._col1), sum(VALUE._col2), sum(VALUE._col3)
                keys: KEY._col0 (type: string), KEY._col1 (type: int), KEY._col2 (type: string), KEY._col3 (type: int), KEY._col4 (type: int), KEY._col5 (type: string), KEY._col6 (type: string), KEY._col7 (type: string), KEY._col8 (type: string), KEY._col9 (type: string), KEY._col10 (type: string), KEY._col11 (type: string), KEY._col12 (type: string), KEY._col13 (type: string)
                mode: mergepartial
                outputColumnNames: _col0, _col1, _col2, _col3, _col4, _col5, _col6, _col7, _col8, _col9, _col10, _col11, _col12, _col13, _col14, _col15, _col16, _col17
                Statistics: Num rows: 746992327 Data size: 65899880108 Basic stats: COMPLETE Column stats: NONE
                Select Operator
                  expressions: _col1 (type: int), _col0 (type: string), _col2 (type: string), _col14 (type: bigint), _col15 (type: decimal(17,2)), _col16 (type: decimal(17,2)), _col17 (type: decimal(17,2))
                  outputColumnNames: _col1, _col2, _col3, _col13, _col14, _col15, _col16
                  Statistics: Num rows: 746992327 Data size: 65899880108 Basic stats: COMPLETE Column stats: NONE
                  Reduce Output Operator
                    key expressions: _col2 (type: string), _col1 (type: int), _col3 (type: string)
                    sort order: +++
                    Map-reduce partition columns: _col2 (type: string), _col1 (type: int), _col3 (type: string)
                    Statistics: Num rows: 746992327 Data size: 65899880108 Basic stats: COMPLETE Column stats: NONE
                    value expressions: _col13 (type: bigint), _col14 (type: decimal(17,2)), _col15 (type: decimal(17,2)), _col16 (type: decimal(17,2))
        Reducer 54 
            Reduce Operator Tree:
              Merge Join Operator
                condition map:
                     Inner Join 0 to 1
                keys:
                  0 _col1 (type: int)
                  1 _col0 (type: int)
                outputColumnNames: _col0
                Statistics: Num rows: 7920 Data size: 847440 Basic stats: COMPLETE Column stats: NONE
                Reduce Output Operator
                  key expressions: _col0 (type: int)
                  sort order: +
                  Map-reduce partition columns: _col0 (type: int)
                  Statistics: Num rows: 7920 Data size: 847440 Basic stats: COMPLETE Column stats: NONE
        Reducer 59 
            Reduce Operator Tree:
              Merge Join Operator
                condition map:
                     Inner Join 0 to 1
                keys:
                  0 _col1 (type: int)
                  1 _col0 (type: int)
                outputColumnNames: _col0
                Statistics: Num rows: 7920 Data size: 847440 Basic stats: COMPLETE Column stats: NONE
                Reduce Output Operator
                  key expressions: _col0 (type: int)
                  sort order: +
                  Map-reduce partition columns: _col0 (type: int)
                  Statistics: Num rows: 7920 Data size: 847440 Basic stats: COMPLETE Column stats: NONE
        Reducer 6 
            Reduce Operator Tree:
              Merge Join Operator
                condition map:
                     Inner Join 0 to 1
                keys:
                  0 _col1 (type: int)
                  1 _col0 (type: int)
                outputColumnNames: _col0, _col7, _col9, _col14, _col15, _col16, _col17, _col19
                Statistics: Num rows: 128840811 Data size: 110805702351 Basic stats: COMPLETE Column stats: NONE
                Reduce Output Operator
                  key expressions: _col0 (type: int)
                  sort order: +
                  Map-reduce partition columns: _col0 (type: int)
                  Statistics: Num rows: 128840811 Data size: 110805702351 Basic stats: COMPLETE Column stats: NONE
                  value expressions: _col7 (type: int), _col9 (type: int), _col14 (type: string), _col15 (type: string), _col16 (type: string), _col17 (type: string), _col19 (type: string)
        Reducer 60 
            Reduce Operator Tree:
              Merge Join Operator
                condition map:
                     Inner Join 0 to 1
                keys:
                  0 _col0 (type: int)
                  1 _col9 (type: int)
                outputColumnNames: _col9, _col10, _col11, _col13, _col14, _col17, _col18, _col19, _col20, _col23
                Statistics: Num rows: 927646829 Data size: 81837272625 Basic stats: COMPLETE Column stats: NONE
                Reduce Output Operator
                  key expressions: _col9 (type: int)
                  sort order: +
                  Map-reduce partition columns: _col9 (type: int)
                  Statistics: Num rows: 927646829 Data size: 81837272625 Basic stats: COMPLETE Column stats: NONE
                  value expressions: _col10 (type: int), _col11 (type: int), _col13 (type: int), _col14 (type: int), _col17 (type: decimal(7,2)), _col18 (type: decimal(7,2)), _col19 (type: decimal(7,2)), _col20 (type: int), _col23 (type: string)
        Reducer 61 
            Reduce Operator Tree:
              Merge Join Operator
                condition map:
                     Inner Join 0 to 1
                keys:
                  0 _col9 (type: int)
                  1 _col0 (type: int)
                outputColumnNames: _col10, _col11, _col13, _col14, _col17, _col18, _col19, _col20, _col23
                Statistics: Num rows: 1020411534 Data size: 90021001838 Basic stats: COMPLETE Column stats: NONE
                Reduce Output Operator
                  key expressions: _col14 (type: int)
                  sort order: +
                  Map-reduce partition columns: _col14 (type: int)
                  Statistics: Num rows: 1020411534 Data size: 90021001838 Basic stats: COMPLETE Column stats: NONE
                  value expressions: _col10 (type: int), _col11 (type: int), _col13 (type: int), _col17 (type: decimal(7,2)), _col18 (type: decimal(7,2)), _col19 (type: decimal(7,2)), _col20 (type: int), _col23 (type: string)
        Reducer 62 
            Reduce Operator Tree:
              Merge Join Operator
                condition map:
                     Inner Join 0 to 1
                keys:
                  0 _col14 (type: int)
                  1 _col0 (type: int)
                outputColumnNames: _col10, _col11, _col13, _col17, _col18, _col19, _col20, _col23, _col28, _col29
                Statistics: Num rows: 1122452711 Data size: 99023104168 Basic stats: COMPLETE Column stats: NONE
                Reduce Output Operator
                  key expressions: _col13 (type: int)
                  sort order: +
                  Map-reduce partition columns: _col13 (type: int)
                  Statistics: Num rows: 1122452711 Data size: 99023104168 Basic stats: COMPLETE Column stats: NONE
                  value expressions: _col10 (type: int), _col11 (type: int), _col17 (type: decimal(7,2)), _col18 (type: decimal(7,2)), _col19 (type: decimal(7,2)), _col20 (type: int), _col23 (type: string), _col28 (type: string), _col29 (type: string)
        Reducer 63 
            Reduce Operator Tree:
              Merge Join Operator
                condition map:
                     Inner Join 0 to 1
                keys:
                  0 _col13 (type: int)
                  1 _col0 (type: int)
                outputColumnNames: _col10, _col11, _col17, _col18, _col19, _col20, _col23, _col28, _col29, _col31, _col32, _col33, _col34
                Statistics: Num rows: 1234698008 Data size: 108925416945 Basic stats: COMPLETE Column stats: NONE
                Select Operator
                  expressions: _col31 (type: string), _col32 (type: string), _col33 (type: string), _col34 (type: string), _col28 (type: string), _col29 (type: string), _col10 (type: int), _col11 (type: int), _col17 (type: decimal(7,2)), _col18 (type: decimal(7,2)), _col19 (type: decimal(7,2)), _col20 (type: int), _col23 (type: string)
                  outputColumnNames: _col1, _col2, _col3, _col4, _col6, _col7, _col18, _col19, _col25, _col26, _col27, _col28, _col31
                  Statistics: Num rows: 1234698008 Data size: 108925416945 Basic stats: COMPLETE Column stats: NONE
                  Reduce Output Operator
                    key expressions: _col18 (type: int)
                    sort order: +
                    Map-reduce partition columns: _col18 (type: int)
                    Statistics: Num rows: 1234698008 Data size: 108925416945 Basic stats: COMPLETE Column stats: NONE
                    value expressions: _col1 (type: string), _col2 (type: string), _col3 (type: string), _col4 (type: string), _col6 (type: string), _col7 (type: string), _col19 (type: int), _col25 (type: decimal(7,2)), _col26 (type: decimal(7,2)), _col27 (type: decimal(7,2)), _col28 (type: int), _col31 (type: string)
        Reducer 66 
            Reduce Operator Tree:
              Merge Join Operator
                condition map:
                     Inner Join 0 to 1
                keys:
                  0 _col1 (type: int)
                  1 _col0 (type: int)
                outputColumnNames: _col0, _col1, _col2, _col3, _col4, _col5, _col6, _col7, _col8, _col9, _col10, _col11, _col12, _col15
                Statistics: Num rows: 633595212 Data size: 55895953508 Basic stats: COMPLETE Column stats: NONE
                Reduce Output Operator
                  key expressions: _col1 (type: int), _col8 (type: int)
                  sort order: ++
                  Map-reduce partition columns: _col1 (type: int), _col8 (type: int)
                  Statistics: Num rows: 633595212 Data size: 55895953508 Basic stats: COMPLETE Column stats: NONE
                  value expressions: _col0 (type: int), _col2 (type: int), _col3 (type: int), _col4 (type: int), _col5 (type: int), _col6 (type: int), _col7 (type: int), _col9 (type: decimal(7,2)), _col10 (type: decimal(7,2)), _col11 (type: decimal(7,2)), _col12 (type: int), _col15 (type: string)
        Reducer 67 
            Reduce Operator Tree:
              Merge Join Operator
                condition map:
                     Inner Join 0 to 1
                keys:
                  0 _col1 (type: int), _col8 (type: int)
                  1 _col0 (type: int), _col1 (type: int)
                outputColumnNames: _col0, _col1, _col2, _col3, _col4, _col5, _col6, _col7, _col9, _col10, _col11, _col12, _col15
                Statistics: Num rows: 696954748 Data size: 61485550191 Basic stats: COMPLETE Column stats: NONE
                Reduce Output Operator
                  key expressions: _col0 (type: int)
                  sort order: +
                  Map-reduce partition columns: _col0 (type: int)
                  Statistics: Num rows: 696954748 Data size: 61485550191 Basic stats: COMPLETE Column stats: NONE
                  value expressions: _col1 (type: int), _col2 (type: int), _col3 (type: int), _col4 (type: int), _col5 (type: int), _col6 (type: int), _col7 (type: int), _col9 (type: decimal(7,2)), _col10 (type: decimal(7,2)), _col11 (type: decimal(7,2)), _col12 (type: int), _col15 (type: string)
        Reducer 68 
            Reduce Operator Tree:
              Merge Join Operator
                condition map:
                     Inner Join 0 to 1
                keys:
                  0 _col0 (type: int)
                  1 _col0 (type: int)
                outputColumnNames: _col1, _col2, _col3, _col4, _col5, _col6, _col7, _col9, _col10, _col11, _col12, _col15
                Statistics: Num rows: 766650239 Data size: 67634106676 Basic stats: COMPLETE Column stats: NONE
                Reduce Output Operator
                  key expressions: _col7 (type: int)
                  sort order: +
                  Map-reduce partition columns: _col7 (type: int)
                  Statistics: Num rows: 766650239 Data size: 67634106676 Basic stats: COMPLETE Column stats: NONE
                  value expressions: _col1 (type: int), _col2 (type: int), _col3 (type: int), _col4 (type: int), _col5 (type: int), _col6 (type: int), _col9 (type: decimal(7,2)), _col10 (type: decimal(7,2)), _col11 (type: decimal(7,2)), _col12 (type: int), _col15 (type: string)
        Reducer 69 
            Reduce Operator Tree:
              Merge Join Operator
                condition map:
                     Inner Join 0 to 1
                keys:
                  0 _col7 (type: int)
                  1 _col0 (type: int)
                outputColumnNames: _col1, _col2, _col3, _col4, _col5, _col6, _col9, _col10, _col11, _col12, _col15
                Statistics: Num rows: 843315281 Data size: 74397518956 Basic stats: COMPLETE Column stats: NONE
                Select Operator
                  expressions: _col1 (type: int), _col2 (type: int), _col3 (type: int), _col4 (type: int), _col5 (type: int), _col6 (type: int), _col9 (type: decimal(7,2)), _col10 (type: decimal(7,2)), _col11 (type: decimal(7,2)), _col12 (type: int), _col15 (type: string)
                  outputColumnNames: _col6, _col7, _col8, _col9, _col10, _col11, _col14, _col15, _col16, _col17, _col20
                  Statistics: Num rows: 843315281 Data size: 74397518956 Basic stats: COMPLETE Column stats: NONE
                  Reduce Output Operator
                    key expressions: _col9 (type: int)
                    sort order: +
                    Map-reduce partition columns: _col9 (type: int)
                    Statistics: Num rows: 843315281 Data size: 74397518956 Basic stats: COMPLETE Column stats: NONE
                    value expressions: _col6 (type: int), _col7 (type: int), _col8 (type: int), _col10 (type: int), _col11 (type: int), _col14 (type: decimal(7,2)), _col15 (type: decimal(7,2)), _col16 (type: decimal(7,2)), _col17 (type: int), _col20 (type: string)
        Reducer 7 
            Reduce Operator Tree:
              Merge Join Operator
                condition map:
                     Inner Join 0 to 1
                keys:
                  0 _col0 (type: int)
                  1 _col18 (type: int)
                outputColumnNames: _col7, _col9, _col14, _col15, _col16, _col17, _col19, _col21, _col22, _col23, _col24, _col26, _col27, _col39, _col45, _col46, _col47, _col48, _col51
                Statistics: Num rows: 1358167838 Data size: 119817961236 Basic stats: COMPLETE Column stats: NONE
                Reduce Output Operator
                  key expressions: _col39 (type: int)
                  sort order: +
                  Map-reduce partition columns: _col39 (type: int)
                  Statistics: Num rows: 1358167838 Data size: 119817961236 Basic stats: COMPLETE Column stats: NONE
                  value expressions: _col7 (type: int), _col9 (type: int), _col14 (type: string), _col15 (type: string), _col16 (type: string), _col17 (type: string), _col19 (type: string), _col21 (type: string), _col22 (type: string), _col23 (type: string), _col24 (type: string), _col26 (type: string), _col27 (type: string), _col45 (type: decimal(7,2)), _col46 (type: decimal(7,2)), _col47 (type: decimal(7,2)), _col48 (type: int), _col51 (type: string)
        Reducer 75 
            Reduce Operator Tree:
              Merge Join Operator
                condition map:
                     Inner Join 0 to 1
                keys:
                  0 _col0 (type: int), _col1 (type: int)
                  1 _col0 (type: int), _col1 (type: int)
                outputColumnNames: _col0, _col2, _col5, _col6, _col7
                Statistics: Num rows: 316788826 Data size: 42899570777 Basic stats: COMPLETE Column stats: NONE
                Select Operator
                  expressions: _col0 (type: int), _col2 (type: decimal(7,2)), ((_col5 + _col6) + _col7) (type: decimal(9,2))
                  outputColumnNames: _col0, _col1, _col2
                  Statistics: Num rows: 316788826 Data size: 42899570777 Basic stats: COMPLETE Column stats: NONE
                  Group By Operator
                    aggregations: sum(_col1), sum(_col2)
                    keys: _col0 (type: int)
                    mode: hash
                    outputColumnNames: _col0, _col1, _col2
                    Statistics: Num rows: 316788826 Data size: 42899570777 Basic stats: COMPLETE Column stats: NONE
                    Reduce Output Operator
                      key expressions: _col0 (type: int)
                      sort order: +
                      Map-reduce partition columns: _col0 (type: int)
                      Statistics: Num rows: 316788826 Data size: 42899570777 Basic stats: COMPLETE Column stats: NONE
                      value expressions: _col1 (type: decimal(17,2)), _col2 (type: decimal(19,2))
        Reducer 76 
            Reduce Operator Tree:
              Group By Operator
                aggregations: sum(VALUE._col0), sum(VALUE._col1)
                keys: KEY._col0 (type: int)
                mode: mergepartial
                outputColumnNames: _col0, _col1, _col2
                Statistics: Num rows: 158394413 Data size: 21449785388 Basic stats: COMPLETE Column stats: NONE
                Filter Operator
                  predicate: (_col1 > (2 * _col2)) (type: boolean)
                  Statistics: Num rows: 52798137 Data size: 7149928372 Basic stats: COMPLETE Column stats: NONE
                  Select Operator
                    expressions: _col0 (type: int)
                    outputColumnNames: _col0
                    Statistics: Num rows: 52798137 Data size: 7149928372 Basic stats: COMPLETE Column stats: NONE
                    Reduce Output Operator
                      key expressions: _col0 (type: int)
                      sort order: +
                      Map-reduce partition columns: _col0 (type: int)
                      Statistics: Num rows: 52798137 Data size: 7149928372 Basic stats: COMPLETE Column stats: NONE
        Reducer 8 
            Reduce Operator Tree:
              Merge Join Operator
                condition map:
                     Inner Join 0 to 1
                keys:
                  0 _col39 (type: int)
                  1 _col0 (type: int)
                outputColumnNames: _col7, _col9, _col14, _col15, _col16, _col17, _col19, _col21, _col22, _col23, _col24, _col26, _col27, _col45, _col46, _col47, _col48, _col51, _col56
                Statistics: Num rows: 1493984654 Data size: 131799760216 Basic stats: COMPLETE Column stats: NONE
                Filter Operator
                  predicate: (_col56 <> _col19) (type: boolean)
                  Statistics: Num rows: 1493984654 Data size: 131799760216 Basic stats: COMPLETE Column stats: NONE
                  Select Operator
                    expressions: _col7 (type: int), _col9 (type: int), _col14 (type: string), _col15 (type: string), _col16 (type: string), _col17 (type: string), _col21 (type: string), _col22 (type: string), _col23 (type: string), _col24 (type: string), _col26 (type: string), _col27 (type: string), _col45 (type: decimal(7,2)), _col46 (type: decimal(7,2)), _col47 (type: decimal(7,2)), _col48 (type: int), _col51 (type: string)
                    outputColumnNames: _col7, _col9, _col14, _col15, _col16, _col17, _col21, _col22, _col23, _col24, _col26, _col27, _col45, _col46, _col47, _col48, _col51
                    Statistics: Num rows: 1493984654 Data size: 131799760216 Basic stats: COMPLETE Column stats: NONE
                    Group By Operator
                      aggregations: count(), sum(_col45), sum(_col46), sum(_col47)
                      keys: _col26 (type: string), _col48 (type: int), _col27 (type: string), _col7 (type: int), _col9 (type: int), _col14 (type: string), _col15 (type: string), _col16 (type: string), _col17 (type: string), _col21 (type: string), _col22 (type: string), _col23 (type: string), _col24 (type: string), _col51 (type: string)
                      mode: hash
                      outputColumnNames: _col0, _col1, _col2, _col3, _col4, _col5, _col6, _col7, _col8, _col9, _col10, _col11, _col12, _col13, _col14, _col15, _col16, _col17
                      Statistics: Num rows: 1493984654 Data size: 131799760216 Basic stats: COMPLETE Column stats: NONE
                      Reduce Output Operator
                        key expressions: _col0 (type: string), _col1 (type: int), _col2 (type: string), _col3 (type: int), _col4 (type: int), _col5 (type: string), _col6 (type: string), _col7 (type: string), _col8 (type: string), _col9 (type: string), _col10 (type: string), _col11 (type: string), _col12 (type: string), _col13 (type: string)
                        sort order: ++++++++++++++
                        Map-reduce partition columns: _col0 (type: string), _col1 (type: int), _col2 (type: string), _col3 (type: int), _col4 (type: int), _col5 (type: string), _col6 (type: string), _col7 (type: string), _col8 (type: string), _col9 (type: string), _col10 (type: string), _col11 (type: string), _col12 (type: string), _col13 (type: string)
                        Statistics: Num rows: 1493984654 Data size: 131799760216 Basic stats: COMPLETE Column stats: NONE
                        value expressions: _col14 (type: bigint), _col15 (type: decimal(17,2)), _col16 (type: decimal(17,2)), _col17 (type: decimal(17,2))
        Reducer 9 
            Reduce Operator Tree:
              Group By Operator
                aggregations: count(VALUE._col0), sum(VALUE._col1), sum(VALUE._col2), sum(VALUE._col3)
                keys: KEY._col0 (type: string), KEY._col1 (type: int), KEY._col2 (type: string), KEY._col3 (type: int), KEY._col4 (type: int), KEY._col5 (type: string), KEY._col6 (type: string), KEY._col7 (type: string), KEY._col8 (type: string), KEY._col9 (type: string), KEY._col10 (type: string), KEY._col11 (type: string), KEY._col12 (type: string), KEY._col13 (type: string)
                mode: mergepartial
                outputColumnNames: _col0, _col1, _col2, _col3, _col4, _col5, _col6, _col7, _col8, _col9, _col10, _col11, _col12, _col13, _col14, _col15, _col16, _col17
                Statistics: Num rows: 746992327 Data size: 65899880108 Basic stats: COMPLETE Column stats: NONE
                Select Operator
                  expressions: _col13 (type: string), _col1 (type: int), _col0 (type: string), _col2 (type: string), _col9 (type: string), _col10 (type: string), _col11 (type: string), _col12 (type: string), _col5 (type: string), _col6 (type: string), _col7 (type: string), _col8 (type: string), _col14 (type: bigint), _col15 (type: decimal(17,2)), _col16 (type: decimal(17,2)), _col17 (type: decimal(17,2))
                  outputColumnNames: _col0, _col1, _col2, _col3, _col4, _col5, _col6, _col7, _col8, _col9, _col10, _col11, _col13, _col14, _col15, _col16
                  Statistics: Num rows: 746992327 Data size: 65899880108 Basic stats: COMPLETE Column stats: NONE
                  Reduce Output Operator
                    key expressions: _col2 (type: string), _col1 (type: int), _col3 (type: string)
                    sort order: +++
                    Map-reduce partition columns: _col2 (type: string), _col1 (type: int), _col3 (type: string)
                    Statistics: Num rows: 746992327 Data size: 65899880108 Basic stats: COMPLETE Column stats: NONE
                    value expressions: _col0 (type: string), _col4 (type: string), _col5 (type: string), _col6 (type: string), _col7 (type: string), _col8 (type: string), _col9 (type: string), _col10 (type: string), _col11 (type: string), _col13 (type: bigint), _col14 (type: decimal(17,2)), _col15 (type: decimal(17,2)), _col16 (type: decimal(17,2))

  Stage: Stage-0
    Fetch Operator
      limit: -1
      Processor Tree:
        ListSink

